<?xml version="1.0" encoding="utf-8"?><testsuites name="pytest tests"><testsuite name="pytest" errors="0" failures="0" skipped="0" tests="18" time="2.743" timestamp="2026-02-21T04:37:31.822464+00:00" hostname="agent-env-89f6fba3-2930-4ed4-afa0-00bc508b78be"><testcase classname="backend.tests.test_close_wizard.TestLowStockAlert" name="test_low_stock_returns_200" time="0.465" /><testcase classname="backend.tests.test_close_wizard.TestLowStockAlert" name="test_low_stock_returns_list" time="0.112" /><testcase classname="backend.tests.test_close_wizard.TestLowStockAlert" name="test_low_stock_item_structure" time="0.108" /><testcase classname="backend.tests.test_close_wizard.TestLowStockAlert" name="test_low_stock_out_of_stock_sorted_first" time="0.122" /><testcase classname="backend.tests.test_close_wizard.TestLowStockAlert" name="test_low_stock_no_branch_returns_empty_or_200" time="0.159" /><testcase classname="backend.tests.test_close_wizard.TestSupplierPayables" name="test_supplier_payables_returns_200" time="0.108" /><testcase classname="backend.tests.test_close_wizard.TestSupplierPayables" name="test_supplier_payables_returns_list" time="0.118" /><testcase classname="backend.tests.test_close_wizard.TestSupplierPayables" name="test_supplier_payables_item_structure" time="0.109" /><testcase classname="backend.tests.test_close_wizard.TestSupplierPayables" name="test_supplier_payables_overdue_sorted_first" time="0.113" /><testcase classname="backend.tests.test_close_wizard.TestSupplierPayables" name="test_supplier_payables_all_branches" time="0.376" /><testcase classname="backend.tests.test_close_wizard.TestDailyClosePreview" name="test_preview_returns_200" time="0.114" /><testcase classname="backend.tests.test_close_wizard.TestDailyClosePreview" name="test_preview_structure" time="0.110" /><testcase classname="backend.tests.test_close_wizard.TestDailyLog" name="test_daily_log_returns_200" time="0.102" /><testcase classname="backend.tests.test_close_wizard.TestDailyLog" name="test_daily_log_structure" time="0.106" /><testcase classname="backend.tests.test_close_wizard.TestDailyCloseStatus" name="test_close_status_returns_200" time="0.114" /><testcase classname="backend.tests.test_close_wizard.TestDailyCloseStatus" name="test_close_status_open_or_closed" time="0.115" /><testcase classname="backend.tests.test_close_wizard.TestManagerPinVerification" name="test_verify_pin_valid" time="0.113" /><testcase classname="backend.tests.test_close_wizard.TestManagerPinVerification" name="test_verify_pin_invalid" time="0.111" /></testsuite></testsuites>