<?xml version="1.0" encoding="utf-8"?><testsuites name="pytest tests"><testsuite name="pytest" errors="0" failures="0" skipped="0" tests="17" time="2.468" timestamp="2026-02-21T03:22:47.295766+00:00" hostname="agent-env-89f6fba3-2930-4ed4-afa0-00bc508b78be"><testcase classname="backend.tests.test_permissions_toggle_fix.TestPermissionModules" name="test_modules_returns_dict" time="0.551" /><testcase classname="backend.tests.test_permissions_toggle_fix.TestPermissionModules" name="test_expected_modules_present" time="0.052" /><testcase classname="backend.tests.test_permissions_toggle_fix.TestPermissionModules" name="test_count_sheets_module_has_correct_actions" time="0.058" /><testcase classname="backend.tests.test_permissions_toggle_fix.TestPermissionModules" name="test_each_module_has_label_and_actions" time="0.056" /><testcase classname="backend.tests.test_permissions_toggle_fix.TestPermissionPresets" name="test_presets_return_expected_roles" time="0.057" /><testcase classname="backend.tests.test_permissions_toggle_fix.TestPermissionPresets" name="test_cashier_preset_limited_permissions" time="0.080" /><testcase classname="backend.tests.test_permissions_toggle_fix.TestPutUserPermissions" name="test_put_permissions_returns_200" time="0.158" /><testcase classname="backend.tests.test_permissions_toggle_fix.TestPutUserPermissions" name="test_toggle_permission_on_saves_correctly" time="0.185" /><testcase classname="backend.tests.test_permissions_toggle_fix.TestPutUserPermissions" name="test_toggle_permission_off_saves_correctly" time="0.214" /><testcase classname="backend.tests.test_permissions_toggle_fix.TestPutUserPermissions" name="test_permission_preset_set_to_custom_after_put" time="0.172" /><testcase classname="backend.tests.test_permissions_toggle_fix.TestPutUserPermissions" name="test_multiple_module_permissions_saved_atomically" time="0.256" /><testcase classname="backend.tests.test_permissions_toggle_fix.TestGetUserPermissions" name="test_get_permissions_structure" time="0.067" /><testcase classname="backend.tests.test_permissions_toggle_fix.TestGetUserPermissions" name="test_users_list_endpoint" time="0.069" /><testcase classname="backend.tests.test_permissions_toggle_fix.TestGetUserPermissions" name="test_unauthenticated_access_denied" time="0.122" /><testcase classname="backend.tests.test_permissions_toggle_fix.TestApplyPreset" name="test_apply_manager_preset_and_verify" time="0.178" /><testcase classname="backend.tests.test_permissions_toggle_fix.TestApplyPreset" name="test_revert_to_cashier_preset" time="0.052" /><testcase classname="backend.tests.test_permissions_toggle_fix.TestApplyPreset" name="test_invalid_preset_returns_400" time="0.058" /></testsuite></testsuites>