<?xml version="1.0" encoding="utf-8"?><testsuites name="pytest tests"><testsuite name="pytest" errors="0" failures="0" skipped="10" tests="12" time="3.093" timestamp="2026-02-26T07:33:54.928359+00:00" hostname="agent-env-0e741350-1072-4de2-84c1-06ccde79ca06"><testcase classname="tests.test_unified_pin_verification.TestPublicVerifyWithManagerPin" name="test_public_verify_with_manager_pin_success" time="0.450"><skipped type="pytest.skip" message="No POs available for testing">/app/backend/tests/test_unified_pin_verification.py:70: No POs available for testing</skipped></testcase><testcase classname="tests.test_unified_pin_verification.TestPublicVerifyWithManagerPin" name="test_public_verify_with_wrong_pin_fails" time="0.000"><skipped type="pytest.skip" message="No POs available for testing">/app/backend/tests/test_unified_pin_verification.py:88: No POs available for testing</skipped></testcase><testcase classname="tests.test_unified_pin_verification.TestPublicVerifyWithManagerPin" name="test_public_verify_doc_not_found" time="0.108" /><testcase classname="tests.test_unified_pin_verification.TestPublicVerifyWithManagerPin" name="test_public_verify_invalid_doc_type" time="0.105" /><testcase classname="tests.test_unified_pin_verification.TestAuthenticatedVerifyWithManagerPin" name="test_authenticated_verify_with_manager_pin" time="0.437"><skipped type="pytest.skip" message="No POs available">/app/backend/tests/test_unified_pin_verification.py:136: No POs available</skipped></testcase><testcase classname="tests.test_unified_pin_verification.TestAuthenticatedVerifyWithManagerPin" name="test_authenticated_verify_requires_auth" time="0.000"><skipped type="pytest.skip" message="No POs available">/app/backend/tests/test_unified_pin_verification.py:150: No POs available</skipped></testcase><testcase classname="tests.test_unified_pin_verification.TestPOMarkReviewed" name="test_mark_reviewed_with_manager_pin" time="0.417"><skipped type="pytest.skip" message="No POs available">/app/backend/tests/test_unified_pin_verification.py:175: No POs available</skipped></testcase><testcase classname="tests.test_unified_pin_verification.TestPOMarkReviewed" name="test_mark_reviewed_with_wrong_pin_fails" time="0.000"><skipped type="pytest.skip" message="No POs available">/app/backend/tests/test_unified_pin_verification.py:190: No POs available</skipped></testcase><testcase classname="tests.test_unified_pin_verification.TestUploadsMarkReviewed" name="test_uploads_mark_reviewed_with_manager_pin" time="0.430"><skipped type="pytest.skip" message="No branch transfers available">/app/backend/tests/test_unified_pin_verification.py:218: No branch transfers available</skipped></testcase><testcase classname="tests.test_unified_pin_verification.TestPublicVerifySetsReceiptStatus" name="test_public_verify_sets_receipt_review_status" time="0.438"><skipped type="pytest.skip" message="Cannot get POs">/app/backend/tests/test_unified_pin_verification.py:258: Cannot get POs</skipped></testcase><testcase classname="tests.test_unified_pin_verification.TestAllDocumentTypes" name="test_expense_public_verify" time="0.322"><skipped type="pytest.skip" message="Cannot login">/app/backend/tests/test_unified_pin_verification.py:301: Cannot login</skipped></testcase><testcase classname="tests.test_unified_pin_verification.TestAllDocumentTypes" name="test_branch_transfer_public_verify" time="0.330"><skipped type="pytest.skip" message="Cannot login">/app/backend/tests/test_unified_pin_verification.py:326: Cannot login</skipped></testcase></testsuite></testsuites>