<?xml version="1.0" encoding="utf-8"?><testsuites name="pytest tests"><testsuite name="pytest" errors="0" failures="1" skipped="0" tests="28" time="4.213" timestamp="2026-02-21T06:07:45.170491+00:00" hostname="agent-env-89f6fba3-2930-4ed4-afa0-00bc508b78be"><testcase classname="backend.tests.test_dashboard_redesign.TestDashboardStats" name="test_stats_returns_200" time="0.527" /><testcase classname="backend.tests.test_dashboard_redesign.TestDashboardStats" name="test_stats_has_today_date" time="0.126" /><testcase classname="backend.tests.test_dashboard_redesign.TestDashboardStats" name="test_stats_has_day_of_week" time="0.109" /><testcase classname="backend.tests.test_dashboard_redesign.TestDashboardStats" name="test_stats_has_today_cash_sales" time="0.127" /><testcase classname="backend.tests.test_dashboard_redesign.TestDashboardStats" name="test_stats_has_ar_aging" time="0.125" /><testcase classname="backend.tests.test_dashboard_redesign.TestDashboardStats" name="test_stats_has_credit_customers_today" time="0.171" /><testcase classname="backend.tests.test_dashboard_redesign.TestDashboardStats" name="test_stats_has_cashier_balance" time="0.118" /><testcase classname="backend.tests.test_dashboard_redesign.TestDashboardStats" name="test_stats_has_safe_balance" time="0.115" /><testcase classname="backend.tests.test_dashboard_redesign.TestDashboardStats" name="test_stats_has_last_close_date" time="0.109" /><testcase classname="backend.tests.test_dashboard_redesign.TestDashboardStats" name="test_stats_has_top_debtors" time="0.104" /><testcase classname="backend.tests.test_dashboard_redesign.TestDashboardStats" name="test_stats_has_today_ar_collected" time="0.124" /><testcase classname="backend.tests.test_dashboard_redesign.TestDashboardStats" name="test_stats_has_recent_ar_payments" time="0.119" /><testcase classname="backend.tests.test_dashboard_redesign.TestDashboardStats" name="test_stats_has_low_stock_count" time="0.143" /><testcase classname="backend.tests.test_dashboard_redesign.TestDashboardStats" name="test_stats_branch_filter" time="0.252" /><testcase classname="backend.tests.test_dashboard_redesign.TestDashboardBranchSummary" name="test_branch_summary_returns_200" time="0.132" /><testcase classname="backend.tests.test_dashboard_redesign.TestDashboardBranchSummary" name="test_branch_summary_has_branches_list" time="0.121" /><testcase classname="backend.tests.test_dashboard_redesign.TestDashboardBranchSummary" name="test_branch_summary_has_totals" time="0.118" /><testcase classname="backend.tests.test_dashboard_redesign.TestDashboardBranchSummary" name="test_branch_summary_each_branch_has_new_credit" time="0.133" /><testcase classname="backend.tests.test_dashboard_redesign.TestDashboardBranchSummary" name="test_branch_summary_each_branch_has_ar_collected_today" time="0.127" /><testcase classname="backend.tests.test_dashboard_redesign.TestDashboardBranchSummary" name="test_branch_summary_each_branch_has_last_close_date" time="0.116" /><testcase classname="backend.tests.test_dashboard_redesign.TestDashboardBranchSummary" name="test_branch_summary_each_branch_has_cash_sales" time="0.119" /><testcase classname="backend.tests.test_dashboard_redesign.TestDailyClosePOST" name="test_daily_close_preview_has_credit_sales_today" time="0.109" /><testcase classname="backend.tests.test_dashboard_redesign.TestDailyClosePOST" name="test_daily_close_preview_has_total_credit_today" time="0.106" /><testcase classname="backend.tests.test_dashboard_redesign.TestZReportArchive" name="test_get_daily_close_archive_has_new_credit_fields" time="0.230"><failure message="AssertionError: Z-report missing 'credit_sales_today'&#10;assert 'credit_sales_today' in {'actual_cash': 7700.0, 'branch_id': 'da114e26-fd00-467f-8728-6b8047a244b5', 'cash_to_drawer': 2700.0, 'cash_to_safe': 5000.0, ...}">backend/tests/test_dashboard_redesign.py:277: in test_get_daily_close_archive_has_new_credit_fields
    assert "credit_sales_today" in data, "Z-report missing 'credit_sales_today'"
E   AssertionError: Z-report missing 'credit_sales_today'
E   assert 'credit_sales_today' in {'actual_cash': 7700.0, 'branch_id': 'da114e26-fd00-467f-8728-6b8047a244b5', 'cash_to_drawer': 2700.0, 'cash_to_safe': 5000.0, ...}</failure></testcase><testcase classname="backend.tests.test_dashboard_redesign.TestCustomerSearchForARPayment" name="test_customers_search_returns_results" time="0.109" /><testcase classname="backend.tests.test_dashboard_redesign.TestCustomerSearchForARPayment" name="test_invoices_search_by_customer_id" time="0.220" /><testcase classname="backend.tests.test_dashboard_redesign.TestPurchaseOrderUnpaidSummary" name="test_unpaid_summary_returns_200" time="0.107" /><testcase classname="backend.tests.test_dashboard_redesign.TestPurchaseOrderUnpaidSummary" name="test_unpaid_summary_has_categories" time="0.114" /></testsuite></testsuites>