<?xml version="1.0" encoding="utf-8"?><testsuites name="pytest tests"><testsuite name="pytest" errors="0" failures="0" skipped="0" tests="10" time="5.597" timestamp="2026-03-13T05:22:29.222731+00:00" hostname="agent-env-f05903b6-5439-4854-a927-e73d516a32d1"><testcase classname="backend.tests.test_kiosk_budget_checker_109.TestKioskPINVerification" name="test_verify_manager_pin_kiosk_unlock_valid" time="0.726" /><testcase classname="backend.tests.test_kiosk_budget_checker_109.TestKioskPINVerification" name="test_verify_manager_pin_kiosk_cost_reveal_valid" time="0.672" /><testcase classname="backend.tests.test_kiosk_budget_checker_109.TestKioskPINVerification" name="test_verify_manager_pin_kiosk_unlock_invalid" time="0.660" /><testcase classname="backend.tests.test_kiosk_budget_checker_109.TestKioskPINVerification" name="test_verify_manager_pin_kiosk_cost_reveal_invalid" time="0.635" /><testcase classname="backend.tests.test_kiosk_budget_checker_109.TestKioskPINVerification" name="test_verify_manager_pin_no_pin" time="0.441" /><testcase classname="backend.tests.test_kiosk_budget_checker_109.TestProductSearchForKiosk" name="test_product_search_detail_endpoint" time="0.463" /><testcase classname="backend.tests.test_kiosk_budget_checker_109.TestProductSearchForKiosk" name="test_product_search_detail_with_branch" time="0.539" /><testcase classname="backend.tests.test_kiosk_budget_checker_109.TestProductSearchForKiosk" name="test_barcode_lookup_endpoint" time="0.516" /><testcase classname="backend.tests.test_kiosk_budget_checker_109.TestProductSearchForKiosk" name="test_barcode_lookup_not_found" time="0.422" /><testcase classname="backend.tests.test_kiosk_budget_checker_109.TestPINPoliciesForKiosk" name="test_verify_api_me_endpoint" time="0.425" /></testsuite></testsuites>