<?xml version="1.0" encoding="utf-8"?><testsuites name="pytest tests"><testsuite name="pytest" errors="0" failures="0" skipped="0" tests="17" time="1.725" timestamp="2026-02-24T09:34:28.671722+00:00" hostname="agent-env-6ac3e5e2-9613-422d-b6e9-8f192747e9ab"><testcase classname="backend.tests.test_repack_pricing_transfer.TestProductLookupRepacks" name="test_product_lookup_returns_repacks_array" time="0.463" /><testcase classname="backend.tests.test_repack_pricing_transfer.TestProductLookupRepacks" name="test_repack_has_required_fields" time="0.000" /><testcase classname="backend.tests.test_repack_pricing_transfer.TestProductLookupRepacks" name="test_repack_capital_per_repack_computed_correctly" time="0.000" /><testcase classname="backend.tests.test_repack_pricing_transfer.TestProductLookupRepacks" name="test_repack_units_per_parent_matches_info" time="0.000" /><testcase classname="backend.tests.test_repack_pricing_transfer.TestProductLookupRepacks" name="test_repack_current_dest_retail_present" time="0.000" /><testcase classname="backend.tests.test_repack_pricing_transfer.TestProductLookupRepacks" name="test_product_lookup_no_repacks_for_is_repack_products" time="0.054" /><testcase classname="backend.tests.test_repack_pricing_transfer.TestCreateTransferWithRepackPricing" name="test_create_transfer_with_repack_price_updates" time="0.062" /><testcase classname="backend.tests.test_repack_pricing_transfer.TestCreateTransferWithRepackPricing" name="test_get_created_transfer_has_repack_price_updates" time="0.055" /><testcase classname="backend.tests.test_repack_pricing_transfer.TestCreateTransferWithRepackPricing" name="test_update_transfer_saves_repack_price_updates" time="0.115" /><testcase classname="backend.tests.test_repack_pricing_transfer.TestReceiveWithRepackPricing" name="test_create_transfer_for_receive" time="0.057" /><testcase classname="backend.tests.test_repack_pricing_transfer.TestReceiveWithRepackPricing" name="test_send_transfer_before_receive" time="0.053" /><testcase classname="backend.tests.test_repack_pricing_transfer.TestReceiveWithRepackPricing" name="test_receive_transfer_applies_repack_price_updates" time="0.059" /><testcase classname="backend.tests.test_repack_pricing_transfer.TestReceiveWithRepackPricing" name="test_branch_prices_updated_at_destination" time="0.066" /><testcase classname="backend.tests.test_repack_pricing_transfer.TestRepackPriceBlankNoChange" name="test_create_transfer_blank_repack_price" time="0.159" /><testcase classname="backend.tests.test_repack_pricing_transfer.TestRepackPriceBlankNoChange" name="test_zero_price_not_applied" time="0.161" /><testcase classname="backend.tests.test_repack_pricing_transfer.TestReceiveResponseStructure" name="test_receive_response_has_required_fields" time="0.174" /><testcase classname="backend.tests.test_repack_pricing_transfer.TestReceiveResponseStructure" name="test_repack_prices_applied_entry_structure" time="0.196" /></testsuite></testsuites>