<?xml version="1.0" encoding="utf-8"?><testsuites name="pytest tests"><testsuite name="pytest" errors="0" failures="0" skipped="0" tests="29" time="2.258" timestamp="2026-02-24T05:59:07.971495+00:00" hostname="agent-env-6ac3e5e2-9613-422d-b6e9-8f192747e9ab"><testcase classname="backend.tests.test_audit_money_stock_fixes.TestPOCancelBlocked" name="test_cancel_received_po_returns_400" time="0.601" /><testcase classname="backend.tests.test_audit_money_stock_fixes.TestPOCancelBlocked" name="test_cancel_nonexistent_po_returns_404" time="0.055" /><testcase classname="backend.tests.test_audit_money_stock_fixes.TestPOReopenPaymentReversal" name="test_reopen_cash_po_includes_payment_reversal_message" time="0.078" /><testcase classname="backend.tests.test_audit_money_stock_fixes.TestPOReopenPaymentReversal" name="test_reopen_terms_po_includes_payable_voided_message" time="0.067" /><testcase classname="backend.tests.test_audit_money_stock_fixes.TestPOReopenPaymentReversal" name="test_reopen_nonexistent_po_returns_404" time="0.053" /><testcase classname="backend.tests.test_audit_money_stock_fixes.TestPOEditBalance" name="test_edit_po_balance_recalculated_from_amount_paid" time="0.051" /><testcase classname="backend.tests.test_audit_money_stock_fixes.TestPOEditBalance" name="test_edit_po_balance_zero_when_overpaid" time="0.057" /><testcase classname="backend.tests.test_audit_money_stock_fixes.TestBranchTransferCancelBlocked" name="test_cancel_received_pending_transfer_returns_400" time="0.049" /><testcase classname="backend.tests.test_audit_money_stock_fixes.TestBranchTransferCancelBlocked" name="test_cancel_nonexistent_transfer_returns_404" time="0.052" /><testcase classname="backend.tests.test_audit_money_stock_fixes.TestReturnsVoid" name="test_void_return_with_wrong_pin_returns_401" time="0.064" /><testcase classname="backend.tests.test_audit_money_stock_fixes.TestReturnsVoid" name="test_void_return_nonexistent_returns_404" time="0.048" /><testcase classname="backend.tests.test_audit_money_stock_fixes.TestReturnsVoid" name="test_void_return_missing_pin_returns_400" time="0.056" /><testcase classname="backend.tests.test_audit_money_stock_fixes.TestEmployeeAdvanceReverse" name="test_reverse_employee_advance_wrong_pin_returns_401" time="0.051" /><testcase classname="backend.tests.test_audit_money_stock_fixes.TestEmployeeAdvanceReverse" name="test_reverse_employee_advance_missing_pin_returns_400" time="0.048" /><testcase classname="backend.tests.test_audit_money_stock_fixes.TestEmployeeAdvanceReverse" name="test_reverse_employee_advance_nonexistent_correct_pin_returns_404" time="0.063" /><testcase classname="backend.tests.test_audit_money_stock_fixes.TestCustomerCashoutReverse" name="test_reverse_customer_cashout_wrong_pin_returns_401" time="0.050" /><testcase classname="backend.tests.test_audit_money_stock_fixes.TestCustomerCashoutReverse" name="test_reverse_customer_cashout_missing_pin_returns_400" time="0.049" /><testcase classname="backend.tests.test_audit_money_stock_fixes.TestCustomerCashoutReverse" name="test_reverse_customer_cashout_nonexistent_correct_pin_returns_404" time="0.053" /><testcase classname="backend.tests.test_audit_money_stock_fixes.TestInvoicePaymentVoid" name="test_void_invoice_payment_wrong_pin_returns_401" time="0.047" /><testcase classname="backend.tests.test_audit_money_stock_fixes.TestInvoicePaymentVoid" name="test_void_invoice_payment_missing_pin_returns_400" time="0.047" /><testcase classname="backend.tests.test_audit_money_stock_fixes.TestInvoicePaymentVoid" name="test_void_nonexistent_invoice_returns_404" time="0.049" /><testcase classname="backend.tests.test_audit_money_stock_fixes.TestInvoicePaymentVoid" name="test_void_invoice_nonexistent_payment_returns_404" time="0.056" /><testcase classname="backend.tests.test_audit_money_stock_fixes.TestExpenseDelete" name="test_delete_nonexistent_expense_returns_404" time="0.053" /><testcase classname="backend.tests.test_audit_money_stock_fixes.TestExpenseDelete" name="test_delete_already_voided_expense_returns_400" time="0.051" /><testcase classname="backend.tests.test_audit_money_stock_fixes.TestEndpointRegistration" name="test_reopen_endpoint_exists" time="0.051" /><testcase classname="backend.tests.test_audit_money_stock_fixes.TestEndpointRegistration" name="test_void_return_endpoint_exists" time="0.052" /><testcase classname="backend.tests.test_audit_money_stock_fixes.TestEndpointRegistration" name="test_employee_advance_reverse_endpoint_exists" time="0.050" /><testcase classname="backend.tests.test_audit_money_stock_fixes.TestEndpointRegistration" name="test_customer_cashout_reverse_endpoint_exists" time="0.048" /><testcase classname="backend.tests.test_audit_money_stock_fixes.TestEndpointRegistration" name="test_invoice_void_payment_endpoint_exists" time="0.052" /></testsuite></testsuites>