<?xml version="1.0" encoding="utf-8"?><testsuites name="pytest tests"><testsuite name="pytest" errors="0" failures="0" skipped="0" tests="53" time="5.824" timestamp="2026-02-22T09:40:17.069535+00:00" hostname="agent-env-cb82ccbf-fca7-4e78-a6b3-227eaced9c5a"><testcase classname="backend.tests.test_po_redesign.TestListPurchaseOrders" name="test_list_returns_200" time="0.541" /><testcase classname="backend.tests.test_po_redesign.TestListPurchaseOrders" name="test_list_returns_purchase_orders_and_total" time="0.101" /><testcase classname="backend.tests.test_po_redesign.TestListPurchaseOrders" name="test_list_each_po_has_required_fields" time="0.119" /><testcase classname="backend.tests.test_po_redesign.TestListPurchaseOrders" name="test_list_with_limit_param" time="0.135" /><testcase classname="backend.tests.test_po_redesign.TestListPurchaseOrders" name="test_list_with_status_filter_draft" time="0.129" /><testcase classname="backend.tests.test_po_redesign.TestListPurchaseOrders" name="test_list_with_status_filter_received" time="0.140" /><testcase classname="backend.tests.test_po_redesign.TestListPurchaseOrders" name="test_list_without_auth_returns_401" time="0.104" /><testcase classname="backend.tests.test_po_redesign.TestFundBalances" name="test_fund_balances_returns_200" time="0.102" /><testcase classname="backend.tests.test_po_redesign.TestFundBalances" name="test_fund_balances_has_cashier_and_safe" time="0.102" /><testcase classname="backend.tests.test_po_redesign.TestFundBalances" name="test_fund_balances_are_numeric" time="0.106" /><testcase classname="backend.tests.test_po_redesign.TestFundBalances" name="test_fund_balances_without_branch_returns_200" time="0.094" /><testcase classname="backend.tests.test_po_redesign.TestFundBalances" name="test_fund_balances_without_auth_returns_401" time="0.095" /><testcase classname="backend.tests.test_po_redesign.TestCreateDraftPO" name="test_draft_po_has_status_draft" time="0.109" /><testcase classname="backend.tests.test_po_redesign.TestCreateDraftPO" name="test_draft_po_has_po_type_draft" time="0.000" /><testcase classname="backend.tests.test_po_redesign.TestCreateDraftPO" name="test_draft_po_payment_status_unpaid" time="0.000" /><testcase classname="backend.tests.test_po_redesign.TestCreateDraftPO" name="test_draft_po_amount_paid_zero" time="0.000" /><testcase classname="backend.tests.test_po_redesign.TestCreateDraftPO" name="test_draft_po_dr_number_stored" time="0.000" /><testcase classname="backend.tests.test_po_redesign.TestCreateDraftPO" name="test_draft_po_grand_total_correct" time="0.000" /><testcase classname="backend.tests.test_po_redesign.TestCreateDraftPO" name="test_draft_po_appears_in_list" time="0.106" /><testcase classname="backend.tests.test_po_redesign.TestCreateDraftPO" name="test_draft_po_in_draft_filter" time="0.195" /><testcase classname="backend.tests.test_po_redesign.TestCreateTermsPO" name="test_terms_po_status_is_received" time="0.107" /><testcase classname="backend.tests.test_po_redesign.TestCreateTermsPO" name="test_terms_po_type_is_terms" time="0.000" /><testcase classname="backend.tests.test_po_redesign.TestCreateTermsPO" name="test_terms_po_payment_status_unpaid" time="0.000" /><testcase classname="backend.tests.test_po_redesign.TestCreateTermsPO" name="test_terms_po_balance_equals_grand_total" time="0.000" /><testcase classname="backend.tests.test_po_redesign.TestCreateTermsPO" name="test_terms_po_terms_days_stored" time="0.000" /><testcase classname="backend.tests.test_po_redesign.TestCreateTermsPO" name="test_terms_po_terms_label_stored" time="0.000" /><testcase classname="backend.tests.test_po_redesign.TestCreateTermsPO" name="test_terms_po_dr_number_stored" time="0.000" /><testcase classname="backend.tests.test_po_redesign.TestCreateTermsPO" name="test_terms_po_ap_created" time="0.107" /><testcase classname="backend.tests.test_po_redesign.TestCreateTermsPO" name="test_terms_po_appears_in_received_filter" time="0.200" /><testcase classname="backend.tests.test_po_redesign.TestCreateCashPO" name="test_cash_po_status_is_received" time="0.110" /><testcase classname="backend.tests.test_po_redesign.TestCreateCashPO" name="test_cash_po_type_is_cash" time="0.000" /><testcase classname="backend.tests.test_po_redesign.TestCreateCashPO" name="test_cash_po_payment_status_paid" time="0.000" /><testcase classname="backend.tests.test_po_redesign.TestCreateCashPO" name="test_cash_po_balance_is_zero" time="0.000" /><testcase classname="backend.tests.test_po_redesign.TestCreateCashPO" name="test_cash_po_amount_paid_equals_grand_total" time="0.000" /><testcase classname="backend.tests.test_po_redesign.TestCreateCashPO" name="test_cash_po_dr_number_stored" time="0.000" /><testcase classname="backend.tests.test_po_redesign.TestCreateCashPO" name="test_cash_po_has_po_number" time="0.000" /><testcase classname="backend.tests.test_po_redesign.TestCreateCashPO" name="test_cash_po_appears_in_received_filter" time="0.203" /><testcase classname="backend.tests.test_po_redesign.TestPODiscounts" name="test_line_discount_amount_type" time="0.205" /><testcase classname="backend.tests.test_po_redesign.TestPODiscounts" name="test_line_discount_percent_type" time="0.202" /><testcase classname="backend.tests.test_po_redesign.TestPODiscounts" name="test_overall_discount_amount" time="0.218" /><testcase classname="backend.tests.test_po_redesign.TestPODiscounts" name="test_overall_discount_percent" time="0.210" /><testcase classname="backend.tests.test_po_redesign.TestPOFreightAndVAT" name="test_po_with_freight" time="0.187" /><testcase classname="backend.tests.test_po_redesign.TestPOFreightAndVAT" name="test_po_with_vat" time="0.201" /><testcase classname="backend.tests.test_po_redesign.TestPOFreightAndVAT" name="test_po_with_freight_and_vat" time="0.195" /><testcase classname="backend.tests.test_po_redesign.TestInsufficientFunds" name="test_cash_po_insufficient_cashier_returns_400" time="0.114" /><testcase classname="backend.tests.test_po_redesign.TestInsufficientFunds" name="test_cash_po_insufficient_safe_returns_400" time="0.106" /><testcase classname="backend.tests.test_po_redesign.TestBackwardCompatibility" name="test_legacy_credit_payment_method" time="0.225" /><testcase classname="backend.tests.test_po_redesign.TestDRNumberField" name="test_dr_number_stored_on_draft" time="0.206" /><testcase classname="backend.tests.test_po_redesign.TestDRNumberField" name="test_dr_number_in_list_response" time="0.313" /><testcase classname="backend.tests.test_po_redesign.TestByVendor" name="test_by_vendor_returns_200" time="0.100" /><testcase classname="backend.tests.test_po_redesign.TestByVendor" name="test_by_vendor_returns_list" time="0.103" /><testcase classname="backend.tests.test_po_redesign.TestByVendor" name="test_by_vendor_all_pos_match_vendor" time="0.111" /><testcase classname="backend.tests.test_po_redesign.TestByVendor" name="test_by_vendor_nonexistent_returns_empty_list" time="0.105" /></testsuite></testsuites>