<?xml version="1.0" encoding="utf-8"?><testsuites name="pytest tests"><testsuite name="pytest" errors="0" failures="0" skipped="0" tests="23" time="12.670" timestamp="2026-03-19T07:03:59.784484+00:00" hostname="agent-env-0d47693c-80ce-41d5-9041-24432904ee05"><testcase classname="backend.tests.test_documents_api_138.TestDocumentCategories" name="test_get_categories_returns_6_categories" time="0.619" /><testcase classname="backend.tests.test_documents_api_138.TestDocumentCategories" name="test_categories_have_correct_structure" time="0.104" /><testcase classname="backend.tests.test_documents_api_138.TestDocumentCategories" name="test_bir_category_has_monthly_subcategories" time="0.105" /><testcase classname="backend.tests.test_documents_api_138.TestDocumentCategories" name="test_employer_compliance_has_contribution_types" time="0.102" /><testcase classname="backend.tests.test_documents_api_138.TestDocumentCategories" name="test_agrivet_category_is_audit_sensitive" time="0.137" /><testcase classname="backend.tests.test_documents_api_138.TestDocumentUpload" name="test_upload_document_with_file" time="2.684" /><testcase classname="backend.tests.test_documents_api_138.TestDocumentUpload" name="test_upload_with_coverage_months" time="1.889" /><testcase classname="backend.tests.test_documents_api_138.TestDocumentUpload" name="test_upload_invalid_category_fails" time="0.105" /><testcase classname="backend.tests.test_documents_api_138.TestDocumentList" name="test_list_documents" time="0.873" /><testcase classname="backend.tests.test_documents_api_138.TestDocumentList" name="test_filter_by_category" time="0.209" /><testcase classname="backend.tests.test_documents_api_138.TestDocumentList" name="test_filter_by_year" time="0.122" /><testcase classname="backend.tests.test_documents_api_138.TestDocumentList" name="test_search_documents" time="0.100" /><testcase classname="backend.tests.test_documents_api_138.TestDocumentCRUD" name="test_get_single_document" time="0.146" /><testcase classname="backend.tests.test_documents_api_138.TestDocumentCRUD" name="test_get_nonexistent_document" time="0.109" /><testcase classname="backend.tests.test_documents_api_138.TestDocumentCRUD" name="test_update_document_metadata" time="0.217" /><testcase classname="backend.tests.test_documents_api_138.TestDocumentCRUD" name="test_delete_document_requires_manager_role" time="1.418" /><testcase classname="backend.tests.test_documents_api_138.TestComplianceSummary" name="test_compliance_summary_structure" time="0.114" /><testcase classname="backend.tests.test_documents_api_138.TestComplianceSummary" name="test_compliance_summary_with_year_filter" time="0.133" /><testcase classname="backend.tests.test_documents_api_138.TestQRUploadToken" name="test_generate_qr_upload_token" time="0.109" /><testcase classname="backend.tests.test_documents_api_138.TestQRUploadToken" name="test_qr_upload_preview_public" time="0.189" /><testcase classname="backend.tests.test_documents_api_138.TestQRUploadToken" name="test_qr_upload_invalid_token" time="0.102" /><testcase classname="backend.tests.test_documents_api_138.TestFileOperations" name="test_add_files_to_document" time="0.888" /><testcase classname="backend.tests.test_documents_api_138.TestFileOperations" name="test_remove_file_from_document" time="2.035" /></testsuite></testsuites>