<?xml version="1.0" encoding="utf-8"?><testsuites name="pytest tests"><testsuite name="pytest" errors="0" failures="1" skipped="0" tests="19" time="4.213" timestamp="2026-02-24T07:41:54.276770+00:00" hostname="agent-env-6ac3e5e2-9613-422d-b6e9-8f192747e9ab"><testcase classname="backend.tests.test_fund_wallet_system.TestFundWallets" name="test_get_fund_wallets_returns_4_types" time="0.605" /><testcase classname="backend.tests.test_fund_wallet_system.TestFundWallets" name="test_get_fund_wallets_ipil_branch_returns_4_types" time="0.115" /><testcase classname="backend.tests.test_fund_wallet_system.TestFundWallets" name="test_admin_sees_bank_balance" time="0.110" /><testcase classname="backend.tests.test_fund_wallet_system.TestFundWallets" name="test_non_admin_bank_balance_hidden" time="0.792" /><testcase classname="backend.tests.test_fund_wallet_system.TestFundWallets" name="test_wallet_fields_structure" time="0.100" /><testcase classname="backend.tests.test_fund_wallet_system.TestFundTransfers" name="test_capital_add_admin_succeeds" time="0.131" /><testcase classname="backend.tests.test_fund_wallet_system.TestFundTransfers" name="test_cashier_to_safe_valid_pin" time="0.274"><failure message="AssertionError: Expected 200, got 401: {&quot;detail&quot;:&quot;Invalid manager PIN&quot;}&#10;assert 401 == 200&#10; +  where 401 = &lt;Response [401]&gt;.status_code">backend/tests/test_fund_wallet_system.py:231: in test_cashier_to_safe_valid_pin
    assert resp.status_code == 200, f"Expected 200, got {resp.status_code}: {resp.text}"
E   AssertionError: Expected 200, got 401: {"detail":"Invalid manager PIN"}
E   assert 401 == 200
E    +  where 401 = &lt;Response [401]&gt;.status_code</failure></testcase><testcase classname="backend.tests.test_fund_wallet_system.TestFundTransfers" name="test_cashier_to_safe_wrong_pin_returns_401" time="0.099" /><testcase classname="backend.tests.test_fund_wallet_system.TestFundTransfers" name="test_cashier_to_safe_missing_pin_returns_400" time="0.098" /><testcase classname="backend.tests.test_fund_wallet_system.TestFundTransfers" name="test_safe_to_bank_wrong_totp_returns_401" time="0.101" /><testcase classname="backend.tests.test_fund_wallet_system.TestFundTransfers" name="test_safe_to_bank_missing_totp_returns_400" time="0.106" /><testcase classname="backend.tests.test_fund_wallet_system.TestFundTransfers" name="test_capital_add_non_admin_returns_403" time="0.102" /><testcase classname="backend.tests.test_fund_wallet_system.TestFundTransfers" name="test_invalid_transfer_type_returns_400" time="0.098" /><testcase classname="backend.tests.test_fund_wallet_system.TestFundTransfers" name="test_zero_amount_returns_400" time="0.096" /><testcase classname="backend.tests.test_fund_wallet_system.TestFundTransferAuditLog" name="test_get_fund_transfers_returns_list" time="0.111" /><testcase classname="backend.tests.test_fund_wallet_system.TestFundTransferAuditLog" name="test_fund_transfers_contain_expected_fields" time="0.102" /><testcase classname="backend.tests.test_fund_wallet_system.TestFundTransferAuditLog" name="test_capital_add_appears_in_audit_log" time="0.205" /><testcase classname="backend.tests.test_fund_wallet_system.TestBranchAutoProvision" name="test_new_branch_gets_4_wallets" time="0.320" /><testcase classname="backend.tests.test_fund_wallet_system.TestDigitalPaymentRouting" name="test_is_digital_payment_gcash" time="0.433" /></testsuite></testsuites>