<?xml version="1.0" encoding="utf-8"?><testsuites name="pytest tests"><testsuite name="pytest" errors="0" failures="5" skipped="0" tests="78" time="10.348" timestamp="2026-02-24T10:14:09.551450+00:00" hostname="agent-env-6ac3e5e2-9613-422d-b6e9-8f192747e9ab"><testcase classname="tests.test_e2e_comprehensive.TestBranchSetup" name="test_create_lakewood_branch" time="0.601" /><testcase classname="tests.test_e2e_comprehensive.TestBranchSetup" name="test_create_riverside_branch" time="0.111" /><testcase classname="tests.test_e2e_comprehensive.TestBranchSetup" name="test_lakewood_has_4_wallets" time="0.105" /><testcase classname="tests.test_e2e_comprehensive.TestBranchSetup" name="test_riverside_has_4_wallets" time="0.109" /><testcase classname="tests.test_e2e_comprehensive.TestBranchSetup" name="test_add_capital_lakewood_safe" time="0.106" /><testcase classname="tests.test_e2e_comprehensive.TestBranchSetup" name="test_add_capital_lakewood_cashier" time="0.106" /><testcase classname="tests.test_e2e_comprehensive.TestBranchSetup" name="test_add_capital_riverside_safe" time="0.112" /><testcase classname="tests.test_e2e_comprehensive.TestBranchSetup" name="test_add_capital_riverside_cashier" time="0.121" /><testcase classname="tests.test_e2e_comprehensive.TestProductSetup" name="test_create_fertilizer_supreme" time="0.117" /><testcase classname="tests.test_e2e_comprehensive.TestProductSetup" name="test_create_rice_premium" time="0.102" /><testcase classname="tests.test_e2e_comprehensive.TestProductSetup" name="test_create_pesticide_gold" time="0.101" /><testcase classname="tests.test_e2e_comprehensive.TestProductSetup" name="test_create_animal_feed_deluxe" time="0.138" /><testcase classname="tests.test_e2e_comprehensive.TestProductSetup" name="test_create_vet_antibiotic" time="0.137" /><testcase classname="tests.test_e2e_comprehensive.TestProductSetup" name="test_create_repack_fertilizer_1kg" time="0.103" /><testcase classname="tests.test_e2e_comprehensive.TestProductSetup" name="test_create_repack_rice_500g" time="0.108" /><testcase classname="tests.test_e2e_comprehensive.TestProductSetup" name="test_create_repack_pesticide_100ml" time="0.099" /><testcase classname="tests.test_e2e_comprehensive.TestProductSetup" name="test_create_repack_animal_feed_1kg" time="0.099" /><testcase classname="tests.test_e2e_comprehensive.TestCustomerSetup" name="test_create_maria_santos" time="0.101" /><testcase classname="tests.test_e2e_comprehensive.TestCustomerSetup" name="test_create_juan_delacruz" time="0.100" /><testcase classname="tests.test_e2e_comprehensive.TestCustomerSetup" name="test_create_green_valley_farm" time="0.105" /><testcase classname="tests.test_e2e_comprehensive.TestCustomerSetup" name="test_create_hillside_agriculture" time="0.107" /><testcase classname="tests.test_e2e_comprehensive.TestCustomerSetup" name="test_create_walkin_general" time="0.102" /><testcase classname="tests.test_e2e_comprehensive.TestSupplierSetup" name="test_create_agritech_supplies" time="0.099" /><testcase classname="tests.test_e2e_comprehensive.TestSupplierSetup" name="test_create_biogrow_intl" time="0.106" /><testcase classname="tests.test_e2e_comprehensive.TestSupplierSetup" name="test_create_farmpro_distributors" time="0.098" /><testcase classname="tests.test_e2e_comprehensive.TestPurchaseOrders" name="test_create_lakewood_po1_cash" time="0.099"><failure message="AssertionError: Create PO failed: {&quot;detail&quot;:{&quot;type&quot;:&quot;insufficient_funds&quot;,&quot;message&quot;:&quot;Cashier has only ₱10,000.00. Need ₱37,250.00.&quot;,&quot;cashier_balance&quot;:10000.0,&quot;safe_balance&quot;:50000.0,&quot;shortfall&quot;:27250.0,&quot;can_use_safe&quot;:true}}&#10;assert 400 in [200, 201]&#10; +  where 400 = &lt;Response [400]&gt;.status_code">tests/test_e2e_comprehensive.py:439: in test_create_lakewood_po1_cash
    assert resp.status_code in [200, 201], f"Create PO failed: {resp.text}"
E   AssertionError: Create PO failed: {"detail":{"type":"insufficient_funds","message":"Cashier has only ₱10,000.00. Need ₱37,250.00.","cashier_balance":10000.0,"safe_balance":50000.0,"shortfall":27250.0,"can_use_safe":true}}
E   assert 400 in [200, 201]
E    +  where 400 = &lt;Response [400]&gt;.status_code</failure></testcase><testcase classname="tests.test_e2e_comprehensive.TestPurchaseOrders" name="test_create_lakewood_po2_terms" time="0.104" /><testcase classname="tests.test_e2e_comprehensive.TestPurchaseOrders" name="test_create_riverside_po1_cash" time="0.101"><failure message="AssertionError: Create Riverside PO failed: {&quot;detail&quot;:{&quot;type&quot;:&quot;insufficient_funds&quot;,&quot;message&quot;:&quot;Cashier has only ₱10,000.00. Need ₱20,300.00.&quot;,&quot;cashier_balance&quot;:10000.0,&quot;safe_balance&quot;:50000.0,&quot;shortfall&quot;:10300.0,&quot;can_use_safe&quot;:true}}&#10;assert 400 in [200, 201]&#10; +  where 400 = &lt;Response [400]&gt;.status_code">tests/test_e2e_comprehensive.py:484: in test_create_riverside_po1_cash
    assert resp.status_code in [200, 201], f"Create Riverside PO failed: {resp.text}"
E   AssertionError: Create Riverside PO failed: {"detail":{"type":"insufficient_funds","message":"Cashier has only ₱10,000.00. Need ₱20,300.00.","cashier_balance":10000.0,"safe_balance":50000.0,"shortfall":10300.0,"can_use_safe":true}}
E   assert 400 in [200, 201]
E    +  where 400 = &lt;Response [400]&gt;.status_code</failure></testcase><testcase classname="tests.test_e2e_comprehensive.TestPurchaseOrders" name="test_create_riverside_po2_terms" time="0.111" /><testcase classname="tests.test_e2e_comprehensive.TestPurchaseOrders" name="test_get_lakewood_pos" time="0.101"><failure message="AssertionError: Lakewood PO1 not found in ['d11899fd-3bc0-49a0-a2ba-b8eab67b5632']&#10;assert None in {'d11899fd-3bc0-49a0-a2ba-b8eab67b5632'}&#10; +  where None = &lt;built-in method get of dict object at 0xfa52b8426c00&gt;('po_lakewood1_id')&#10; +    where &lt;built-in method get of dict object at 0xfa52b8426c00&gt; = {'cust_green_valley_id': '14d32447-6222-41b3-9473-c9cc5dbaf9dd', 'cust_hillside_id': 'df2d50d3-7cde-4771-985a-c8b5df1546ff', 'cust_juan_id': 'f546b4d1-26cb-4d7d-93c5-c524a719fff1', 'cust_maria_id': '44441d6d-b48d-4458-acb4-30158fef9cf5', ...}.get">tests/test_e2e_comprehensive.py:519: in test_get_lakewood_pos
    assert state.get("po_lakewood1_id") in lw_ids, f"Lakewood PO1 not found in {list(lw_ids)[:5]}"
E   AssertionError: Lakewood PO1 not found in ['d11899fd-3bc0-49a0-a2ba-b8eab67b5632']
E   assert None in {'d11899fd-3bc0-49a0-a2ba-b8eab67b5632'}
E    +  where None = &lt;built-in method get of dict object at 0xfa52b8426c00&gt;('po_lakewood1_id')
E    +    where &lt;built-in method get of dict object at 0xfa52b8426c00&gt; = {'cust_green_valley_id': '14d32447-6222-41b3-9473-c9cc5dbaf9dd', 'cust_hillside_id': 'df2d50d3-7cde-4771-985a-c8b5df1546ff', 'cust_juan_id': 'f546b4d1-26cb-4d7d-93c5-c524a719fff1', 'cust_maria_id': '44441d6d-b48d-4458-acb4-30158fef9cf5', ...}.get</failure></testcase><testcase classname="tests.test_e2e_comprehensive.TestPurchaseOrders" name="test_reopen_lakewood_po1_and_verify_cashier_returned" time="0.000"><failure message="AssertionError: assert ('po_lakewood1_id' in {'cust_green_valley_id': '14d32447-6222-41b3-9473-c9cc5dbaf9dd', 'cust_hillside_id': 'df2d50d3-7cde-4771-985a-c8b5df1546ff', 'cust_juan_id': 'f546b4d1-26cb-4d7d-93c5-c524a719fff1', 'cust_maria_id': '44441d6d-b48d-4458-acb4-30158fef9cf5', ...})">tests/test_e2e_comprehensive.py:524: in test_reopen_lakewood_po1_and_verify_cashier_returned
    assert "po_lakewood1_id" in state and "lakewood_cashier_wallet_id" in state
E   AssertionError: assert ('po_lakewood1_id' in {'cust_green_valley_id': '14d32447-6222-41b3-9473-c9cc5dbaf9dd', 'cust_hillside_id': 'df2d50d3-7cde-4771-985a-c8b5df1546ff', 'cust_juan_id': 'f546b4d1-26cb-4d7d-93c5-c524a719fff1', 'cust_maria_id': '44441d6d-b48d-4458-acb4-30158fef9cf5', ...})</failure></testcase><testcase classname="tests.test_e2e_comprehensive.TestSalesModule" name="test_sale_cash_walkin_1" time="0.115" /><testcase classname="tests.test_e2e_comprehensive.TestSalesModule" name="test_sale_cash_walkin_2" time="0.110" /><testcase classname="tests.test_e2e_comprehensive.TestSalesModule" name="test_sale_gcash_digital" time="0.106" /><testcase classname="tests.test_e2e_comprehensive.TestSalesModule" name="test_sale_split_cash_gcash" time="0.105" /><testcase classname="tests.test_e2e_comprehensive.TestSalesModule" name="test_sale_credit_juan_delacruz" time="0.104" /><testcase classname="tests.test_e2e_comprehensive.TestSalesModule" name="test_sale_partial_green_valley" time="0.102" /><testcase classname="tests.test_e2e_comprehensive.TestSalesModule" name="test_sales_history_running_totals" time="0.110" /><testcase classname="tests.test_e2e_comprehensive.TestSalesModule" name="test_void_sale_with_manager_pin" time="0.222" /><testcase classname="tests.test_e2e_comprehensive.TestBranchTransfers" name="test_create_transfer_lakewood_to_riverside" time="0.099" /><testcase classname="tests.test_e2e_comprehensive.TestBranchTransfers" name="test_send_transfer" time="0.108" /><testcase classname="tests.test_e2e_comprehensive.TestBranchTransfers" name="test_view_incoming_transfer_at_riverside" time="0.102" /><testcase classname="tests.test_e2e_comprehensive.TestBranchTransfers" name="test_receive_transfer_with_shortage" time="0.121" /><testcase classname="tests.test_e2e_comprehensive.TestAccountingModule" name="test_record_utilities_expense" time="0.108" /><testcase classname="tests.test_e2e_comprehensive.TestAccountingModule" name="test_record_fuel_expense" time="0.111" /><testcase classname="tests.test_e2e_comprehensive.TestAccountingModule" name="test_record_employee_advance_expense" time="0.100" /><testcase classname="tests.test_e2e_comprehensive.TestAccountingModule" name="test_verify_cashier_deducted_after_expenses" time="0.106" /><testcase classname="tests.test_e2e_comprehensive.TestAccountingModule" name="test_delete_fuel_expense_fund_returned" time="0.300" /><testcase classname="tests.test_e2e_comprehensive.TestAccountingModule" name="test_collect_ar_payment_juan" time="0.106" /><testcase classname="tests.test_e2e_comprehensive.TestFundManagement" name="test_cashier_to_safe_transfer" time="0.110" /><testcase classname="tests.test_e2e_comprehensive.TestFundManagement" name="test_verify_wallets_after_transfer" time="0.099" /><testcase classname="tests.test_e2e_comprehensive.TestCloseWizard" name="test_daily_close_preview" time="0.114" /><testcase classname="tests.test_e2e_comprehensive.TestCloseWizard" name="test_close_wizard_has_digital_totals" time="0.000" /><testcase classname="tests.test_e2e_comprehensive.TestCloseWizard" name="test_perform_day_close" time="0.104" /><testcase classname="tests.test_e2e_comprehensive.TestCustomerReturns" name="test_create_return" time="0.110" /><testcase classname="tests.test_e2e_comprehensive.TestCustomerReturns" name="test_verify_inventory_restored_after_return" time="0.135" /><testcase classname="tests.test_e2e_comprehensive.TestCustomerReturns" name="test_void_return_with_manager_pin" time="0.109" /><testcase classname="tests.test_e2e_comprehensive.TestCountSheet" name="test_create_count_sheet_riverside" time="0.237" /><testcase classname="tests.test_e2e_comprehensive.TestCountSheet" name="test_complete_count_sheet" time="0.309" /><testcase classname="tests.test_e2e_comprehensive.TestAuditCenter" name="test_run_full_audit_lakewood" time="0.109" /><testcase classname="tests.test_e2e_comprehensive.TestAuditCenter" name="test_audit_has_required_sections" time="0.098" /><testcase classname="tests.test_e2e_comprehensive.TestAuditCenter" name="test_get_audit_compute" time="0.115" /><testcase classname="tests.test_e2e_comprehensive.TestBadManagerScenario" name="test_void_sale_without_reason" time="0.213" /><testcase classname="tests.test_e2e_comprehensive.TestBadManagerScenario" name="test_inventory_corrections_without_justification" time="0.418" /><testcase classname="tests.test_e2e_comprehensive.TestBadManagerScenario" name="test_run_audit_riverside_for_flags" time="0.117" /><testcase classname="tests.test_e2e_comprehensive.TestBadManagerScenario" name="test_audit_shows_activity_flags" time="0.103" /><testcase classname="tests.test_e2e_comprehensive.TestVerificationSystem" name="test_set_admin_verification_pin" time="0.316" /><testcase classname="tests.test_e2e_comprehensive.TestVerificationSystem" name="test_verify_po_with_admin_pin" time="0.000"><failure message="AssertionError: assert 'po_lakewood1_id' in {'audit1_id': 'a26dd5cb-cc38-42df-94c1-893dfa3e7765', 'audit_riverside_id': '525c5cc4-547c-4f0f-bd67-fef17120a426', 'bad_corrections_count': 0, 'bad_sale_id': '4375f95a-bc96-409b-ac71-35a0fe78af04', ...}">tests/test_e2e_comprehensive.py:1301: in test_verify_po_with_admin_pin
    assert "po_lakewood1_id" in state
E   AssertionError: assert 'po_lakewood1_id' in {'audit1_id': 'a26dd5cb-cc38-42df-94c1-893dfa3e7765', 'audit_riverside_id': '525c5cc4-547c-4f0f-bd67-fef17120a426', 'bad_corrections_count': 0, 'bad_sale_id': '4375f95a-bc96-409b-ac71-35a0fe78af04', ...}</failure></testcase><testcase classname="tests.test_e2e_comprehensive.TestVerificationSystem" name="test_verify_expense_with_admin_pin" time="0.346" /><testcase classname="tests.test_e2e_comprehensive.TestReports" name="test_ar_aging_report" time="0.102" /><testcase classname="tests.test_e2e_comprehensive.TestReports" name="test_sales_report_today" time="0.109" /><testcase classname="tests.test_e2e_comprehensive.TestReports" name="test_dashboard_kpis" time="0.127" /><testcase classname="tests.test_e2e_comprehensive.TestReports" name="test_upcoming_payables_widget" time="0.121" /><testcase classname="tests.test_e2e_comprehensive.TestSettings" name="test_get_settings" time="0.102" /><testcase classname="tests.test_e2e_comprehensive.TestSettings" name="test_list_users" time="0.098" /><testcase classname="tests.test_e2e_comprehensive.TestSettings" name="test_branches_list" time="0.099" /><testcase classname="tests.test_e2e_comprehensive.TestReceiptUpload" name="test_generate_view_qr_for_transfer" time="0.109" /><testcase classname="tests.test_e2e_comprehensive.TestReceiptUpload" name="test_upload_receipt_endpoint" time="0.120" /></testsuite></testsuites>