<?xml version="1.0" encoding="utf-8"?><testsuites name="pytest tests"><testsuite name="pytest" errors="0" failures="0" skipped="0" tests="24" time="4.288" timestamp="2026-04-02T07:32:08.234880+00:00" hostname="agent-env-26f63025-133d-4fb4-a41f-7d59a255cab2"><testcase classname="backend.tests.test_sms_unknown_inbox_154.TestInboxStorageUnknown" name="test_inbox_unknown_number_status_200" time="0.478" /><testcase classname="backend.tests.test_sms_unknown_inbox_154.TestInboxStorageUnknown" name="test_inbox_unknown_number_registered_false" time="0.099" /><testcase classname="backend.tests.test_sms_unknown_inbox_154.TestInboxStorageUnknown" name="test_inbox_unknown_number_empty_customer_id" time="0.109" /><testcase classname="backend.tests.test_sms_unknown_inbox_154.TestInboxStorageUnknown" name="test_inbox_unknown_stores_phone" time="0.102" /><testcase classname="backend.tests.test_sms_unknown_inbox_154.TestInboxStorageKnown" name="test_inbox_known_number_registered_true" time="0.200" /><testcase classname="backend.tests.test_sms_unknown_inbox_154.TestInboxStorageKnown" name="test_inbox_known_has_customer_id" time="0.126" /><testcase classname="backend.tests.test_sms_unknown_inbox_154.TestInboxValidation" name="test_inbox_missing_phone_returns_400" time="0.110" /><testcase classname="backend.tests.test_sms_unknown_inbox_154.TestInboxValidation" name="test_inbox_missing_message_returns_400" time="0.122" /><testcase classname="backend.tests.test_sms_unknown_inbox_154.TestConversationsCustomersSection" name="test_customers_section_returns_200" time="0.099" /><testcase classname="backend.tests.test_sms_unknown_inbox_154.TestConversationsCustomersSection" name="test_customers_section_returns_list" time="0.099" /><testcase classname="backend.tests.test_sms_unknown_inbox_154.TestConversationsCustomersSection" name="test_customers_section_no_unknown_phone" time="0.207" /><testcase classname="backend.tests.test_sms_unknown_inbox_154.TestConversationsUnknownSection" name="test_unknown_section_returns_200" time="0.098" /><testcase classname="backend.tests.test_sms_unknown_inbox_154.TestConversationsUnknownSection" name="test_unknown_section_returns_list" time="0.104" /><testcase classname="backend.tests.test_sms_unknown_inbox_154.TestConversationsUnknownSection" name="test_unknown_section_contains_unknown_phone" time="0.224" /><testcase classname="backend.tests.test_sms_unknown_inbox_154.TestConversationsUnknownSection" name="test_unknown_section_items_have_required_fields" time="0.099" /><testcase classname="backend.tests.test_sms_unknown_inbox_154.TestConversationsUnknownSection" name="test_unknown_section_known_phones_absent" time="0.098" /><testcase classname="backend.tests.test_sms_unknown_inbox_154.TestConversationsDefaultSection" name="test_default_section_is_customers" time="0.101" /><testcase classname="backend.tests.test_sms_unknown_inbox_154.TestAssignPhone" name="test_assign_missing_phone_returns_400" time="0.097" /><testcase classname="backend.tests.test_sms_unknown_inbox_154.TestAssignPhone" name="test_assign_missing_customer_id_returns_400" time="0.105" /><testcase classname="backend.tests.test_sms_unknown_inbox_154.TestAssignPhone" name="test_assign_invalid_customer_returns_404" time="0.101" /><testcase classname="backend.tests.test_sms_unknown_inbox_154.TestAssignPhone" name="test_assign_phone_success" time="0.407" /><testcase classname="backend.tests.test_sms_unknown_inbox_154.TestAssignPhone" name="test_assign_phone_removes_from_unknown_section" time="0.524" /><testcase classname="backend.tests.test_sms_unknown_inbox_154.TestAssignPhone" name="test_assign_phone_appears_in_customers_section" time="0.412" /><testcase classname="backend.tests.test_sms_unknown_inbox_154.TestPhoneNormalization" name="test_plus63_stored_as_09" time="0.099" /></testsuite></testsuites>