<?xml version="1.0" encoding="utf-8"?><testsuites name="pytest tests"><testsuite name="pytest" errors="0" failures="0" skipped="1" tests="10" time="3.221" timestamp="2026-02-26T07:34:31.297431+00:00" hostname="agent-env-0e741350-1072-4de2-84c1-06ccde79ca06"><testcase classname="tests.test_unified_pin_verification.TestPublicVerifyEndpoint" name="test_public_verify_with_manager_pin_success" time="0.935" /><testcase classname="tests.test_unified_pin_verification.TestPublicVerifyEndpoint" name="test_public_verify_with_wrong_pin_fails" time="0.348" /><testcase classname="tests.test_unified_pin_verification.TestPublicVerifyEndpoint" name="test_public_verify_doc_not_found" time="0.117" /><testcase classname="tests.test_unified_pin_verification.TestPublicVerifyEndpoint" name="test_public_verify_invalid_doc_type" time="0.096" /><testcase classname="tests.test_unified_pin_verification.TestAuthenticatedVerifyEndpoint" name="test_authenticated_verify_with_manager_pin" time="0.331" /><testcase classname="tests.test_unified_pin_verification.TestAuthenticatedVerifyEndpoint" name="test_authenticated_verify_requires_auth" time="0.114" /><testcase classname="tests.test_unified_pin_verification.TestPOMarkReviewed" name="test_mark_reviewed_with_manager_pin" time="0.324" /><testcase classname="tests.test_unified_pin_verification.TestPOMarkReviewed" name="test_mark_reviewed_with_wrong_pin_fails" time="0.325" /><testcase classname="tests.test_unified_pin_verification.TestUploadsMarkReviewed" name="test_uploads_mark_reviewed_with_manager_pin" time="0.103"><skipped type="pytest.skip" message="No branch transfers available">/app/backend/tests/test_unified_pin_verification.py:161: No branch transfers available</skipped></testcase><testcase classname="tests.test_unified_pin_verification.TestReceiptReviewStatusBridge" name="test_verify_sets_receipt_status" time="0.461" /></testsuite></testsuites>