<?xml version="1.0" encoding="utf-8"?><testsuites name="pytest tests"><testsuite name="pytest" errors="0" failures="0" skipped="0" tests="14" time="6.419" timestamp="2026-02-26T11:58:09.324529+00:00" hostname="agent-env-e8040a07-6e42-4f8c-abed-22d6df1b8110"><testcase classname="backend.tests.test_internal_invoices_62.TestInternalInvoices" name="test_01_internal_invoices_endpoint_exists" time="0.467" /><testcase classname="backend.tests.test_internal_invoices_62.TestInternalInvoices" name="test_02_internal_invoices_summary_endpoint" time="0.424" /><testcase classname="backend.tests.test_internal_invoices_62.TestInternalInvoices" name="test_03_create_transfer_auto_creates_invoice" time="0.497" /><testcase classname="backend.tests.test_internal_invoices_62.TestInternalInvoices" name="test_04_invoice_by_transfer_endpoint" time="0.432" /><testcase classname="backend.tests.test_internal_invoices_62.TestInternalInvoices" name="test_05_invoice_appears_in_list" time="0.462" /><testcase classname="backend.tests.test_internal_invoices_62.TestInternalInvoices" name="test_06_invoice_status_updates_on_send" time="0.494" /><testcase classname="backend.tests.test_internal_invoices_62.TestInternalInvoices" name="test_07_invoice_status_updates_on_receive" time="0.563" /><testcase classname="backend.tests.test_internal_invoices_62.TestInternalInvoices" name="test_08_get_single_invoice" time="0.451" /><testcase classname="backend.tests.test_internal_invoices_62.TestInternalInvoices" name="test_09_summary_reflects_new_invoice" time="0.412" /><testcase classname="backend.tests.test_internal_invoices_62.TestInternalInvoices" name="test_10_invoice_404_for_nonexistent_transfer" time="0.468" /><testcase classname="backend.tests.test_internal_invoices_62.TestInternalInvoices" name="test_11_existing_transfer_has_invoice" time="0.488" /><testcase classname="backend.tests.test_internal_invoices_62.TestInvoiceFieldValidation" name="test_invoice_due_date_calculation" time="0.420" /><testcase classname="backend.tests.test_internal_invoices_62.TestInvoiceFieldValidation" name="test_invoice_items_have_line_totals" time="0.370" /><testcase classname="backend.tests.test_internal_invoices_62.TestInvoiceFieldValidation" name="test_invoice_grand_total_matches_items" time="0.414" /></testsuite></testsuites>