<?xml version="1.0" encoding="utf-8"?><testsuites name="pytest tests"><testsuite name="pytest" errors="0" failures="0" skipped="0" tests="17" time="4.847" timestamp="2026-03-12T13:32:58.726956+00:00" hostname="agent-env-99a1f691-ee5f-439b-96fb-582ee31f0e4d"><testcase classname="backend.tests.test_sales_history_improvements_106.TestInvoiceEndpointsEnhanced" name="test_01_list_invoices_basic" time="0.504" /><testcase classname="backend.tests.test_sales_history_improvements_106.TestInvoiceEndpointsEnhanced" name="test_02_list_invoices_with_pagination" time="0.117" /><testcase classname="backend.tests.test_sales_history_improvements_106.TestInvoiceEndpointsEnhanced" name="test_03_list_invoices_with_sort_by_date_desc" time="0.153" /><testcase classname="backend.tests.test_sales_history_improvements_106.TestInvoiceEndpointsEnhanced" name="test_04_list_invoices_with_sort_by_amount_desc" time="0.113" /><testcase classname="backend.tests.test_sales_history_improvements_106.TestInvoiceEndpointsEnhanced" name="test_05_list_invoices_with_sort_by_customer" time="0.143" /><testcase classname="backend.tests.test_sales_history_improvements_106.TestInvoiceEndpointsEnhanced" name="test_06_list_invoices_with_search_by_invoice_number" time="0.322" /><testcase classname="backend.tests.test_sales_history_improvements_106.TestInvoiceEndpointsEnhanced" name="test_07_list_invoices_with_status_filter_paid" time="0.165" /><testcase classname="backend.tests.test_sales_history_improvements_106.TestInvoiceEndpointsEnhanced" name="test_08_list_invoices_with_status_filter_open" time="0.113" /><testcase classname="backend.tests.test_sales_history_improvements_106.TestInvoiceEndpointsEnhanced" name="test_09_list_invoices_with_status_filter_partial" time="0.112" /><testcase classname="backend.tests.test_sales_history_improvements_106.TestInvoiceEndpointsEnhanced" name="test_10_list_invoices_with_voided_filter" time="0.151" /><testcase classname="backend.tests.test_sales_history_improvements_106.TestCheckDateClosedEndpoint" name="test_11_check_date_closed_unclosed_date" time="0.585" /><testcase classname="backend.tests.test_sales_history_improvements_106.TestCheckDateClosedEndpoint" name="test_12_check_date_closed_returns_date_field" time="0.108" /><testcase classname="backend.tests.test_sales_history_improvements_106.TestManagerPinVerification" name="test_13_verify_manager_pin_for_credit_sale_approval" time="0.687" /><testcase classname="backend.tests.test_sales_history_improvements_106.TestManagerPinVerification" name="test_14_verify_manager_pin_invalid" time="0.325" /><testcase classname="backend.tests.test_sales_history_improvements_106.TestInvoiceEditWithDateChange" name="test_15_invoice_edit_endpoint_exists" time="0.580" /><testcase classname="backend.tests.test_sales_history_improvements_106.TestPurchaseOrderDateEdit" name="test_16_po_list_endpoint" time="0.490" /><testcase classname="backend.tests.test_sales_history_improvements_106.TestPurchaseOrderDateEdit" name="test_17_po_update_endpoint_exists" time="0.117" /></testsuite></testsuites>