<?xml version="1.0" encoding="utf-8"?><testsuites name="pytest tests"><testsuite name="pytest" errors="0" failures="0" skipped="0" tests="6" time="3.567" timestamp="2026-03-02T03:02:26.284390+00:00" hostname="agent-env-d27f583e-b4e7-45a4-bde2-c7cf0943a466"><testcase classname="backend.tests.test_employee_advance_features_86.TestEmployeeAdvanceFeatures" name="test_employee_advance_returns_expense_and_message" time="0.746" /><testcase classname="backend.tests.test_employee_advance_features_86.TestEmployeeAdvanceFeatures" name="test_expense_list_includes_employee_name" time="0.593" /><testcase classname="backend.tests.test_employee_advance_features_86.TestEmployeeAdvanceFeatures" name="test_farm_expense_without_receipt" time="0.577" /><testcase classname="backend.tests.test_employee_advance_features_86.TestEmployeeAdvanceFeatures" name="test_farm_expense_with_upload_session" time="0.563" /><testcase classname="backend.tests.test_employee_advance_features_86.TestEmployeeAdvanceFeatures" name="test_employee_advance_validation_no_employee" time="0.604" /><testcase classname="backend.tests.test_employee_advance_features_86.TestExpenseListEmployeeName" name="test_all_expenses_have_proper_employee_data" time="0.393" /></testsuite></testsuites>