<?xml version="1.0" encoding="utf-8"?><testsuites name="pytest tests"><testsuite name="pytest" errors="0" failures="0" skipped="0" tests="6" time="1.952" timestamp="2026-03-02T06:19:08.583936+00:00" hostname="agent-env-db9a4c41-1373-4951-8ade-5527845bb99b"><testcase classname="backend.tests.test_pin_verification_fix_90.TestPinVerification" name="test_owner_pin_accepted" time="0.680" /><testcase classname="backend.tests.test_pin_verification_fix_90.TestPinVerification" name="test_manager_pin_accepted" time="0.328" /><testcase classname="backend.tests.test_pin_verification_fix_90.TestPinVerification" name="test_invalid_pin_rejected" time="0.356" /><testcase classname="backend.tests.test_pin_verification_fix_90.TestPinVerification" name="test_empty_pin_rejected" time="0.104" /><testcase classname="backend.tests.test_pin_verification_fix_90.TestPinVerification" name="test_pin_with_context_accepted" time="0.327" /><testcase classname="backend.tests.test_pin_verification_fix_90.TestVerifyTransactionEndpoint" name="test_public_verify_endpoint_structure" time="0.098" /></testsuite></testsuites>