<?xml version="1.0" encoding="utf-8"?><testsuites name="pytest tests"><testsuite name="pytest" errors="0" failures="0" skipped="0" tests="13" time="11.627" timestamp="2026-02-19T13:51:08.909475+00:00" hostname="agent-env-7e043f60-3afa-494e-93a4-c03b7a224211"><testcase classname="tests.test_unified_sales.TestUnifiedSalesBackend" name="test_verify_manager_pin_valid" time="0.991" /><testcase classname="tests.test_unified_sales.TestUnifiedSalesBackend" name="test_verify_manager_pin_invalid" time="0.855" /><testcase classname="tests.test_unified_sales.TestUnifiedSalesBackend" name="test_verify_manager_pin_empty" time="0.940" /><testcase classname="tests.test_unified_sales.TestUnifiedSalesBackend" name="test_unified_sale_cash_full_payment" time="0.960" /><testcase classname="tests.test_unified_sales.TestUnifiedSalesBackend" name="test_unified_sale_no_branch" time="0.980" /><testcase classname="tests.test_unified_sales.TestUnifiedSalesBackend" name="test_unified_sale_no_items" time="0.812" /><testcase classname="tests.test_unified_sales.TestUnifiedSalesBackend" name="test_unified_sale_partial_payment" time="0.812" /><testcase classname="tests.test_unified_sales.TestUnifiedSalesBackend" name="test_unified_sale_credit_full" time="0.785" /><testcase classname="tests.test_unified_sales.TestUnifiedSalesBackend" name="test_customer_transactions_endpoint" time="0.872" /><testcase classname="tests.test_unified_sales.TestUnifiedSalesBackend" name="test_customer_transactions_invalid_customer" time="0.876" /><testcase classname="tests.test_unified_sales.TestUnifiedSalesBackend" name="test_dashboard_stats_total_receivables" time="0.866" /><testcase classname="tests.test_unified_sales.TestUnifiedSalesBackend" name="test_unified_sale_quick_mode" time="0.915" /><testcase classname="tests.test_unified_sales.TestUnifiedSalesBackend" name="test_unified_sale_order_mode" time="0.838" /></testsuite></testsuites>