<?xml version="1.0" encoding="utf-8"?><testsuites name="pytest tests"><testsuite name="pytest" errors="0" failures="0" skipped="0" tests="13" time="2.256" timestamp="2026-02-26T11:34:06.095314+00:00" hostname="agent-env-e8040a07-6e42-4f8c-abed-22d6df1b8110"><testcase classname="backend.tests.test_branch_transfer_enhanced_61.TestGenerateBranchTransfer" name="test_create_stock_request" time="0.463" /><testcase classname="backend.tests.test_branch_transfer_enhanced_61.TestGenerateBranchTransfer" name="test_generate_branch_transfer_returns_enhanced_data" time="0.118" /><testcase classname="backend.tests.test_branch_transfer_enhanced_61.TestGenerateBranchTransfer" name="test_stock_request_status_changes_to_in_progress" time="0.102" /><testcase classname="backend.tests.test_branch_transfer_enhanced_61.TestTransferCreationWithRequestLink" name="test_create_transfer_from_request_data" time="0.098" /><testcase classname="backend.tests.test_branch_transfer_enhanced_61.TestTransferCreationWithRequestLink" name="test_transfer_get_shows_request_link" time="0.125" /><testcase classname="backend.tests.test_branch_transfer_enhanced_61.TestTransferReceiveUpdatesRequestStatus" name="test_send_transfer" time="0.110" /><testcase classname="backend.tests.test_branch_transfer_enhanced_61.TestTransferReceiveUpdatesRequestStatus" name="test_receive_transfer_updates_request_status" time="0.357" /><testcase classname="backend.tests.test_branch_transfer_enhanced_61.TestIncomingRequestsEndpoint" name="test_incoming_requests_returns_requests" time="0.110" /><testcase classname="backend.tests.test_branch_transfer_enhanced_61.TestGenerateTransferEdgeCases" name="test_generate_transfer_404_for_nonexistent_po" time="0.107" /><testcase classname="backend.tests.test_branch_transfer_enhanced_61.TestGenerateTransferEdgeCases" name="test_generate_transfer_400_for_non_branch_request" time="0.251" /><testcase classname="backend.tests.test_branch_transfer_enhanced_61.TestBranchTransfersList" name="test_list_transfers_returns_data" time="0.114" /><testcase classname="backend.tests.test_branch_transfer_enhanced_61.TestBranchTransfersList" name="test_list_transfers_with_branch_filter" time="0.110" /><testcase classname="backend.tests.test_branch_transfer_enhanced_61.TestCleanup" name="test_cleanup_test_transfer" time="0.119" /></testsuite></testsuites>