<?xml version="1.0" encoding="utf-8"?><testsuites name="pytest tests"><testsuite name="pytest" errors="0" failures="0" skipped="0" tests="10" time="1.610" timestamp="2026-03-01T07:25:34.833088+00:00" hostname="agent-env-53587008-5acd-4a29-84ba-0b45bbff52ff"><testcase classname="backend.tests.test_split_payments_78.TestDailyClosePreview" name="test_preview_returns_total_split_cash_field" time="0.526" /><testcase classname="backend.tests.test_split_payments_78.TestDailyClosePreview" name="test_preview_split_cash_value_matches_expected" time="0.113" /><testcase classname="backend.tests.test_split_payments_78.TestDailyClosePreview" name="test_preview_total_cash_in_includes_split_cash" time="0.119" /><testcase classname="backend.tests.test_split_payments_78.TestDailyClosePreview" name="test_preview_digital_excludes_split_cash_portions" time="0.115" /><testcase classname="backend.tests.test_split_payments_78.TestSalesHistoryByDate" name="test_history_returns_totals_section" time="0.110" /><testcase classname="backend.tests.test_split_payments_78.TestSalesHistoryByDate" name="test_history_cash_includes_split_cash_portions" time="0.103" /><testcase classname="backend.tests.test_split_payments_78.TestBatchClosePreview" name="test_batch_preview_returns_split_cash_field" time="0.112" /><testcase classname="backend.tests.test_split_payments_78.TestBatchClosePreview" name="test_batch_preview_total_cash_in_includes_split" time="0.111" /><testcase classname="backend.tests.test_split_payments_78.TestCloseEndpointValidation" name="test_close_endpoint_accessible" time="0.113" /><testcase classname="backend.tests.test_split_payments_78.TestCodeReviewVerification" name="test_preview_split_query_returns_data" time="0.121" /></testsuite></testsuites>