<?xml version="1.0" encoding="utf-8"?><testsuites name="pytest tests"><testsuite name="pytest" errors="0" failures="0" skipped="0" tests="12" time="1.324" timestamp="2026-03-01T07:51:35.791242+00:00" hostname="agent-env-53587008-5acd-4a29-84ba-0b45bbff52ff"><testcase classname="backend.tests.test_void_split_payment_fixes_79.TestVoidSplitPaymentFixes" name="test_daily_log_excludes_voided_entries" time="0.582" /><testcase classname="backend.tests.test_void_split_payment_fixes_79.TestVoidSplitPaymentFixes" name="test_daily_close_preview_excludes_voided" time="0.111" /><testcase classname="backend.tests.test_void_split_payment_fixes_79.TestVoidSplitPaymentFixes" name="test_unclosed_days_excludes_voided" time="0.135" /><testcase classname="backend.tests.test_void_split_payment_fixes_79.TestVoidSplitPaymentFixes" name="test_batch_preview_excludes_voided" time="0.114" /><testcase classname="backend.tests.test_void_split_payment_fixes_79.TestVoidSplitPaymentFixes" name="test_wallet_movements_endpoint_exists" time="0.202" /><testcase classname="backend.tests.test_void_split_payment_fixes_79.TestVoidSplitPaymentFixes" name="test_daily_report_excludes_voided" time="0.111" /><testcase classname="backend.tests.test_void_split_payment_fixes_79.TestVoidCodeReview" name="test_void_invoice_handles_split_fund_source" time="0.000" /><testcase classname="backend.tests.test_void_split_payment_fixes_79.TestVoidCodeReview" name="test_void_uses_update_cashier_wallet_helper" time="0.000" /><testcase classname="backend.tests.test_void_split_payment_fixes_79.TestVoidCodeReview" name="test_void_marks_sales_log_entries_voided" time="0.000" /><testcase classname="backend.tests.test_void_split_payment_fixes_79.TestVoidCodeReview" name="test_daily_operations_exclude_voided" time="0.000" /><testcase classname="backend.tests.test_void_split_payment_fixes_79.TestVoidCodeReview" name="test_update_cashier_wallet_logs_to_wallet_movements" time="0.000" /><testcase classname="backend.tests.test_void_split_payment_fixes_79.TestVoidCodeReview" name="test_update_digital_wallet_logs_to_wallet_movements" time="0.000" /></testsuite></testsuites>