<?xml version="1.0" encoding="utf-8"?><testsuites name="pytest tests"><testsuite name="pytest" errors="0" failures="0" skipped="0" tests="12" time="2.633" timestamp="2026-02-19T14:24:53.181899+00:00" hostname="agent-env-7e043f60-3afa-494e-93a4-c03b7a224211"><testcase classname="tests.test_interest_penalty.TestChargesPreviewEndpoint" name="test_charges_preview_returns_correct_structure" time="0.540" /><testcase classname="tests.test_interest_penalty.TestChargesPreviewEndpoint" name="test_no_interest_within_grace_period" time="0.196" /><testcase classname="tests.test_interest_penalty.TestChargesPreviewEndpoint" name="test_interest_calculation_after_grace_period" time="0.146" /><testcase classname="tests.test_interest_penalty.TestChargesPreviewEndpoint" name="test_interest_breakdown_has_required_fields" time="0.119" /><testcase classname="tests.test_interest_penalty.TestGenerateInterestEndpoint" name="test_generate_interest_no_overdue_invoices" time="0.153" /><testcase classname="tests.test_interest_penalty.TestGenerateInterestEndpoint" name="test_generate_interest_creates_invoice" time="0.145" /><testcase classname="tests.test_interest_penalty.TestGeneratePenaltyEndpoint" name="test_generate_penalty_with_rate" time="0.113" /><testcase classname="tests.test_interest_penalty.TestGeneratePenaltyEndpoint" name="test_penalty_respects_grace_period" time="0.133" /><testcase classname="tests.test_interest_penalty.TestCustomerGracePeriodField" name="test_create_customer_with_grace_period" time="0.227" /><testcase classname="tests.test_interest_penalty.TestCustomerGracePeriodField" name="test_update_customer_grace_period" time="0.514" /><testcase classname="tests.test_interest_penalty.TestCustomerGracePeriodField" name="test_customer_has_interest_rate_field" time="0.133" /><testcase classname="tests.test_interest_penalty.TestInterestCalculationFormula" name="test_interest_formula_accuracy" time="0.163" /></testsuite></testsuites>