<?xml version="1.0" encoding="utf-8"?><testsuites name="pytest tests"><testsuite name="pytest" errors="0" failures="0" skipped="0" tests="18" time="4.084" timestamp="2026-03-20T11:55:16.424614+00:00" hostname="agent-env-8b7fd367-4af4-49f5-862e-57d454ec09c6"><testcase classname="backend.tests.test_ap_payment_phase_141.TestPayPOPINEnforcement" name="test_pay_po_no_pin_returns_400" time="0.589" /><testcase classname="backend.tests.test_ap_payment_phase_141.TestPayPOPINEnforcement" name="test_pay_po_empty_pin_returns_400" time="0.231" /><testcase classname="backend.tests.test_ap_payment_phase_141.TestPayPOPINEnforcement" name="test_pay_po_wrong_pin_returns_403" time="0.340" /><testcase classname="backend.tests.test_ap_payment_phase_141.TestPayPOPINEnforcement" name="test_pay_po_bank_no_pin_returns_400" time="0.101" /><testcase classname="backend.tests.test_ap_payment_phase_141.TestPayPOPINEnforcement" name="test_pay_po_bank_wrong_pin_returns_403" time="0.324" /><testcase classname="backend.tests.test_ap_payment_phase_141.TestPayPOPINEnforcement" name="test_pay_po_digital_wrong_pin_returns_403" time="0.325" /><testcase classname="backend.tests.test_ap_payment_phase_141.TestReviewDetailEndpoint" name="test_review_detail_returns_200" time="0.106" /><testcase classname="backend.tests.test_ap_payment_phase_141.TestReviewDetailEndpoint" name="test_review_detail_balance_not_zero" time="0.102" /><testcase classname="backend.tests.test_ap_payment_phase_141.TestReviewDetailEndpoint" name="test_review_detail_has_wallet_balances" time="0.102" /><testcase classname="backend.tests.test_ap_payment_phase_141.TestReviewDetailEndpoint" name="test_review_detail_has_payment_history_field" time="0.110" /><testcase classname="backend.tests.test_ap_payment_phase_141.TestReviewDetailEndpoint" name="test_review_detail_grand_total_present" time="0.142" /><testcase classname="backend.tests.test_ap_payment_phase_141.TestPinPoliciesEndpoint" name="test_pin_policies_returns_200" time="0.100" /><testcase classname="backend.tests.test_ap_payment_phase_141.TestPinPoliciesEndpoint" name="test_pin_policies_has_pay_po_standard" time="0.165" /><testcase classname="backend.tests.test_ap_payment_phase_141.TestPinPoliciesEndpoint" name="test_pin_policies_has_pay_po_bank" time="0.135" /><testcase classname="backend.tests.test_ap_payment_phase_141.TestPinPoliciesEndpoint" name="test_pay_po_bank_restricted_to_admin_totp" time="0.107" /><testcase classname="backend.tests.test_ap_payment_phase_141.TestJournalEntryApPayment" name="test_journal_entry_ap_payment_type_accepted" time="0.331" /><testcase classname="backend.tests.test_ap_payment_phase_141.TestJournalEntryApPayment" name="test_invalid_entry_type_rejected" time="0.337" /><testcase classname="backend.tests.test_ap_payment_phase_141.TestPayPOWithValidPin" name="test_pay_po_cashier_valid_pin_structure" time="0.325" /></testsuite></testsuites>