<?xml version="1.0" encoding="utf-8"?><testsuites name="pytest tests"><testsuite name="pytest" errors="0" failures="0" skipped="0" tests="9" time="5.098" timestamp="2026-03-12T10:13:19.384187+00:00" hostname="agent-env-0807b9f1-1f6f-40f9-8181-939caeae3bc3"><testcase classname="backend.tests.test_interest_rate_override_104.TestInterestRateOverride" name="test_01_get_customers_list" time="0.482" /><testcase classname="backend.tests.test_interest_rate_override_104.TestInterestRateOverride" name="test_02_charges_preview_without_rate_override" time="0.432" /><testcase classname="backend.tests.test_interest_rate_override_104.TestInterestRateOverride" name="test_03_charges_preview_with_rate_override" time="0.446" /><testcase classname="backend.tests.test_interest_rate_override_104.TestInterestRateOverride" name="test_04_charges_preview_different_rate_values" time="0.856" /><testcase classname="backend.tests.test_interest_rate_override_104.TestInterestRateOverride" name="test_05_generate_interest_with_rate_override_no_save" time="0.691" /><testcase classname="backend.tests.test_interest_rate_override_104.TestInterestRateOverride" name="test_06_generate_interest_with_rate_override_and_save" time="0.744" /><testcase classname="backend.tests.test_interest_rate_override_104.TestInterestRateOverride" name="test_07_generate_interest_no_rate_returns_message" time="0.428" /><testcase classname="backend.tests.test_interest_rate_override_104.TestInterestRateOverride" name="test_08_get_customer_invoices" time="0.431" /><testcase classname="backend.tests.test_interest_rate_override_104.TestInterestCalculationCorrectness" name="test_interest_formula_verification" time="0.532" /></testsuite></testsuites>