<?xml version="1.0" encoding="utf-8"?><testsuites name="pytest tests"><testsuite name="pytest" errors="0" failures="5" skipped="7" tests="13" time="1.204" timestamp="2026-02-26T11:33:48.650767+00:00" hostname="agent-env-e8040a07-6e42-4f8c-abed-22d6df1b8110"><testcase classname="backend.tests.test_branch_transfer_enhanced_61.TestGenerateBranchTransfer" name="test_create_stock_request" time="0.511"><failure message="AssertionError: Create stock request failed: {&quot;detail&quot;:&quot;Invalid token&quot;}&#10;assert 401 == 200&#10; +  where 401 = &lt;Response [401]&gt;.status_code">backend/tests/test_branch_transfer_enhanced_61.py:72: in test_create_stock_request
    assert response.status_code == 200, f"Create stock request failed: {response.text}"
E   AssertionError: Create stock request failed: {"detail":"Invalid token"}
E   assert 401 == 200
E    +  where 401 = &lt;Response [401]&gt;.status_code</failure></testcase><testcase classname="backend.tests.test_branch_transfer_enhanced_61.TestGenerateBranchTransfer" name="test_generate_branch_transfer_returns_enhanced_data" time="0.000"><skipped type="pytest.skip" message="No stock request created">/app/backend/tests/test_branch_transfer_enhanced_61.py:88: No stock request created</skipped></testcase><testcase classname="backend.tests.test_branch_transfer_enhanced_61.TestGenerateBranchTransfer" name="test_stock_request_status_changes_to_in_progress" time="0.000"><skipped type="pytest.skip" message="No stock request created">/app/backend/tests/test_branch_transfer_enhanced_61.py:135: No stock request created</skipped></testcase><testcase classname="backend.tests.test_branch_transfer_enhanced_61.TestTransferCreationWithRequestLink" name="test_create_transfer_from_request_data" time="0.000"><skipped type="pytest.skip" message="No transfer data from generate endpoint">/app/backend/tests/test_branch_transfer_enhanced_61.py:161: No transfer data from generate endpoint</skipped></testcase><testcase classname="backend.tests.test_branch_transfer_enhanced_61.TestTransferCreationWithRequestLink" name="test_transfer_get_shows_request_link" time="0.000"><skipped type="pytest.skip" message="No transfer created">/app/backend/tests/test_branch_transfer_enhanced_61.py:203: No transfer created</skipped></testcase><testcase classname="backend.tests.test_branch_transfer_enhanced_61.TestTransferReceiveUpdatesRequestStatus" name="test_send_transfer" time="0.000"><skipped type="pytest.skip" message="No transfer created">/app/backend/tests/test_branch_transfer_enhanced_61.py:221: No transfer created</skipped></testcase><testcase classname="backend.tests.test_branch_transfer_enhanced_61.TestTransferReceiveUpdatesRequestStatus" name="test_receive_transfer_updates_request_status" time="0.000"><skipped type="pytest.skip" message="No transfer or stock request created">/app/backend/tests/test_branch_transfer_enhanced_61.py:233: No transfer or stock request created</skipped></testcase><testcase classname="backend.tests.test_branch_transfer_enhanced_61.TestIncomingRequestsEndpoint" name="test_incoming_requests_returns_requests" time="0.120"><failure message="AssertionError: Failed: {&quot;detail&quot;:&quot;Invalid token&quot;}&#10;assert 401 == 200&#10; +  where 401 = &lt;Response [401]&gt;.status_code">backend/tests/test_branch_transfer_enhanced_61.py:304: in test_incoming_requests_returns_requests
    assert response.status_code == 200, f"Failed: {response.text}"
E   AssertionError: Failed: {"detail":"Invalid token"}
E   assert 401 == 200
E    +  where 401 = &lt;Response [401]&gt;.status_code</failure></testcase><testcase classname="backend.tests.test_branch_transfer_enhanced_61.TestGenerateTransferEdgeCases" name="test_generate_transfer_404_for_nonexistent_po" time="0.107"><failure message="assert 401 == 404&#10; +  where 401 = &lt;Response [401]&gt;.status_code">backend/tests/test_branch_transfer_enhanced_61.py:321: in test_generate_transfer_404_for_nonexistent_po
    assert response.status_code == 404
E   assert 401 == 404
E    +  where 401 = &lt;Response [401]&gt;.status_code</failure></testcase><testcase classname="backend.tests.test_branch_transfer_enhanced_61.TestGenerateTransferEdgeCases" name="test_generate_transfer_400_for_non_branch_request" time="0.103"><skipped type="pytest.skip" message="Could not fetch POs">/app/backend/tests/test_branch_transfer_enhanced_61.py:347: Could not fetch POs</skipped></testcase><testcase classname="backend.tests.test_branch_transfer_enhanced_61.TestBranchTransfersList" name="test_list_transfers_returns_data" time="0.109"><failure message="AssertionError: Failed: {&quot;detail&quot;:&quot;Invalid token&quot;}&#10;assert 401 == 200&#10; +  where 401 = &lt;Response [401]&gt;.status_code">backend/tests/test_branch_transfer_enhanced_61.py:357: in test_list_transfers_returns_data
    assert response.status_code == 200, f"Failed: {response.text}"
E   AssertionError: Failed: {"detail":"Invalid token"}
E   assert 401 == 200
E    +  where 401 = &lt;Response [401]&gt;.status_code</failure></testcase><testcase classname="backend.tests.test_branch_transfer_enhanced_61.TestBranchTransfersList" name="test_list_transfers_with_branch_filter" time="0.101"><failure message="assert 401 == 200&#10; +  where 401 = &lt;Response [401]&gt;.status_code">backend/tests/test_branch_transfer_enhanced_61.py:379: in test_list_transfers_with_branch_filter
    assert response.status_code == 200
E   assert 401 == 200
E    +  where 401 = &lt;Response [401]&gt;.status_code</failure></testcase><testcase classname="backend.tests.test_branch_transfer_enhanced_61.TestCleanup" name="test_cleanup_test_transfer" time="0.000" /></testsuite></testsuites>