<?xml version="1.0" encoding="utf-8"?><testsuites name="pytest tests"><testsuite name="pytest" errors="0" failures="0" skipped="15" tests="15" time="0.939" timestamp="2026-03-01T08:30:56.693099+00:00" hostname="agent-env-2d6caa5b-57c6-4514-9c16-70725bd74eb4"><testcase classname="backend.tests.test_payment_pipeline_bugs_80.TestDailyClosePreviewVoidedExclusion" name="test_daily_close_preview_endpoint_accessible" time="0.832"><skipped type="pytest.skip" message="Authentication failed: {&quot;detail&quot;:&quot;Invalid credentials&quot;}">/app/backend/tests/test_payment_pipeline_bugs_80.py:84: Authentication failed: {"detail":"Invalid credentials"}</skipped></testcase><testcase classname="backend.tests.test_payment_pipeline_bugs_80.TestDailyClosePreviewVoidedExclusion" name="test_unclosed_days_excludes_voided" time="0.000"><skipped type="pytest.skip" message="Authentication failed: {&quot;detail&quot;:&quot;Invalid credentials&quot;}">/app/backend/tests/test_payment_pipeline_bugs_80.py:97: Authentication failed: {"detail":"Invalid credentials"}</skipped></testcase><testcase classname="backend.tests.test_payment_pipeline_bugs_80.TestSalesHistorySearchWithDateFilter" name="test_search_preserves_date_filter" time="0.000"><skipped type="pytest.skip" message="Authentication failed: {&quot;detail&quot;:&quot;Invalid credentials&quot;}">/app/backend/tests/test_payment_pipeline_bugs_80.py:118: Authentication failed: {"detail":"Invalid credentials"}</skipped></testcase><testcase classname="backend.tests.test_payment_pipeline_bugs_80.TestSalesHistorySearchWithDateFilter" name="test_search_does_not_return_other_dates" time="0.000"><skipped type="pytest.skip" message="Authentication failed: {&quot;detail&quot;:&quot;Invalid credentials&quot;}">/app/backend/tests/test_payment_pipeline_bugs_80.py:149: Authentication failed: {"detail":"Invalid credentials"}</skipped></testcase><testcase classname="backend.tests.test_payment_pipeline_bugs_80.TestARPaymentRouting" name="test_receivables_endpoint_accessible" time="0.000"><skipped type="pytest.skip" message="Authentication failed: {&quot;detail&quot;:&quot;Invalid credentials&quot;}">/app/backend/tests/test_payment_pipeline_bugs_80.py:171: Authentication failed: {"detail":"Invalid credentials"}</skipped></testcase><testcase classname="backend.tests.test_payment_pipeline_bugs_80.TestARPaymentRouting" name="test_fund_wallets_exist" time="0.000"><skipped type="pytest.skip" message="Authentication failed: {&quot;detail&quot;:&quot;Invalid credentials&quot;}">/app/backend/tests/test_payment_pipeline_bugs_80.py:177: Authentication failed: {"detail":"Invalid credentials"}</skipped></testcase><testcase classname="backend.tests.test_payment_pipeline_bugs_80.TestInvoicePaymentType" name="test_create_cash_invoice_has_payment_type" time="0.000"><skipped type="pytest.skip" message="Authentication failed: {&quot;detail&quot;:&quot;Invalid credentials&quot;}">/app/backend/tests/test_payment_pipeline_bugs_80.py:203: Authentication failed: {"detail":"Invalid credentials"}</skipped></testcase><testcase classname="backend.tests.test_payment_pipeline_bugs_80.TestInvoicePaymentType" name="test_create_credit_invoice_has_payment_type" time="0.000"><skipped type="pytest.skip" message="Authentication failed: {&quot;detail&quot;:&quot;Invalid credentials&quot;}">/app/backend/tests/test_payment_pipeline_bugs_80.py:236: Authentication failed: {"detail":"Invalid credentials"}</skipped></testcase><testcase classname="backend.tests.test_payment_pipeline_bugs_80.TestVoidInvoicePaymentReversal" name="test_void_requires_manager_pin" time="0.000"><skipped type="pytest.skip" message="Authentication failed: {&quot;detail&quot;:&quot;Invalid credentials&quot;}">/app/backend/tests/test_payment_pipeline_bugs_80.py:272: Authentication failed: {"detail":"Invalid credentials"}</skipped></testcase><testcase classname="backend.tests.test_payment_pipeline_bugs_80.TestVoidInvoicePaymentReversal" name="test_void_endpoint_structure" time="0.000"><skipped type="pytest.skip" message="Authentication failed: {&quot;detail&quot;:&quot;Invalid credentials&quot;}">/app/backend/tests/test_payment_pipeline_bugs_80.py:301: Authentication failed: {"detail":"Invalid credentials"}</skipped></testcase><testcase classname="backend.tests.test_payment_pipeline_bugs_80.TestCustomerReceivePayment" name="test_customer_payment_endpoint_accessible" time="0.000"><skipped type="pytest.skip" message="Authentication failed: {&quot;detail&quot;:&quot;Invalid credentials&quot;}">/app/backend/tests/test_payment_pipeline_bugs_80.py:360: Authentication failed: {"detail":"Invalid credentials"}</skipped></testcase><testcase classname="backend.tests.test_payment_pipeline_bugs_80.TestApiEndpointsHealth" name="test_auth_works" time="0.000"><skipped type="pytest.skip" message="Authentication failed: {&quot;detail&quot;:&quot;Invalid credentials&quot;}">/app/backend/tests/test_payment_pipeline_bugs_80.py:379: Authentication failed: {"detail":"Invalid credentials"}</skipped></testcase><testcase classname="backend.tests.test_payment_pipeline_bugs_80.TestApiEndpointsHealth" name="test_daily_operations_endpoints" time="0.007"><skipped type="pytest.skip" message="Authentication failed: {&quot;detail&quot;:&quot;Invalid credentials&quot;}">/app/backend/tests/test_payment_pipeline_bugs_80.py:384: Authentication failed: {"detail":"Invalid credentials"}</skipped></testcase><testcase classname="backend.tests.test_payment_pipeline_bugs_80.TestApiEndpointsHealth" name="test_invoices_endpoints" time="0.000"><skipped type="pytest.skip" message="Authentication failed: {&quot;detail&quot;:&quot;Invalid credentials&quot;}">/app/backend/tests/test_payment_pipeline_bugs_80.py:399: Authentication failed: {"detail":"Invalid credentials"}</skipped></testcase><testcase classname="backend.tests.test_payment_pipeline_bugs_80.TestApiEndpointsHealth" name="test_accounting_endpoints" time="0.000"><skipped type="pytest.skip" message="Authentication failed: {&quot;detail&quot;:&quot;Invalid credentials&quot;}">/app/backend/tests/test_payment_pipeline_bugs_80.py:412: Authentication failed: {"detail":"Invalid credentials"}</skipped></testcase></testsuite></testsuites>