<?xml version="1.0" encoding="utf-8"?><testsuites name="pytest tests"><testsuite name="pytest" errors="0" failures="18" skipped="0" tests="34" time="6.134" timestamp="2026-02-27T01:27:40.160946+00:00" hostname="agent-env-f381c4bc-63d7-44b0-ae7d-fdd1b7d4d43f"><testcase classname="backend.tests.test_incident_tickets_71.TestIncidentTicketsSystem" name="test_01_get_branches_for_transfer" time="0.735" /><testcase classname="backend.tests.test_incident_tickets_71.TestIncidentTicketsSystem" name="test_02_get_product_for_transfer" time="0.164" /><testcase classname="backend.tests.test_incident_tickets_71.TestIncidentTicketsSystem" name="test_03_create_draft_transfer_for_variance_test" time="0.223" /><testcase classname="backend.tests.test_incident_tickets_71.TestIncidentTicketsSystem" name="test_04_send_transfer" time="0.204" /><testcase classname="backend.tests.test_incident_tickets_71.TestIncidentTicketsSystem" name="test_05_receive_transfer_with_variance" time="0.160" /><testcase classname="backend.tests.test_incident_tickets_71.TestIncidentTicketsSystem" name="test_06_verify_transfer_is_pending" time="0.156" /><testcase classname="backend.tests.test_incident_tickets_71.TestIncidentTicketsSystem" name="test_08_create_second_transfer_for_incident_test" time="0.113" /><testcase classname="backend.tests.test_incident_tickets_71.TestIncidentTicketsSystem" name="test_09_send_second_transfer" time="0.215" /><testcase classname="backend.tests.test_incident_tickets_71.TestIncidentTicketsSystem" name="test_10_receive_second_transfer_with_shortage" time="0.160" /><testcase classname="backend.tests.test_incident_tickets_71.TestIncidentTicketsSystem" name="test_11_accept_receipt_with_incident" time="0.212"><failure message="AssertionError: Failed to accept receipt: {&quot;detail&quot;:&quot;Insufficient stock for 'TEST_IncidentTicket_Product2' in source branch: have 0, need 15&quot;}&#10;assert 400 == 200&#10; +  where 400 = &lt;Response [400]&gt;.status_code">backend/tests/test_incident_tickets_71.py:233: in test_11_accept_receipt_with_incident
    assert resp.status_code == 200, f"Failed to accept receipt: {resp.text}"
E   AssertionError: Failed to accept receipt: {"detail":"Insufficient stock for 'TEST_IncidentTicket_Product2' in source branch: have 0, need 15"}
E   assert 400 == 200
E    +  where 400 = &lt;Response [400]&gt;.status_code</failure></testcase><testcase classname="backend.tests.test_incident_tickets_71.TestIncidentTicketsSystem" name="test_12_list_incident_tickets" time="0.113"><failure message="AssertionError: Expected at least 1 ticket after creation&#10;assert 0 &gt;= 1">backend/tests/test_incident_tickets_71.py:251: in test_12_list_incident_tickets
    assert data["total"] &gt;= 1, "Expected at least 1 ticket after creation"
E   AssertionError: Expected at least 1 ticket after creation
E   assert 0 &gt;= 1</failure></testcase><testcase classname="backend.tests.test_incident_tickets_71.TestIncidentTicketsSystem" name="test_13_list_tickets_with_status_filter" time="0.126" /><testcase classname="backend.tests.test_incident_tickets_71.TestIncidentTicketsSystem" name="test_14_get_incident_summary" time="0.148" /><testcase classname="backend.tests.test_incident_tickets_71.TestIncidentTicketsSystem" name="test_15_get_incident_ticket_detail" time="0.116"><failure message="AssertionError: Failed to get ticket detail: {&quot;detail&quot;:&quot;Ticket not found&quot;}&#10;assert 404 == 200&#10; +  where 404 = &lt;Response [404]&gt;.status_code">backend/tests/test_incident_tickets_71.py:289: in test_15_get_incident_ticket_detail
    assert resp.status_code == 200, f"Failed to get ticket detail: {resp.text}"
E   AssertionError: Failed to get ticket detail: {"detail":"Ticket not found"}
E   assert 404 == 200
E    +  where 404 = &lt;Response [404]&gt;.status_code</failure></testcase><testcase classname="backend.tests.test_incident_tickets_71.TestIncidentTicketsSystem" name="test_16_assign_ticket" time="0.108"><failure message="AssertionError: Failed to assign ticket: {&quot;detail&quot;:&quot;Ticket not found&quot;}&#10;assert 404 == 200&#10; +  where 404 = &lt;Response [404]&gt;.status_code">backend/tests/test_incident_tickets_71.py:325: in test_16_assign_ticket
    assert resp.status_code == 200, f"Failed to assign ticket: {resp.text}"
E   AssertionError: Failed to assign ticket: {"detail":"Ticket not found"}
E   assert 404 == 200
E    +  where 404 = &lt;Response [404]&gt;.status_code</failure></testcase><testcase classname="backend.tests.test_incident_tickets_71.TestIncidentTicketsSystem" name="test_17_verify_ticket_is_investigating" time="0.124"><failure message="assert 404 == 200&#10; +  where 404 = &lt;Response [404]&gt;.status_code">backend/tests/test_incident_tickets_71.py:334: in test_17_verify_ticket_is_investigating
    assert resp.status_code == 200
E   assert 404 == 200
E    +  where 404 = &lt;Response [404]&gt;.status_code</failure></testcase><testcase classname="backend.tests.test_incident_tickets_71.TestIncidentTicketsSystem" name="test_18_add_note_to_ticket" time="0.139"><failure message="AssertionError: Failed to add note: {&quot;detail&quot;:&quot;Ticket not found&quot;}&#10;assert 404 == 200&#10; +  where 404 = &lt;Response [404]&gt;.status_code">backend/tests/test_incident_tickets_71.py:361: in test_18_add_note_to_ticket
    assert resp.status_code == 200, f"Failed to add note: {resp.text}"
E   AssertionError: Failed to add note: {"detail":"Ticket not found"}
E   assert 404 == 200
E    +  where 404 = &lt;Response [404]&gt;.status_code</failure></testcase><testcase classname="backend.tests.test_incident_tickets_71.TestIncidentTicketsSystem" name="test_19_verify_note_in_timeline" time="0.164"><failure message="assert 404 == 200&#10; +  where 404 = &lt;Response [404]&gt;.status_code">backend/tests/test_incident_tickets_71.py:370: in test_19_verify_note_in_timeline
    assert resp.status_code == 200
E   assert 404 == 200
E    +  where 404 = &lt;Response [404]&gt;.status_code</failure></testcase><testcase classname="backend.tests.test_incident_tickets_71.TestIncidentTicketsSystem" name="test_20_add_note_requires_content" time="0.123"><failure message="AssertionError: Expected 400 for empty note, got 404&#10;assert 404 == 400&#10; +  where 404 = &lt;Response [404]&gt;.status_code">backend/tests/test_incident_tickets_71.py:387: in test_20_add_note_requires_content
    assert resp.status_code == 400, f"Expected 400 for empty note, got {resp.status_code}"
E   AssertionError: Expected 400 for empty note, got 404
E   assert 404 == 400
E    +  where 404 = &lt;Response [404]&gt;.status_code</failure></testcase><testcase classname="backend.tests.test_incident_tickets_71.TestIncidentTicketsSystem" name="test_21_resolve_ticket" time="0.126"><failure message="AssertionError: Failed to resolve ticket: {&quot;detail&quot;:&quot;Ticket not found&quot;}&#10;assert 404 == 200&#10; +  where 404 = &lt;Response [404]&gt;.status_code">backend/tests/test_incident_tickets_71.py:408: in test_21_resolve_ticket
    assert resp.status_code == 200, f"Failed to resolve ticket: {resp.text}"
E   AssertionError: Failed to resolve ticket: {"detail":"Ticket not found"}
E   assert 404 == 200
E    +  where 404 = &lt;Response [404]&gt;.status_code</failure></testcase><testcase classname="backend.tests.test_incident_tickets_71.TestIncidentTicketsSystem" name="test_22_verify_ticket_resolved_state" time="0.106"><failure message="assert 404 == 200&#10; +  where 404 = &lt;Response [404]&gt;.status_code">backend/tests/test_incident_tickets_71.py:417: in test_22_verify_ticket_resolved_state
    assert resp.status_code == 200
E   assert 404 == 200
E    +  where 404 = &lt;Response [404]&gt;.status_code</failure></testcase><testcase classname="backend.tests.test_incident_tickets_71.TestIncidentTicketsSystem" name="test_23_resolve_requires_note" time="0.163"><failure message="AssertionError: Unexpected status: 404&#10;assert 404 in [400, 200]&#10; +  where 404 = &lt;Response [404]&gt;.status_code">backend/tests/test_incident_tickets_71.py:441: in test_23_resolve_requires_note
    assert resp.status_code in [400, 200], f"Unexpected status: {resp.status_code}"
E   AssertionError: Unexpected status: 404
E   assert 404 in [400, 200]
E    +  where 404 = &lt;Response [404]&gt;.status_code</failure></testcase><testcase classname="backend.tests.test_incident_tickets_71.TestIncidentTicketsSystem" name="test_24_close_ticket_admin" time="0.113"><failure message="AssertionError: Failed to close ticket: {&quot;detail&quot;:&quot;Ticket not found&quot;}&#10;assert 404 == 200&#10; +  where 404 = &lt;Response [404]&gt;.status_code">backend/tests/test_incident_tickets_71.py:461: in test_24_close_ticket_admin
    assert resp.status_code == 200, f"Failed to close ticket: {resp.text}"
E   AssertionError: Failed to close ticket: {"detail":"Ticket not found"}
E   assert 404 == 200
E    +  where 404 = &lt;Response [404]&gt;.status_code</failure></testcase><testcase classname="backend.tests.test_incident_tickets_71.TestIncidentTicketsSystem" name="test_25_verify_ticket_closed_state" time="0.119"><failure message="assert 404 == 200&#10; +  where 404 = &lt;Response [404]&gt;.status_code">backend/tests/test_incident_tickets_71.py:470: in test_25_verify_ticket_closed_state
    assert resp.status_code == 200
E   assert 404 == 200
E    +  where 404 = &lt;Response [404]&gt;.status_code</failure></testcase><testcase classname="backend.tests.test_incident_tickets_71.TestIncidentTicketsSystem" name="test_26_get_nonexistent_ticket" time="0.133" /><testcase classname="backend.tests.test_incident_tickets_71.TestIncidentTicketsSystem" name="test_27_check_audit_log_for_variance_acceptance" time="0.166" /><testcase classname="backend.tests.test_incident_tickets_71.TestIncidentTicketsSystem" name="test_28_check_audit_log_for_incident_resolved" time="0.152" /><testcase classname="backend.tests.test_incident_tickets_71.TestIncidentTicketsSystem" name="test_29_list_tickets_by_transfer_id" time="0.141" /><testcase classname="backend.tests.test_incident_tickets_71.TestIncidentTicketsSystem" name="test_30_list_tickets_by_branch" time="0.120" /><testcase classname="backend.tests.test_incident_tickets_71.TestAcceptReceiptWithAcceptAction" name="test_31_create_transfer_for_accept_only" time="0.525"><failure message="AttributeError: 'list' object has no attribute 'get'">backend/tests/test_incident_tickets_71.py:585: in test_31_create_transfer_for_accept_only
    branches = data.get("branches", data)
               ^^^^^^^^
E   AttributeError: 'list' object has no attribute 'get'</failure></testcase><testcase classname="backend.tests.test_incident_tickets_71.TestAcceptReceiptWithAcceptAction" name="test_32_send_transfer" time="0.148"><failure message="assert 404 == 200&#10; +  where 404 = &lt;Response [404]&gt;.status_code">backend/tests/test_incident_tickets_71.py:621: in test_32_send_transfer
    assert resp.status_code == 200
E   assert 404 == 200
E    +  where 404 = &lt;Response [404]&gt;.status_code</failure></testcase><testcase classname="backend.tests.test_incident_tickets_71.TestAcceptReceiptWithAcceptAction" name="test_33_receive_with_variance" time="0.116"><failure message="assert 404 == 200&#10; +  where 404 = &lt;Response [404]&gt;.status_code">backend/tests/test_incident_tickets_71.py:638: in test_33_receive_with_variance
    assert resp.status_code == 200
E   assert 404 == 200
E    +  where 404 = &lt;Response [404]&gt;.status_code</failure></testcase><testcase classname="backend.tests.test_incident_tickets_71.TestAcceptReceiptWithAcceptAction" name="test_34_accept_with_accept_action" time="0.117"><failure message="AssertionError: Failed: {&quot;detail&quot;:&quot;Transfer not found&quot;}&#10;assert 404 == 200&#10; +  where 404 = &lt;Response [404]&gt;.status_code">backend/tests/test_incident_tickets_71.py:656: in test_34_accept_with_accept_action
    assert resp.status_code == 200, f"Failed: {resp.text}"
E   AssertionError: Failed: {"detail":"Transfer not found"}
E   assert 404 == 200
E    +  where 404 = &lt;Response [404]&gt;.status_code</failure></testcase><testcase classname="backend.tests.test_incident_tickets_71.TestAcceptReceiptWithAcceptAction" name="test_35_verify_transfer_final_state" time="0.121"><failure message="assert 404 == 200&#10; +  where 404 = &lt;Response [404]&gt;.status_code">backend/tests/test_incident_tickets_71.py:668: in test_35_verify_transfer_final_state
    assert resp.status_code == 200
E   assert 404 == 200
E    +  where 404 = &lt;Response [404]&gt;.status_code</failure></testcase></testsuite></testsuites>