<?xml version="1.0" encoding="utf-8"?><testsuites name="pytest tests"><testsuite name="pytest" errors="0" failures="0" skipped="0" tests="8" time="1.906" timestamp="2026-02-26T13:19:03.024343+00:00" hostname="agent-env-e8040a07-6e42-4f8c-abed-22d6df1b8110"><testcase classname="backend.tests.test_phase_b_smart_caching_66.TestPhaseBDeltaSync" name="test_full_sync_returns_is_delta_false" time="0.546" /><testcase classname="backend.tests.test_phase_b_smart_caching_66.TestPhaseBDeltaSync" name="test_full_sync_returns_required_fields" time="0.155" /><testcase classname="backend.tests.test_phase_b_smart_caching_66.TestPhaseBDeltaSync" name="test_delta_sync_returns_is_delta_true" time="0.163" /><testcase classname="backend.tests.test_phase_b_smart_caching_66.TestPhaseBDeltaSync" name="test_delta_sync_returns_fewer_products_recent" time="0.000" /><testcase classname="backend.tests.test_phase_b_smart_caching_66.TestPhaseBDeltaSync" name="test_delta_sync_very_recent_timestamp" time="0.113" /><testcase classname="backend.tests.test_phase_b_smart_caching_66.TestPhaseBDeltaSync" name="test_delta_sync_with_branch_id" time="0.293" /><testcase classname="backend.tests.test_phase_b_smart_caching_66.TestPhaseBDeltaSync" name="test_sync_time_format_valid" time="0.118" /><testcase classname="backend.tests.test_phase_b_smart_caching_66.TestPhaseBSyncEstimate" name="test_sync_estimate_returns_counts" time="0.450" /></testsuite></testsuites>