<?xml version="1.0" encoding="utf-8"?><testsuites name="pytest tests"><testsuite name="pytest" errors="0" failures="0" skipped="0" tests="8" time="3.774" timestamp="2026-02-26T09:15:58.655178+00:00" hostname="agent-env-6d9fcdf4-7818-427e-b2d1-1faabd8d5ea0"><testcase classname="backend.tests.test_split_payment_allocation_56.TestSplitPaymentAllocation" name="test_split_payment_allocation_in_history_totals" time="0.410" /><testcase classname="backend.tests.test_split_payment_allocation_56.TestSplitPaymentAllocation" name="test_pure_digital_payment_goes_to_digital_total" time="0.448" /><testcase classname="backend.tests.test_split_payment_allocation_56.TestSplitPaymentAllocation" name="test_cash_payment_goes_to_cash_total" time="0.394" /><testcase classname="backend.tests.test_split_payment_allocation_56.TestSplitPaymentAllocation" name="test_credit_payment_goes_to_credit_total" time="0.396" /><testcase classname="backend.tests.test_split_payment_allocation_56.TestSplitPaymentAllocation" name="test_verify_specific_split_invoice_data" time="0.507" /><testcase classname="backend.tests.test_split_payment_allocation_56.TestDashboardSplitAllocation" name="test_dashboard_stats_split_allocation" time="0.396" /><testcase classname="backend.tests.test_split_payment_allocation_56.TestDashboardSplitAllocation" name="test_branch_summary_split_allocation" time="0.741" /><testcase classname="backend.tests.test_split_payment_allocation_56.TestSplitBadgeDisplay" name="test_split_invoices_have_badge_data" time="0.426" /></testsuite></testsuites>