<?xml version="1.0" encoding="utf-8"?><testsuites name="pytest tests"><testsuite name="pytest" errors="0" failures="0" skipped="0" tests="14" time="2.567" timestamp="2026-04-02T05:27:32.252666+00:00" hostname="agent-env-26f63025-133d-4fb4-a41f-7d59a255cab2"><testcase classname="backend.tests.test_sms_branch_filtering_153.TestConversationsFiltering" name="test_conversations_no_branch_id_returns_all" time="0.585" /><testcase classname="backend.tests.test_sms_branch_filtering_153.TestConversationsFiltering" name="test_conversations_with_branch_id_filters_correctly" time="0.232" /><testcase classname="backend.tests.test_sms_branch_filtering_153.TestConversationsFiltering" name="test_conversations_branch_filter_only_shows_branch_phones" time="0.114" /><testcase classname="backend.tests.test_sms_branch_filtering_153.TestConversationsFiltering" name="test_conversations_unknown_branch_returns_empty" time="0.109" /><testcase classname="backend.tests.test_sms_branch_filtering_153.TestConversationsFiltering" name="test_conversations_has_branch_names_field" time="0.108" /><testcase classname="backend.tests.test_sms_branch_filtering_153.TestManualSendSignature" name="test_send_auto_appends_signature_with_branch" time="0.116" /><testcase classname="backend.tests.test_sms_branch_filtering_153.TestManualSendSignature" name="test_send_auto_appends_signature_without_branch" time="0.111" /><testcase classname="backend.tests.test_sms_branch_filtering_153.TestManualSendSignature" name="test_send_stores_sent_by_name" time="0.118" /><testcase classname="backend.tests.test_sms_branch_filtering_153.TestManualSendSignature" name="test_send_stores_branch_id_and_name" time="0.097" /><testcase classname="backend.tests.test_sms_branch_filtering_153.TestManualSendSignature" name="test_send_requires_phone_and_message" time="0.199" /><testcase classname="backend.tests.test_sms_branch_filtering_153.TestConversationThread" name="test_conversation_thread_has_branch_fields_on_outgoing" time="0.204" /><testcase classname="backend.tests.test_sms_branch_filtering_153.TestConversationThread" name="test_conversation_thread_signature_in_message" time="0.205" /><testcase classname="backend.tests.test_sms_branch_filtering_153.TestConversationThread" name="test_conversation_thread_branch1_known_phone" time="0.112" /><testcase classname="backend.tests.test_sms_branch_filtering_153.TestSettingsAndCompanyName" name="test_business_info_endpoint_returns_company_name" time="0.120" /></testsuite></testsuites>