<?xml version="1.0" encoding="utf-8"?><testsuites name="pytest tests"><testsuite name="pytest" errors="0" failures="0" skipped="2" tests="11" time="4.700" timestamp="2026-03-02T02:23:31.614915+00:00" hostname="agent-env-92749df2-9b23-42c0-b889-b92517b65d27"><testcase classname="backend.tests.test_bug_fixes_iteration_85.TestBugFixesIteration85" name="test_bug1_farm_expense_returns_message_field" time="0.550"><skipped type="pytest.skip" message="No credit customer available for testing">/app/backend/tests/test_bug_fixes_iteration_85.py:73: No credit customer available for testing</skipped></testcase><testcase classname="backend.tests.test_bug_fixes_iteration_85.TestBugFixesIteration85" name="test_bug1_customer_cashout_returns_message_field" time="0.418"><skipped type="pytest.skip" message="No credit customer available for testing">/app/backend/tests/test_bug_fixes_iteration_85.py:124: No credit customer available for testing</skipped></testcase><testcase classname="backend.tests.test_bug_fixes_iteration_85.TestBugFixesIteration85" name="test_bug2_daily_report_ar_credits_include_description" time="0.434" /><testcase classname="backend.tests.test_bug_fixes_iteration_85.TestBugFixesIteration85" name="test_bug2_daily_close_preview_ar_credits_include_items" time="0.411" /><testcase classname="backend.tests.test_bug_fixes_iteration_85.TestBugFixesIteration85" name="test_bug2_daily_log_includes_ar_credits_with_description" time="0.403" /><testcase classname="backend.tests.test_bug_fixes_iteration_85.TestBugFixesIteration85" name="test_bug3_daily_close_preview_uses_balance_not_grand_total" time="0.367" /><testcase classname="backend.tests.test_bug_fixes_iteration_85.TestBugFixesIteration85" name="test_bug3_daily_log_summary_uses_balance" time="0.404" /><testcase classname="backend.tests.test_bug_fixes_iteration_85.TestBugFixesIteration85" name="test_bug3_daily_report_uses_balance" time="0.376" /><testcase classname="backend.tests.test_bug_fixes_iteration_85.TestRegressionCloseWizard" name="test_daily_close_preview_loads" time="0.420" /><testcase classname="backend.tests.test_bug_fixes_iteration_85.TestRegressionCloseWizard" name="test_daily_log_loads" time="0.427" /><testcase classname="backend.tests.test_bug_fixes_iteration_85.TestRegressionCloseWizard" name="test_daily_report_loads" time="0.424" /></testsuite></testsuites>