<?xml version="1.0" encoding="utf-8"?><testsuites name="pytest tests"><testsuite name="pytest" errors="0" failures="0" skipped="0" tests="12" time="8.126" timestamp="2026-02-19T15:21:11.950227+00:00" hostname="agent-env-cb7b8709-1bdd-4311-b3cb-ad7012b8bf54"><testcase classname="tests.test_user_permissions.TestUserPermissions" name="test_get_permission_modules" time="0.589" /><testcase classname="tests.test_user_permissions.TestUserPermissions" name="test_get_permission_presets" time="1.559" /><testcase classname="tests.test_user_permissions.TestUserPermissions" name="test_get_specific_preset" time="0.469" /><testcase classname="tests.test_user_permissions.TestUserPermissions" name="test_get_invalid_preset" time="0.500" /><testcase classname="tests.test_user_permissions.TestUserPermissions" name="test_get_users_list" time="0.468" /><testcase classname="tests.test_user_permissions.TestUserPermissions" name="test_get_user_permissions" time="0.577" /><testcase classname="tests.test_user_permissions.TestUserPermissions" name="test_update_user_permissions" time="0.594" /><testcase classname="tests.test_user_permissions.TestUserPermissions" name="test_apply_preset" time="0.803" /><testcase classname="tests.test_user_permissions.TestUserPermissions" name="test_apply_invalid_preset" time="0.479" /><testcase classname="tests.test_user_permissions.TestUserPermissions" name="test_update_module_permissions" time="0.588" /><testcase classname="tests.test_user_permissions.TestUserPermissions" name="test_update_invalid_module_permissions" time="0.639" /><testcase classname="tests.test_user_permissions.TestUserPermissions" name="test_permission_changes_persist" time="0.737" /></testsuite></testsuites>