<?xml version="1.0" encoding="utf-8"?><testsuites name="pytest tests"><testsuite name="pytest" errors="0" failures="0" skipped="0" tests="18" time="13.183" timestamp="2026-02-27T03:13:46.079725+00:00" hostname="agent-env-f381c4bc-63d7-44b0-ae7d-fdd1b7d4d43f"><testcase classname="backend.tests.test_backup_management_72.TestSiteBackup" name="test_01_trigger_site_backup" time="2.376" /><testcase classname="backend.tests.test_backup_management_72.TestSiteBackup" name="test_02_list_site_backups" time="0.407" /><testcase classname="backend.tests.test_backup_management_72.TestOrgBackup" name="test_03_trigger_org_backup" time="2.547" /><testcase classname="backend.tests.test_backup_management_72.TestOrgBackup" name="test_04_list_org_backups" time="0.070" /><testcase classname="backend.tests.test_backup_management_72.TestOrgBackup" name="test_05_get_org_stats" time="0.082" /><testcase classname="backend.tests.test_backup_management_72.TestOrgBackup" name="test_06_org_not_found" time="0.089" /><testcase classname="backend.tests.test_backup_management_72.TestOrgRestore" name="test_07_restore_org_backup" time="3.190" /><testcase classname="backend.tests.test_backup_management_72.TestOrgRestore" name="test_08_restore_invalid_filename" time="1.734" /><testcase classname="backend.tests.test_backup_management_72.TestOrgSummary" name="test_09_get_org_summary" time="0.560" /><testcase classname="backend.tests.test_backup_management_72.TestScheduleConfig" name="test_10_get_schedule" time="0.073" /><testcase classname="backend.tests.test_backup_management_72.TestScheduleConfig" name="test_11_update_schedule" time="0.066" /><testcase classname="backend.tests.test_backup_management_72.TestScheduleConfig" name="test_12_verify_schedule_persisted" time="0.120" /><testcase classname="backend.tests.test_backup_management_72.TestLegacyEndpoints" name="test_13_legacy_trigger" time="1.023" /><testcase classname="backend.tests.test_backup_management_72.TestLegacyEndpoints" name="test_14_legacy_list" time="0.418" /><testcase classname="backend.tests.test_backup_management_72.TestAuthorization" name="test_15_site_backup_requires_auth" time="0.071" /><testcase classname="backend.tests.test_backup_management_72.TestAuthorization" name="test_16_org_backup_requires_auth" time="0.072" /><testcase classname="backend.tests.test_backup_management_72.TestAuthorization" name="test_17_schedule_requires_auth" time="0.105" /><testcase classname="backend.tests.test_backup_management_72.TestR2Integration" name="test_18_verify_r2_upload" time="0.087" /></testsuite></testsuites>