<?xml version="1.0" encoding="utf-8"?><testsuites name="pytest tests"><testsuite name="pytest" errors="0" failures="0" skipped="0" tests="12" time="2.824" timestamp="2026-02-27T05:43:28.668903+00:00" hostname="agent-env-64234567-51cc-4353-a625-694ca969e381"><testcase classname="backend.tests.test_barcode_scanner_features_74.TestScannerSessionAPIs" name="test_01_create_scanner_session" time="0.600" /><testcase classname="backend.tests.test_barcode_scanner_features_74.TestScannerSessionAPIs" name="test_02_get_scanner_session" time="0.214" /><testcase classname="backend.tests.test_barcode_scanner_features_74.TestScannerSessionAPIs" name="test_03_get_invalid_session_404" time="0.112" /><testcase classname="backend.tests.test_barcode_scanner_features_74.TestScannerSessionAPIs" name="test_04_close_scanner_session" time="0.244" /><testcase classname="backend.tests.test_barcode_scanner_features_74.TestScannerSessionAPIs" name="test_05_get_closed_session_returns_410" time="0.346" /><testcase classname="backend.tests.test_barcode_scanner_features_74.TestBarcodeInventoryAPI" name="test_06_get_barcode_inventory" time="0.141" /><testcase classname="backend.tests.test_barcode_scanner_features_74.TestBarcodeManagementAPIs" name="test_07_list_products_filter_parent_only" time="0.124" /><testcase classname="backend.tests.test_barcode_scanner_features_74.TestBarcodeManagementAPIs" name="test_08_bulk_generate_barcodes" time="0.118" /><testcase classname="backend.tests.test_barcode_scanner_features_74.TestBarcodeManagementAPIs" name="test_09_individual_generate_barcode" time="0.220" /><testcase classname="backend.tests.test_barcode_scanner_features_74.TestBarcodeManagementAPIs" name="test_10_product_search_with_barcode" time="0.224" /><testcase classname="backend.tests.test_barcode_scanner_features_74.TestBarcodeLookupAPI" name="test_11_barcode_lookup_found" time="0.269" /><testcase classname="backend.tests.test_barcode_scanner_features_74.TestBarcodeLookupAPI" name="test_12_barcode_lookup_not_found" time="0.135" /></testsuite></testsuites>