<?xml version="1.0" encoding="utf-8"?><testsuites name="pytest tests"><testsuite name="pytest" errors="0" failures="1" skipped="0" tests="15" time="1.548" timestamp="2026-03-10T06:43:08.977614+00:00" hostname="agent-env-fc4cc5a5-cab6-420c-8e0d-bf283f6a2dcc"><testcase classname="backend.tests.test_transaction_search_numbering_94.TestTransactionSearch" name="test_search_empty_query_returns_empty" time="0.648" /><testcase classname="backend.tests.test_transaction_search_numbering_94.TestTransactionSearch" name="test_search_walk_in_returns_invoices" time="0.055" /><testcase classname="backend.tests.test_transaction_search_numbering_94.TestTransactionSearch" name="test_search_po_type_filter" time="0.053" /><testcase classname="backend.tests.test_transaction_search_numbering_94.TestTransactionSearch" name="test_search_with_date_filters" time="0.055" /><testcase classname="backend.tests.test_transaction_search_numbering_94.TestTransactionSearch" name="test_search_invoice_type" time="0.054" /><testcase classname="backend.tests.test_transaction_search_numbering_94.TestTransactionSearch" name="test_search_expense_type" time="0.057" /><testcase classname="backend.tests.test_transaction_search_numbering_94.TestBranchCode" name="test_get_branch_code_main" time="0.055" /><testcase classname="backend.tests.test_transaction_search_numbering_94.TestBranchCode" name="test_get_branch_code_ipil" time="0.055" /><testcase classname="backend.tests.test_transaction_search_numbering_94.TestBranchCode" name="test_get_branch_code_nonexistent" time="0.052" /><testcase classname="backend.tests.test_transaction_search_numbering_94.TestNumberingFormat" name="test_list_invoices_new_format" time="0.069" /><testcase classname="backend.tests.test_transaction_search_numbering_94.TestNumberingFormat" name="test_list_purchase_orders_format" time="0.061" /><testcase classname="backend.tests.test_transaction_search_numbering_94.TestSearchResultStructure" name="test_result_has_all_fields" time="0.059" /><testcase classname="backend.tests.test_transaction_search_numbering_94.TestSearchResultStructure" name="test_search_all_types_returns_mixed" time="0.056" /><testcase classname="backend.tests.test_transaction_search_numbering_94.TestHealthAndBasicEndpoints" name="test_health_check" time="0.049"><failure message="assert 404 == 200&#10; +  where 404 = &lt;Response [404]&gt;.status_code">backend/tests/test_transaction_search_numbering_94.py:274: in test_health_check
    assert response.status_code == 200
E   assert 404 == 200
E    +  where 404 = &lt;Response [404]&gt;.status_code</failure></testcase><testcase classname="backend.tests.test_transaction_search_numbering_94.TestHealthAndBasicEndpoints" name="test_branches_list" time="0.054" /></testsuite></testsuites>