<?xml version="1.0" encoding="utf-8"?><testsuites name="pytest tests"><testsuite name="pytest" errors="0" failures="3" skipped="0" tests="11" time="4.774" timestamp="2026-03-02T02:15:53.625041+00:00" hostname="agent-env-92749df2-9b23-42c0-b889-b92517b65d27"><testcase classname="backend.tests.test_bug_fixes_iteration_85.TestBugFixesIteration85" name="test_bug1_farm_expense_returns_message_field" time="0.565"><failure message="AttributeError: 'str' object has no attribute 'get'">backend/tests/test_bug_fixes_iteration_85.py:65: in test_bug1_farm_expense_returns_message_field
    if c.get("type") == "credit":
       ^^^^^
E   AttributeError: 'str' object has no attribute 'get'</failure></testcase><testcase classname="backend.tests.test_bug_fixes_iteration_85.TestBugFixesIteration85" name="test_bug1_customer_cashout_returns_message_field" time="0.412"><failure message="AttributeError: 'str' object has no attribute 'get'">backend/tests/test_bug_fixes_iteration_85.py:113: in test_bug1_customer_cashout_returns_message_field
    if c.get("type") == "credit":
       ^^^^^
E   AttributeError: 'str' object has no attribute 'get'</failure></testcase><testcase classname="backend.tests.test_bug_fixes_iteration_85.TestBugFixesIteration85" name="test_bug2_daily_report_ar_credits_include_description" time="0.424" /><testcase classname="backend.tests.test_bug_fixes_iteration_85.TestBugFixesIteration85" name="test_bug2_daily_close_preview_ar_credits_include_items" time="0.400" /><testcase classname="backend.tests.test_bug_fixes_iteration_85.TestBugFixesIteration85" name="test_bug2_daily_log_includes_ar_credits_with_description" time="0.393" /><testcase classname="backend.tests.test_bug_fixes_iteration_85.TestBugFixesIteration85" name="test_bug3_daily_close_preview_uses_balance_not_grand_total" time="0.410" /><testcase classname="backend.tests.test_bug_fixes_iteration_85.TestBugFixesIteration85" name="test_bug3_daily_log_summary_uses_balance" time="0.395" /><testcase classname="backend.tests.test_bug_fixes_iteration_85.TestBugFixesIteration85" name="test_bug3_daily_report_uses_balance" time="0.409" /><testcase classname="backend.tests.test_bug_fixes_iteration_85.TestRegressionCloseWizard" name="test_daily_close_preview_loads" time="0.405" /><testcase classname="backend.tests.test_bug_fixes_iteration_85.TestRegressionCloseWizard" name="test_daily_log_loads" time="0.399" /><testcase classname="backend.tests.test_bug_fixes_iteration_85.TestRegressionCloseWizard" name="test_daily_report_loads" time="0.431"><failure message="AssertionError: Missing total_revenue&#10;assert 'total_revenue' in {'advance_expenses': [], 'ar_credits_today': [{'customer_name': 'Credit Customer 264ebc6f', 'grand_total': 50.0, 'invoice_number': 'SVC-20260302-0011', 'items': [{'description': '2 hours of tilling', 'discount_amount': 0, 'discount_type': 'amount', 'discount_value': 0, ...}], ...}], 'cashier_wallet_balance': 12325.0, 'credit_collections': [], ...}">backend/tests/test_bug_fixes_iteration_85.py:386: in test_daily_report_loads
    assert "total_revenue" in data, "Missing total_revenue"
E   AssertionError: Missing total_revenue
E   assert 'total_revenue' in {'advance_expenses': [], 'ar_credits_today': [{'customer_name': 'Credit Customer 264ebc6f', 'grand_total': 50.0, 'invoice_number': 'SVC-20260302-0011', 'items': [{'description': '2 hours of tilling', 'discount_amount': 0, 'discount_type': 'amount', 'discount_value': 0, ...}], ...}], 'cashier_wallet_balance': 12325.0, 'credit_collections': [], ...}</failure></testcase></testsuite></testsuites>