<?xml version="1.0" encoding="utf-8"?><testsuites name="pytest tests"><testsuite name="pytest" errors="0" failures="0" skipped="0" tests="35" time="5.534" timestamp="2026-02-25T02:32:18.064616+00:00" hostname="agent-env-c37cf9c0-a79f-4021-86ea-d29cc137cb1c"><testcase classname="backend.tests.test_saas_multitenancy.TestPlansEndpoint" name="test_plans_returns_200" time="0.205" /><testcase classname="backend.tests.test_saas_multitenancy.TestPlansEndpoint" name="test_plans_has_three_plans" time="0.061" /><testcase classname="backend.tests.test_saas_multitenancy.TestPlansEndpoint" name="test_plans_basic_php_1500" time="0.064" /><testcase classname="backend.tests.test_saas_multitenancy.TestPlansEndpoint" name="test_plans_standard_php_4000" time="0.064" /><testcase classname="backend.tests.test_saas_multitenancy.TestPlansEndpoint" name="test_plans_pro_php_7500" time="0.056" /><testcase classname="backend.tests.test_saas_multitenancy.TestPlansEndpoint" name="test_plans_has_trial_info" time="0.066" /><testcase classname="backend.tests.test_saas_multitenancy.TestOrganizationRegistration" name="test_register_new_org_success" time="0.288" /><testcase classname="backend.tests.test_saas_multitenancy.TestOrganizationRegistration" name="test_register_duplicate_email_fails" time="0.346" /><testcase classname="backend.tests.test_saas_multitenancy.TestOrganizationRegistration" name="test_register_missing_required_fields_fails" time="0.072" /><testcase classname="backend.tests.test_saas_multitenancy.TestOrganizationRegistration" name="test_register_creates_trial_subscription" time="0.295" /><testcase classname="backend.tests.test_saas_multitenancy.TestLogin" name="test_owner_login_with_username" time="0.294" /><testcase classname="backend.tests.test_saas_multitenancy.TestLogin" name="test_owner_login_returns_user" time="0.296" /><testcase classname="backend.tests.test_saas_multitenancy.TestLogin" name="test_super_admin_login_with_email" time="0.289" /><testcase classname="backend.tests.test_saas_multitenancy.TestLogin" name="test_super_admin_has_is_super_admin_flag" time="0.298" /><testcase classname="backend.tests.test_saas_multitenancy.TestLogin" name="test_new_org_login_with_email" time="0.609" /><testcase classname="backend.tests.test_saas_multitenancy.TestLogin" name="test_invalid_credentials_returns_401" time="0.060" /><testcase classname="backend.tests.test_saas_multitenancy.TestLogin" name="test_login_returns_subscription_for_org_user" time="0.064" /><testcase classname="backend.tests.test_saas_multitenancy.TestLogin" name="test_login_new_org_has_trial_plan" time="0.067" /><testcase classname="backend.tests.test_saas_multitenancy.TestAuthMe" name="test_auth_me_with_owner_token" time="0.375" /><testcase classname="backend.tests.test_saas_multitenancy.TestAuthMe" name="test_auth_me_with_new_org_token" time="0.094" /><testcase classname="backend.tests.test_saas_multitenancy.TestAuthMe" name="test_auth_me_subscription_has_plan" time="0.063" /><testcase classname="backend.tests.test_saas_multitenancy.TestAuthMe" name="test_auth_me_trial_features" time="0.068" /><testcase classname="backend.tests.test_saas_multitenancy.TestAuthMe" name="test_auth_me_without_token_returns_4xx" time="0.059" /><testcase classname="backend.tests.test_saas_multitenancy.TestSuperAdmin" name="test_superadmin_stats_accessible" time="0.410" /><testcase classname="backend.tests.test_saas_multitenancy.TestSuperAdmin" name="test_superadmin_stats_shows_positive_org_count" time="0.096" /><testcase classname="backend.tests.test_saas_multitenancy.TestSuperAdmin" name="test_superadmin_list_organizations" time="0.077" /><testcase classname="backend.tests.test_saas_multitenancy.TestSuperAdmin" name="test_superadmin_orgs_have_required_fields" time="0.067" /><testcase classname="backend.tests.test_saas_multitenancy.TestSuperAdmin" name="test_regular_user_cannot_access_superadmin" time="0.069" /><testcase classname="backend.tests.test_saas_multitenancy.TestSuperAdmin" name="test_unauthenticated_cannot_access_superadmin" time="0.072" /><testcase classname="backend.tests.test_saas_multitenancy.TestSuperAdmin" name="test_superadmin_stats_has_by_plan_breakdown" time="0.069" /><testcase classname="backend.tests.test_saas_multitenancy.TestDashboardAfterLogin" name="test_owner_can_access_dashboard" time="0.078" /><testcase classname="backend.tests.test_saas_multitenancy.TestDashboardAfterLogin" name="test_owner_can_list_branches" time="0.069" /><testcase classname="backend.tests.test_saas_multitenancy.TestDashboardAfterLogin" name="test_owner_can_list_products" time="0.072" /><testcase classname="backend.tests.test_saas_multitenancy.TestDashboardAfterLogin" name="test_new_org_has_empty_branches" time="0.064" /><testcase classname="backend.tests.test_saas_multitenancy.TestDashboardAfterLogin" name="test_new_org_data_isolated_from_owner_data" time="0.135" /></testsuite></testsuites>