<?xml version="1.0" encoding="utf-8"?><testsuites name="pytest tests"><testsuite name="pytest" errors="0" failures="0" skipped="0" tests="7" time="3.248" timestamp="2026-03-18T23:09:42.998105+00:00" hostname="agent-env-ed9393d4-8ecb-41f8-8549-4086c71509f3"><testcase classname="backend.tests.test_sales_bug_fixes_134.TestFloorDateGuard" name="test_unclosed_days_returns_floor_date" time="0.621" /><testcase classname="backend.tests.test_sales_bug_fixes_134.TestFloorDateGuard" name="test_unified_sale_rejects_date_before_floor_date" time="0.104" /><testcase classname="backend.tests.test_sales_bug_fixes_134.TestClosedDayGuard" name="test_unified_sale_rejects_closed_day" time="0.626" /><testcase classname="backend.tests.test_sales_bug_fixes_134.TestCustomerEditableFields" name="test_update_customer_phone" time="0.794" /><testcase classname="backend.tests.test_sales_bug_fixes_134.TestCustomerEditableFields" name="test_update_customer_address" time="0.260" /><testcase classname="backend.tests.test_sales_bug_fixes_134.TestCustomerEditableFields" name="test_update_customer_multiple_fields" time="0.259" /><testcase classname="backend.tests.test_sales_bug_fixes_134.TestCustomerEndpoints" name="test_list_customers" time="0.466" /></testsuite></testsuites>