<?xml version="1.0" encoding="utf-8"?><testsuites name="pytest tests"><testsuite name="pytest" errors="0" failures="0" skipped="0" tests="31" time="2.437" timestamp="2026-02-20T10:24:02.688281+00:00" hostname="agent-env-2db25c3c-aec1-407f-b01c-9f9ca0c88e2d"><testcase classname="backend.tests.test_branch_pricing_sync.TestSyncEstimate" name="test_estimate_with_valid_branch_returns_200" time="0.403" /><testcase classname="backend.tests.test_branch_pricing_sync.TestSyncEstimate" name="test_estimate_with_branch_returns_required_fields" time="0.050" /><testcase classname="backend.tests.test_branch_pricing_sync.TestSyncEstimate" name="test_estimate_products_count_positive" time="0.057" /><testcase classname="backend.tests.test_branch_pricing_sync.TestSyncEstimate" name="test_estimate_without_branch_no_inventory" time="0.050" /><testcase classname="backend.tests.test_branch_pricing_sync.TestSyncEstimate" name="test_estimate_kb_is_positive_number" time="0.058" /><testcase classname="backend.tests.test_branch_pricing_sync.TestSyncEstimate" name="test_estimate_unauthorized_returns_401_or_403" time="0.049" /><testcase classname="backend.tests.test_branch_pricing_sync.TestBranchPricesGet" name="test_list_by_product_id_returns_200" time="0.053" /><testcase classname="backend.tests.test_branch_pricing_sync.TestBranchPricesGet" name="test_list_by_product_id_returns_list" time="0.056" /><testcase classname="backend.tests.test_branch_pricing_sync.TestBranchPricesGet" name="test_list_by_branch_id_returns_200" time="0.048" /><testcase classname="backend.tests.test_branch_pricing_sync.TestBranchPricesGet" name="test_main_branch_has_existing_override" time="0.049" /><testcase classname="backend.tests.test_branch_pricing_sync.TestBranchPricesGet" name="test_override_structure_has_required_fields" time="0.058" /><testcase classname="backend.tests.test_branch_pricing_sync.TestBranchPricesGet" name="test_unauthorized_returns_401_or_403" time="0.048" /><testcase classname="backend.tests.test_branch_pricing_sync.TestBranchPricesPut" name="test_upsert_branch_price_returns_200" time="0.050" /><testcase classname="backend.tests.test_branch_pricing_sync.TestBranchPricesPut" name="test_upsert_returns_correct_data" time="0.049" /><testcase classname="backend.tests.test_branch_pricing_sync.TestBranchPricesPut" name="test_upsert_persists_to_db" time="0.111" /><testcase classname="backend.tests.test_branch_pricing_sync.TestBranchPricesPut" name="test_upsert_without_branch_id_returns_400" time="0.050" /><testcase classname="backend.tests.test_branch_pricing_sync.TestBranchPricesPut" name="test_upsert_negative_price_returns_400" time="0.050" /><testcase classname="backend.tests.test_branch_pricing_sync.TestBranchPricesPut" name="test_upsert_invalid_product_returns_404" time="0.049" /><testcase classname="backend.tests.test_branch_pricing_sync.TestBranchPricesDelete" name="test_delete_existing_override_returns_200" time="0.100" /><testcase classname="backend.tests.test_branch_pricing_sync.TestBranchPricesDelete" name="test_delete_returns_message" time="0.117" /><testcase classname="backend.tests.test_branch_pricing_sync.TestBranchPricesDelete" name="test_delete_removes_from_db" time="0.162" /><testcase classname="backend.tests.test_branch_pricing_sync.TestBranchPricesDelete" name="test_delete_non_existent_override_returns_404" time="0.098" /><testcase classname="backend.tests.test_branch_pricing_sync.TestProductSearchDetailWithBranchPrices" name="test_search_returns_products" time="0.067" /><testcase classname="backend.tests.test_branch_pricing_sync.TestProductSearchDetailWithBranchPrices" name="test_search_applies_branch_price_override" time="0.052" /><testcase classname="backend.tests.test_branch_pricing_sync.TestProductSearchDetailWithBranchPrices" name="test_search_uses_global_price_when_no_override" time="0.103" /><testcase classname="backend.tests.test_branch_pricing_sync.TestProductSearchDetailWithBranchPrices" name="test_search_without_query_returns_empty" time="0.051" /><testcase classname="backend.tests.test_branch_pricing_sync.TestProductDetailPage" name="test_product_detail_returns_200" time="0.067" /><testcase classname="backend.tests.test_branch_pricing_sync.TestProductDetailPage" name="test_product_detail_has_required_keys" time="0.050" /><testcase classname="backend.tests.test_branch_pricing_sync.TestProductDetailPage" name="test_product_detail_inventory_on_hand_map" time="0.051" /><testcase classname="backend.tests.test_branch_pricing_sync.TestProductDetailPage" name="test_product_detail_no_mongo_id" time="0.050" /><testcase classname="backend.tests.test_branch_pricing_sync.TestProductDetailPage" name="test_invalid_product_returns_404" time="0.049" /></testsuite></testsuites>