<?xml version="1.0" encoding="utf-8"?><testsuites name="pytest tests"><testsuite name="pytest" errors="0" failures="0" skipped="0" tests="10" time="9.400" timestamp="2026-03-19T07:34:52.141676+00:00" hostname="agent-env-0d47693c-80ce-41d5-9041-24432904ee05"><testcase classname="backend.tests.test_qr_phone_upload_139.TestQRPhoneUploadPhase2" name="test_generate_qr_token_success" time="0.593" /><testcase classname="backend.tests.test_qr_phone_upload_139.TestQRPhoneUploadPhase2" name="test_generate_qr_token_requires_auth" time="0.141" /><testcase classname="backend.tests.test_qr_phone_upload_139.TestQRPhoneUploadPhase2" name="test_qr_upload_preview_success" time="0.332" /><testcase classname="backend.tests.test_qr_phone_upload_139.TestQRPhoneUploadPhase2" name="test_qr_upload_preview_invalid_token" time="0.105" /><testcase classname="backend.tests.test_qr_phone_upload_139.TestQRPhoneUploadPhase2" name="test_qr_upload_file_success" time="1.663" /><testcase classname="backend.tests.test_qr_phone_upload_139.TestQRPhoneUploadPhase2" name="test_qr_upload_file_invalid_token" time="0.110" /><testcase classname="backend.tests.test_qr_phone_upload_139.TestQRPhoneUploadPhase2" name="test_token_single_use_expired_after_upload" time="1.136" /><testcase classname="backend.tests.test_qr_phone_upload_139.TestQRPhoneUploadPhase2" name="test_uploaded_doc_has_qr_upload_tag" time="1.747" /><testcase classname="backend.tests.test_qr_phone_upload_139.TestQRPhoneUploadPhase2" name="test_document_auto_naming_monthly" time="1.640" /><testcase classname="backend.tests.test_qr_phone_upload_139.TestQRPhoneUploadPhase2" name="test_cleanup_test_documents" time="1.814" /></testsuite></testsuites>