<?xml version="1.0" encoding="utf-8"?><testsuites name="pytest tests"><testsuite name="pytest" errors="0" failures="0" skipped="1" tests="14" time="4.514" timestamp="2026-02-19T22:54:39.683807+00:00" hostname="agent-env-cb7b8709-1bdd-4311-b3cb-ad7012b8bf54"><testcase classname="tests.test_multi_branch_isolation.TestAuthentication" name="test_admin_login" time="0.525" /><testcase classname="tests.test_multi_branch_isolation.TestBranchEndpoints" name="test_list_branches" time="0.454" /><testcase classname="tests.test_multi_branch_isolation.TestDashboardStats" name="test_dashboard_stats_returns_data" time="0.439" /><testcase classname="tests.test_multi_branch_isolation.TestDashboardStats" name="test_dashboard_stats_with_branch_filter" time="0.184" /><testcase classname="tests.test_multi_branch_isolation.TestDashboardStats" name="test_branch_summary_endpoint" time="0.111"><skipped type="pytest.skip" message="branch-summary endpoint not mounted - routes not imported">/app/backend/tests/test_multi_branch_isolation.py:144: branch-summary endpoint not mounted - routes not imported</skipped></testcase><testcase classname="tests.test_multi_branch_isolation.TestInvoicesBranchIsolation" name="test_invoices_list_returns_data" time="0.462" /><testcase classname="tests.test_multi_branch_isolation.TestInvoicesBranchIsolation" name="test_invoices_filter_by_branch" time="0.235" /><testcase classname="tests.test_multi_branch_isolation.TestInvoicesBranchIsolation" name="test_admin_can_view_all_branches_invoices" time="0.148" /><testcase classname="tests.test_multi_branch_isolation.TestCustomersBranchIsolation" name="test_customers_list_returns_data" time="0.437" /><testcase classname="tests.test_multi_branch_isolation.TestCustomersBranchIsolation" name="test_customers_no_branch_filter_param" time="0.119" /><testcase classname="tests.test_multi_branch_isolation.TestPurchaseOrdersBranchIsolation" name="test_purchase_orders_list_returns_data" time="0.551" /><testcase classname="tests.test_multi_branch_isolation.TestPurchaseOrdersBranchIsolation" name="test_purchase_orders_no_branch_filter_in_server" time="0.185" /><testcase classname="tests.test_multi_branch_isolation.TestBranchIsolationMissing" name="test_branch_summary_not_mounted" time="0.412" /><testcase classname="tests.test_multi_branch_isolation.TestBranchIsolationMissing" name="test_users_have_branch_assignments" time="0.071" /></testsuite></testsuites>