<?xml version="1.0" encoding="utf-8"?><testsuites name="pytest tests"><testsuite name="pytest" errors="0" failures="0" skipped="2" tests="11" time="5.240" timestamp="2026-02-26T10:52:09.952069+00:00" hostname="agent-env-e8040a07-6e42-4f8c-abed-22d6df1b8110"><testcase classname="tests.test_branch_transfer_notifications_60.TestIncomingRequestsEndpoint" name="test_01_incoming_requests_returns_200" time="0.530" /><testcase classname="tests.test_branch_transfer_notifications_60.TestIncomingRequestsEndpoint" name="test_02_incoming_requests_structure" time="0.436" /><testcase classname="tests.test_branch_transfer_notifications_60.TestIncomingRequestsEndpoint" name="test_03_incoming_requests_with_branch_filter" time="0.533" /><testcase classname="tests.test_branch_transfer_notifications_60.TestGenerateBranchTransferEndpoint" name="test_01_generate_transfer_from_valid_request" time="0.434"><skipped type="pytest.skip" message="No valid branch request found to test">/app/backend/tests/test_branch_transfer_notifications_60.py:124: No valid branch request found to test</skipped></testcase><testcase classname="tests.test_branch_transfer_notifications_60.TestGenerateBranchTransferEndpoint" name="test_02_generate_transfer_invalid_po_type" time="0.435"><skipped type="pytest.skip" message="No regular PO found to test">/app/backend/tests/test_branch_transfer_notifications_60.py:172: No regular PO found to test</skipped></testcase><testcase classname="tests.test_branch_transfer_notifications_60.TestGenerateBranchTransferEndpoint" name="test_03_generate_transfer_not_found" time="0.422" /><testcase classname="tests.test_branch_transfer_notifications_60.TestNotificationsEndpoint" name="test_01_notifications_returns_200" time="0.426" /><testcase classname="tests.test_branch_transfer_notifications_60.TestNotificationsEndpoint" name="test_02_notification_types_present" time="0.438" /><testcase classname="tests.test_branch_transfer_notifications_60.TestNotificationsEndpoint" name="test_03_notification_structure" time="0.440" /><testcase classname="tests.test_branch_transfer_notifications_60.TestBranchTransfersEndpoint" name="test_01_branch_transfers_returns_200" time="0.438" /><testcase classname="tests.test_branch_transfer_notifications_60.TestBranchTransfersEndpoint" name="test_02_branch_transfers_with_branch_filter" time="0.596" /></testsuite></testsuites>