<?xml version="1.0" encoding="utf-8"?><testsuites name="pytest tests"><testsuite name="pytest" errors="0" failures="0" skipped="3" tests="9" time="1.967" timestamp="2026-03-16T00:03:12.564127+00:00" hostname="agent-env-6f3b09f1-9559-49e5-a3ac-39be48880f8a"><testcase classname="backend.tests.test_incident_tickets_phase3_128.TestPhase3SummaryCapitalLoss" name="test_summary_returns_total_real_capital_loss" time="0.521" /><testcase classname="backend.tests.test_incident_tickets_phase3_128.TestPhase3PINAuthorization" name="test_resolve_without_pin_fails" time="0.120"><skipped type="pytest.skip" message="No open tickets to test">/app/backend/tests/test_incident_tickets_phase3_128.py:75: No open tickets to test</skipped></testcase><testcase classname="backend.tests.test_incident_tickets_phase3_128.TestPhase3PINAuthorization" name="test_resolve_with_wrong_pin_fails" time="0.125"><skipped type="pytest.skip" message="No open tickets to test">/app/backend/tests/test_incident_tickets_phase3_128.py:98: No open tickets to test</skipped></testcase><testcase classname="backend.tests.test_incident_tickets_phase3_128.TestPhase3JournalEntryCreation" name="test_transit_loss_creates_journal_entry" time="0.125"><skipped type="pytest.skip" message="No open tickets to test">/app/backend/tests/test_incident_tickets_phase3_128.py:139: No open tickets to test</skipped></testcase><testcase classname="backend.tests.test_incident_tickets_phase3_128.TestPhase3JournalEntryTypes" name="test_je_accounts_endpoint" time="0.126" /><testcase classname="backend.tests.test_incident_tickets_phase3_128.TestPhase3JournalEntryTypes" name="test_je_list_incident_adjustment_type" time="0.160" /><testcase classname="backend.tests.test_incident_tickets_phase3_128.TestPhase3ExistingJournalEntries" name="test_verify_existing_transit_loss_je" time="0.343" /><testcase classname="backend.tests.test_incident_tickets_phase3_128.TestPhase3ExistingJournalEntries" name="test_verify_existing_write_off_je" time="0.258" /><testcase classname="backend.tests.test_incident_tickets_phase3_128.TestPhase3SenderErrorNoJE" name="test_sender_error_tickets_have_no_je" time="0.132" /></testsuite></testsuites>