<?xml version="1.0" encoding="utf-8"?><testsuites name="pytest tests"><testsuite name="pytest" errors="0" failures="0" skipped="1" tests="11" time="3.208" timestamp="2026-02-19T14:57:52.033630+00:00" hostname="agent-env-7e043f60-3afa-494e-93a4-c03b7a224211"><testcase classname="backend.tests.test_invoice_edit.TestInvoiceDetailEndpoint" name="test_get_invoice_returns_edit_history_and_count" time="1.150" /><testcase classname="backend.tests.test_invoice_edit.TestInvoiceDetailEndpoint" name="test_new_invoice_has_zero_edit_count" time="0.116" /><testcase classname="backend.tests.test_invoice_edit.TestInvoiceByNumberEndpoint" name="test_find_invoice_by_number" time="0.102" /><testcase classname="backend.tests.test_invoice_edit.TestInvoiceByNumberEndpoint" name="test_invoice_not_found_returns_404" time="0.121" /><testcase classname="backend.tests.test_invoice_edit.TestInvoiceEditEndpoint" name="test_edit_requires_reason" time="0.113" /><testcase classname="backend.tests.test_invoice_edit.TestInvoiceEditEndpoint" name="test_edit_with_reason_succeeds" time="0.139" /><testcase classname="backend.tests.test_invoice_edit.TestInvoiceEditEndpoint" name="test_edit_creates_history_record" time="0.291" /><testcase classname="backend.tests.test_invoice_edit.TestInvoiceEditEndpoint" name="test_edited_invoice_has_edited_flag" time="0.116" /><testcase classname="backend.tests.test_invoice_edit.TestInvoiceEditHistory" name="test_get_edit_history_endpoint" time="0.163" /><testcase classname="backend.tests.test_invoice_edit.TestInventoryAdjustmentOnEdit" name="test_reducing_quantity_returns_stock" time="0.718" /><testcase classname="backend.tests.test_invoice_edit.TestVoidedInvoiceEdit" name="test_cannot_edit_voided_invoice" time="0.128"><skipped type="pytest.skip" message="No voided invoices to test">/app/backend/tests/test_invoice_edit.py:348: No voided invoices to test</skipped></testcase></testsuite></testsuites>