<?xml version="1.0" encoding="utf-8"?><testsuites name="pytest tests"><testsuite name="pytest" errors="0" failures="0" skipped="0" tests="16" time="3.885" timestamp="2026-02-27T00:02:12.387344+00:00" hostname="agent-env-f381c4bc-63d7-44b0-ae7d-fdd1b7d4d43f"><testcase classname="tests.test_branch_filtering_69.TestBranchFiltering" name="test_01_basic_api_health" time="1.085" /><testcase classname="tests.test_branch_filtering_69.TestBranchFiltering" name="test_02_movements_endpoint_accepts_branch_id" time="0.277" /><testcase classname="tests.test_branch_filtering_69.TestBranchFiltering" name="test_03_orders_endpoint_accepts_branch_id" time="0.297" /><testcase classname="tests.test_branch_filtering_69.TestBranchFiltering" name="test_04_capital_history_accepts_branch_id" time="0.323" /><testcase classname="tests.test_branch_filtering_69.TestBranchFiltering" name="test_05_add_vendor_with_branch_id" time="0.150" /><testcase classname="tests.test_branch_filtering_69.TestBranchFiltering" name="test_06_add_vendor_without_branch_id" time="0.143" /><testcase classname="tests.test_branch_filtering_69.TestBranchFiltering" name="test_07_product_detail_filters_vendors_by_branch" time="0.393" /><testcase classname="tests.test_branch_filtering_69.TestBranchFiltering" name="test_08_product_detail_contains_expected_fields" time="0.478" /><testcase classname="tests.test_branch_filtering_69.TestDataIsolation" name="test_09_get_branches_list" time="0.473" /><testcase classname="tests.test_branch_filtering_69.TestDataIsolation" name="test_10_get_products_list" time="0.135" /><testcase classname="tests.test_branch_filtering_69.TestCodeReview" name="test_11_verify_movements_endpoint_implementation" time="0.001" /><testcase classname="tests.test_branch_filtering_69.TestCodeReview" name="test_12_verify_orders_endpoint_implementation" time="0.000" /><testcase classname="tests.test_branch_filtering_69.TestCodeReview" name="test_13_verify_capital_history_implementation" time="0.000" /><testcase classname="tests.test_branch_filtering_69.TestCodeReview" name="test_14_verify_vendor_accepts_branch_id" time="0.000" /><testcase classname="tests.test_branch_filtering_69.TestCodeReview" name="test_15_verify_product_detail_filters_vendors" time="0.000" /><testcase classname="tests.test_branch_filtering_69.TestCodeReview" name="test_16_verify_capital_changes_include_branch_id" time="0.000" /></testsuite></testsuites>