<?xml version="1.0" encoding="utf-8"?><testsuites name="pytest tests"><testsuite name="pytest" errors="0" failures="0" skipped="0" tests="23" time="3.637" timestamp="2026-03-31T02:33:17.905975+00:00" hostname="agent-env-2c1a9da5-20df-4f0e-8c48-bfd29e80168f"><testcase classname="backend.tests.test_review_dialog_migration_146.TestInvoiceByNumber" name="test_po_by_number_returns_200" time="0.572" /><testcase classname="backend.tests.test_review_dialog_migration_146.TestInvoiceByNumber" name="test_po_by_number_returns_id" time="0.109" /><testcase classname="backend.tests.test_review_dialog_migration_146.TestInvoiceByNumber" name="test_po_by_number_collection_tag" time="0.113" /><testcase classname="backend.tests.test_review_dialog_migration_146.TestInvoiceByNumber" name="test_po_by_number_has_po_number" time="0.162" /><testcase classname="backend.tests.test_review_dialog_migration_146.TestInvoiceByNumber" name="test_po_by_number_not_found_404" time="0.104" /><testcase classname="backend.tests.test_review_dialog_migration_146.TestInvoiceByNumber" name="test_multiple_pos_by_number" time="0.141" /><testcase classname="backend.tests.test_review_dialog_migration_146.TestReviewDetailEndpoint" name="test_review_detail_by_id_returns_200" time="0.155" /><testcase classname="backend.tests.test_review_dialog_migration_146.TestReviewDetailEndpoint" name="test_review_detail_record_type" time="0.115" /><testcase classname="backend.tests.test_review_dialog_migration_146.TestReviewDetailEndpoint" name="test_review_detail_record_number" time="0.106" /><testcase classname="backend.tests.test_review_dialog_migration_146.TestReviewDetailEndpoint" name="test_review_detail_has_items" time="0.124" /><testcase classname="backend.tests.test_review_dialog_migration_146.TestReviewDetailEndpoint" name="test_review_detail_has_supplier" time="0.115" /><testcase classname="backend.tests.test_review_dialog_migration_146.TestReviewDetailEndpoint" name="test_review_detail_has_payment_fields" time="0.119" /><testcase classname="backend.tests.test_review_dialog_migration_146.TestReviewDetailEndpoint" name="test_review_detail_second_po_by_id" time="0.175" /><testcase classname="backend.tests.test_review_dialog_migration_146.TestPoNumberResolutionFlow" name="test_full_poNumber_to_detail_flow" time="0.225" /><testcase classname="backend.tests.test_review_dialog_migration_146.TestPoNumberResolutionFlow" name="test_full_flow_for_second_po" time="0.231" /><testcase classname="backend.tests.test_review_dialog_migration_146.TestPurchaseOrderDirectFetch" name="test_get_purchase_order_by_id" time="0.111" /><testcase classname="backend.tests.test_review_dialog_migration_146.TestPurchaseOrderDirectFetch" name="test_purchase_order_has_print_fields" time="0.119" /><testcase classname="backend.tests.test_review_dialog_migration_146.TestDailyOpsNotBroken" name="test_daily_ops_list_branches" time="0.122" /><testcase classname="backend.tests.test_review_dialog_migration_146.TestDailyOpsNotBroken" name="test_purchase_orders_list_still_works" time="0.118" /><testcase classname="backend.tests.test_review_dialog_migration_146.TestDailyOpsNotBroken" name="test_suppliers_list_still_works" time="0.116" /><testcase classname="backend.tests.test_review_dialog_migration_146.TestSearchEndpoint" name="test_search_transactions_endpoint" time="0.114" /><testcase classname="backend.tests.test_review_dialog_migration_146.TestSearchEndpoint" name="test_search_returns_po_type" time="0.123" /><testcase classname="backend.tests.test_review_dialog_migration_146.TestSearchEndpoint" name="test_search_po_has_number_field" time="0.113" /></testsuite></testsuites>