<?xml version="1.0" encoding="utf-8"?><testsuites name="pytest tests"><testsuite name="pytest" errors="0" failures="0" skipped="0" tests="20" time="5.938" timestamp="2026-02-28T10:08:07.336078+00:00" hostname="agent-env-53587008-5acd-4a29-84ba-0b45bbff52ff"><testcase classname="backend.tests.test_close_wizard_phase_fixes_75.TestDailyLogByPaymentMethod" name="test_daily_log_returns_entries_with_all_payment_methods" time="0.895" /><testcase classname="backend.tests.test_close_wizard_phase_fixes_75.TestDailyLogByPaymentMethod" name="test_daily_log_has_by_payment_method_summary" time="0.263" /><testcase classname="backend.tests.test_close_wizard_phase_fixes_75.TestDailyLogByPaymentMethod" name="test_daily_log_has_total_all_field" time="0.262" /><testcase classname="backend.tests.test_close_wizard_phase_fixes_75.TestDailyLogByPaymentMethod" name="test_daily_log_entries_have_payment_method_field" time="0.247" /><testcase classname="backend.tests.test_close_wizard_phase_fixes_75.TestCreditInvoicesWithItems" name="test_credit_invoices_have_items_array" time="0.241" /><testcase classname="backend.tests.test_close_wizard_phase_fixes_75.TestCreditInvoicesWithItems" name="test_credit_invoices_have_payment_status" time="0.260" /><testcase classname="backend.tests.test_close_wizard_phase_fixes_75.TestExpensesByCategory" name="test_preview_expenses_have_category" time="0.254" /><testcase classname="backend.tests.test_close_wizard_phase_fixes_75.TestExpensesByCategory" name="test_preview_expenses_have_customer_employee_fields" time="0.250" /><testcase classname="backend.tests.test_close_wizard_phase_fixes_75.TestActualCountEWalletBreakdown" name="test_preview_has_digital_payments_breakdown" time="0.269" /><testcase classname="backend.tests.test_close_wizard_phase_fixes_75.TestActualCountEWalletBreakdown" name="test_preview_has_cash_breakdown_fields" time="0.256" /><testcase classname="backend.tests.test_close_wizard_phase_fixes_75.TestUnclosedDaysDetection" name="test_unclosed_days_returns_list" time="0.271" /><testcase classname="backend.tests.test_close_wizard_phase_fixes_75.TestUnclosedDaysDetection" name="test_unclosed_days_have_activity_summary" time="0.258" /><testcase classname="backend.tests.test_close_wizard_phase_fixes_75.TestUnclosedDaysDetection" name="test_unclosed_days_has_last_close_date" time="0.276" /><testcase classname="backend.tests.test_close_wizard_phase_fixes_75.TestZReportData" name="test_preview_has_credit_sales_today" time="0.275" /><testcase classname="backend.tests.test_close_wizard_phase_fixes_75.TestZReportData" name="test_preview_ar_payments_have_breakdown" time="0.259" /><testcase classname="backend.tests.test_close_wizard_phase_fixes_75.TestDailyLogPaymentMethodVariety" name="test_date_has_split_payments" time="0.243" /><testcase classname="backend.tests.test_close_wizard_phase_fixes_75.TestDailyLogPaymentMethodVariety" name="test_date_has_gcash_payments" time="0.241" /><testcase classname="backend.tests.test_close_wizard_phase_fixes_75.TestDailyLogPaymentMethodVariety" name="test_date_has_maya_payments" time="0.264" /><testcase classname="backend.tests.test_close_wizard_phase_fixes_75.TestDailyLogPaymentMethodVariety" name="test_date_has_credit_payments" time="0.249" /><testcase classname="backend.tests.test_close_wizard_phase_fixes_75.TestDailyLogPaymentMethodVariety" name="test_date_has_cash_payments" time="0.254" /></testsuite></testsuites>