<?xml version="1.0" encoding="utf-8"?><testsuites name="pytest tests"><testsuite name="pytest" errors="0" failures="0" skipped="0" tests="11" time="5.213" timestamp="2026-03-01T06:53:09.686117+00:00" hostname="agent-env-53587008-5acd-4a29-84ba-0b45bbff52ff"><testcase classname="tests.test_sales_bug_fixes_77.TestSalesBugFixes" name="test_history_returns_fund_source_field" time="0.607" /><testcase classname="tests.test_sales_bug_fixes_77.TestSalesBugFixes" name="test_history_returns_digital_platform_for_digital_invoices" time="0.475" /><testcase classname="tests.test_sales_bug_fixes_77.TestSalesBugFixes" name="test_history_returns_receipt_review_status" time="0.449" /><testcase classname="tests.test_sales_bug_fixes_77.TestSalesBugFixes" name="test_history_returns_split_amounts" time="0.454" /><testcase classname="tests.test_sales_bug_fixes_77.TestSalesBugFixes" name="test_uploads_record_endpoint_returns_sessions" time="0.569" /><testcase classname="tests.test_sales_bug_fixes_77.TestSalesBugFixes" name="test_uploads_wrong_route_returns_404" time="0.446" /><testcase classname="tests.test_sales_bug_fixes_77.TestSalesBugFixes" name="test_mark_reviewed_invoice_endpoint_exists" time="0.815" /><testcase classname="tests.test_sales_bug_fixes_77.TestSalesBugFixes" name="test_mark_reviewed_with_valid_pin" time="0.753" /><testcase classname="tests.test_sales_bug_fixes_77.TestSalesBugFixes" name="test_generate_upload_link_for_invoice" time="0.555" /><testcase classname="tests.test_sales_bug_fixes_77.TestQuantityDecimalHandling" name="test_code_review_setCartQty_allows_decimal_intermediate" time="0.000" /><testcase classname="tests.test_sales_bug_fixes_77.TestSplitPaymentQRTrigger" name="test_code_review_split_triggers_qr" time="0.000" /></testsuite></testsuites>