<?xml version="1.0" encoding="utf-8"?><testsuites name="pytest tests"><testsuite name="pytest" errors="0" failures="0" skipped="1" tests="10" time="4.944" timestamp="2026-03-12T05:14:41.442660+00:00" hostname="agent-env-0807b9f1-1f6f-40f9-8181-939caeae3bc3"><testcase classname="backend.tests.test_qb_payments.TestQBPaymentsAPI" name="test_get_customer_open_invoices" time="0.556" /><testcase classname="backend.tests.test_qb_payments.TestQBPaymentsAPI" name="test_get_charges_preview" time="0.448" /><testcase classname="backend.tests.test_qb_payments.TestQBPaymentsAPI" name="test_generate_interest_invoice" time="0.420" /><testcase classname="backend.tests.test_qb_payments.TestQBPaymentsAPI" name="test_generate_penalty_invoice" time="0.456" /><testcase classname="backend.tests.test_qb_payments.TestQBPaymentsAPI" name="test_receive_payment_basic" time="0.539" /><testcase classname="backend.tests.test_qb_payments.TestQBPaymentsAPI" name="test_receive_payment_with_discount" time="0.478"><skipped type="pytest.skip" message="No interest/penalty invoice found for discount test">/app/backend/tests/test_qb_payments.py:177: No interest/penalty invoice found for discount test</skipped></testcase><testcase classname="backend.tests.test_qb_payments.TestQBPaymentsAPI" name="test_receive_payment_discount_rejected_for_regular_invoice" time="0.512" /><testcase classname="backend.tests.test_qb_payments.TestQBPaymentsAPI" name="test_payment_history" time="0.461" /><testcase classname="backend.tests.test_qb_payments.TestQBPaymentsAPI" name="test_receive_payment_multi_allocation" time="0.500" /><testcase classname="backend.tests.test_qb_payments.TestQBPaymentsAPI" name="test_receive_payment_zero_amount_rejected" time="0.516" /></testsuite></testsuites>