<?xml version="1.0" encoding="utf-8"?><testsuites name="pytest tests"><testsuite name="pytest" errors="0" failures="0" skipped="0" tests="12" time="1.564" timestamp="2026-03-02T12:19:45.068530+00:00" hostname="agent-env-96e07e21-ec47-4f23-885b-7292a70f0d4f"><testcase classname="tests.test_audit_center_93.TestAuditComputeEndpoint" name="test_audit_compute_returns_200" time="0.613" /><testcase classname="tests.test_audit_center_93.TestCashReconciliationFormula" name="test_cash_section_has_formula_components" time="0.084" /><testcase classname="tests.test_audit_center_93.TestCashReconciliationFormula" name="test_cash_section_has_ar_payments_detail" time="0.083" /><testcase classname="tests.test_audit_center_93.TestCashReconciliationFormula" name="test_cash_section_has_fund_transfer_details" time="0.077" /><testcase classname="tests.test_audit_center_93.TestExpenseDetailsWithReceipts" name="test_expenses_have_verification_status" time="0.079" /><testcase classname="tests.test_audit_center_93.TestUnverifiedItemsSection" name="test_unverified_section_structure" time="0.076" /><testcase classname="tests.test_audit_center_93.TestUnverifiedItemsSection" name="test_unverified_expenses_have_receipt_indicator" time="0.078" /><testcase classname="tests.test_audit_center_93.TestUnverifiedItemsSection" name="test_unverified_pos_have_receipt_indicator" time="0.082" /><testcase classname="tests.test_audit_center_93.TestPayablesSection" name="test_payables_has_po_details" time="0.072" /><testcase classname="tests.test_audit_center_93.TestPartialAndSplitInvoices" name="test_partial_invoices_detail" time="0.071" /><testcase classname="tests.test_audit_center_93.TestPartialAndSplitInvoices" name="test_split_invoices_detail" time="0.073" /><testcase classname="tests.test_audit_center_93.TestOverallAuditScore" name="test_audit_includes_all_severity_sections" time="0.070" /></testsuite></testsuites>