<?xml version="1.0" encoding="utf-8"?><testsuites name="pytest tests"><testsuite name="pytest" errors="0" failures="3" skipped="0" tests="43" time="5.459" timestamp="2026-02-19T23:23:48.526099+00:00" hostname="agent-env-367f2f6e-7e75-4120-9e02-3129eafb10f3"><testcase classname="tests.test_modular_api_regression.TestHealthCheck" name="test_health_endpoint" time="0.285"><failure message="requests.exceptions.JSONDecodeError: Expecting value: line 1 column 1 (char 0)">/root/.venv/lib/python3.11/site-packages/requests/models.py:976: in json
    return complexjson.loads(self.text, **kwargs)
           ^^^^^^^^^^^^^^^^^^^^^^^^^^^^^^^^^^^^^^
/usr/local/lib/python3.11/json/__init__.py:346: in loads
    return _default_decoder.decode(s)
           ^^^^^^^^^^^^^^^^^^^^^^^^^^
/usr/local/lib/python3.11/json/decoder.py:337: in decode
    obj, end = self.raw_decode(s, idx=_w(s, 0).end())
               ^^^^^^^^^^^^^^^^^^^^^^^^^^^^^^^^^^^^^^
/usr/local/lib/python3.11/json/decoder.py:355: in raw_decode
    raise JSONDecodeError("Expecting value", s, err.value) from None
E   json.decoder.JSONDecodeError: Expecting value: line 1 column 1 (char 0)

During handling of the above exception, another exception occurred:
tests/test_modular_api_regression.py:77: in test_health_endpoint
    data = response.json()
           ^^^^^^^^^^^^^^^
/root/.venv/lib/python3.11/site-packages/requests/models.py:980: in json
    raise RequestsJSONDecodeError(e.msg, e.doc, e.pos)
E   requests.exceptions.JSONDecodeError: Expecting value: line 1 column 1 (char 0)</failure></testcase><testcase classname="tests.test_modular_api_regression.TestAuth" name="test_admin_login_success" time="0.390" /><testcase classname="tests.test_modular_api_regression.TestAuth" name="test_cashier_login_success" time="0.281" /><testcase classname="tests.test_modular_api_regression.TestAuth" name="test_login_invalid_credentials" time="0.074" /><testcase classname="tests.test_modular_api_regression.TestAuth" name="test_auth_me_admin" time="0.395" /><testcase classname="tests.test_modular_api_regression.TestAuth" name="test_auth_me_cashier" time="0.413" /><testcase classname="tests.test_modular_api_regression.TestDashboard" name="test_dashboard_stats_admin" time="0.069" /><testcase classname="tests.test_modular_api_regression.TestDashboard" name="test_dashboard_stats_with_branch_filter" time="0.150" /><testcase classname="tests.test_modular_api_regression.TestDashboard" name="test_dashboard_stats_cashier" time="0.080" /><testcase classname="tests.test_modular_api_regression.TestDashboard" name="test_dashboard_branch_summary" time="0.073" /><testcase classname="tests.test_modular_api_regression.TestInvoices" name="test_list_invoices" time="0.073" /><testcase classname="tests.test_modular_api_regression.TestInvoices" name="test_create_invoice" time="0.172" /><testcase classname="tests.test_modular_api_regression.TestInvoices" name="test_get_invoice_by_id" time="0.206" /><testcase classname="tests.test_modular_api_regression.TestProducts" name="test_list_products" time="0.062" /><testcase classname="tests.test_modular_api_regression.TestProducts" name="test_create_product" time="0.125" /><testcase classname="tests.test_modular_api_regression.TestProducts" name="test_search_products" time="0.063" /><testcase classname="tests.test_modular_api_regression.TestCustomers" name="test_list_customers" time="0.065" /><testcase classname="tests.test_modular_api_regression.TestCustomers" name="test_list_customers_cashier" time="0.067" /><testcase classname="tests.test_modular_api_regression.TestCustomers" name="test_create_customer" time="0.074" /><testcase classname="tests.test_modular_api_regression.TestPurchaseOrders" name="test_list_purchase_orders" time="0.099" /><testcase classname="tests.test_modular_api_regression.TestPurchaseOrders" name="test_list_po_cashier" time="0.061" /><testcase classname="tests.test_modular_api_regression.TestAccounting" name="test_list_fund_wallets" time="0.063" /><testcase classname="tests.test_modular_api_regression.TestAccounting" name="test_list_expenses" time="0.088" /><testcase classname="tests.test_modular_api_regression.TestAccounting" name="test_expense_categories" time="0.062" /><testcase classname="tests.test_modular_api_regression.TestSettings" name="test_get_invoice_prefixes" time="0.073"><failure message="AssertionError: Missing prefix: service_invoice&#10;assert 'service_invoice' in {'delivery': 'DR', 'purchase_order': 'PO', 'sales_invoice': 'SI', 'transfer': 'TR'}">tests/test_modular_api_regression.py:427: in test_get_invoice_prefixes
    assert key in data, f"Missing prefix: {key}"
E   AssertionError: Missing prefix: service_invoice
E   assert 'service_invoice' in {'delivery': 'DR', 'purchase_order': 'PO', 'sales_invoice': 'SI', 'transfer': 'TR'}</failure></testcase><testcase classname="tests.test_modular_api_regression.TestSettings" name="test_get_terms_options" time="0.067" /><testcase classname="tests.test_modular_api_regression.TestSuppliers" name="test_list_suppliers" time="0.093" /><testcase classname="tests.test_modular_api_regression.TestDailyOperations" name="test_get_daily_log" time="0.092" /><testcase classname="tests.test_modular_api_regression.TestDailyOperations" name="test_get_daily_report" time="0.137" /><testcase classname="tests.test_modular_api_regression.TestPermissions" name="test_get_permission_modules" time="0.069"><failure message="AssertionError: assert False&#10; +  where False = isinstance({'accounting': {'actions': {'create_expense': 'Create Expense', 'edit_expense': 'Edit Expense', 'generate_interest': 'Generate Interest', 'generate_penalty': 'Generate Penalty', ...}, 'label': 'Accounting'}, 'branches': {'actions': {'create': 'Create Branch', 'delete': 'Delete Branch', 'edit': 'Edit Branch', 'view': 'View Branches'}, 'label': 'Branches'}, 'customers': {'actions': {'create': 'Create Customer', 'delete': 'Delete Customer', 'edit': 'Edit Customer', 'manage_credit': 'Manage Credit Limit', ...}, 'label': 'Customers'}, 'dashboard': {'actions': {'view': 'View Dashboard'}, 'label': 'Dashboard'}, ...}, list)">tests/test_modular_api_regression.py:496: in test_get_permission_modules
    assert isinstance(data, list)
E   AssertionError: assert False
E    +  where False = isinstance({'accounting': {'actions': {'create_expense': 'Create Expense', 'edit_expense': 'Edit Expense', 'generate_interest': 'Generate Interest', 'generate_penalty': 'Generate Penalty', ...}, 'label': 'Accounting'}, 'branches': {'actions': {'create': 'Create Branch', 'delete': 'Delete Branch', 'edit': 'Edit Branch', 'view': 'View Branches'}, 'label': 'Branches'}, 'customers': {'actions': {'create': 'Create Customer', 'delete': 'Delete Customer', 'edit': 'Edit Customer', 'manage_credit': 'Manage Credit Limit', ...}, 'label': 'Customers'}, 'dashboard': {'actions': {'view': 'View Dashboard'}, 'label': 'Dashboard'}, ...}, list)</failure></testcase><testcase classname="tests.test_modular_api_regression.TestPermissions" name="test_get_permission_presets" time="0.055" /><testcase classname="tests.test_modular_api_regression.TestSync" name="test_get_pos_sync_data" time="0.062" /><testcase classname="tests.test_modular_api_regression.TestMultiBranchIsolation" name="test_admin_sees_all_branches" time="0.055" /><testcase classname="tests.test_modular_api_regression.TestMultiBranchIsolation" name="test_cashier_has_branch_id" time="0.075" /><testcase classname="tests.test_modular_api_regression.TestMultiBranchIsolation" name="test_admin_invoice_filter_by_branch" time="0.144" /><testcase classname="tests.test_modular_api_regression.TestMultiBranchIsolation" name="test_cashier_data_filtered" time="0.153" /><testcase classname="tests.test_modular_api_regression.TestAdditionalEndpoints" name="test_list_users" time="0.129" /><testcase classname="tests.test_modular_api_regression.TestAdditionalEndpoints" name="test_list_inventory" time="0.073" /><testcase classname="tests.test_modular_api_regression.TestAdditionalEndpoints" name="test_list_price_schemes" time="0.105" /><testcase classname="tests.test_modular_api_regression.TestAdditionalEndpoints" name="test_list_employees" time="0.064" /><testcase classname="tests.test_modular_api_regression.TestAdditionalEndpoints" name="test_list_receivables" time="0.061" /><testcase classname="tests.test_modular_api_regression.TestAdditionalEndpoints" name="test_list_payables" time="0.065" /><testcase classname="tests.test_modular_api_regression.TestAdditionalEndpoints" name="test_list_branches" time="0.111" /></testsuite></testsuites>