<?xml version="1.0" encoding="utf-8"?><testsuites name="pytest tests"><testsuite name="pytest" errors="0" failures="0" skipped="0" tests="10" time="8.249" timestamp="2026-03-19T08:06:32.819898+00:00" hostname="agent-env-0d47693c-80ce-41d5-9041-24432904ee05"><testcase classname="backend.tests.test_compliance_dashboard_140.TestComplianceSummaryEndpoint" name="test_compliance_summary_returns_structure" time="0.539" /><testcase classname="backend.tests.test_compliance_dashboard_140.TestComplianceSummaryEndpoint" name="test_compliance_summary_branch_filter" time="0.100" /><testcase classname="backend.tests.test_compliance_dashboard_140.TestMonthlyCoverageTracking" name="test_upload_sss_contribution_shows_in_coverage" time="0.904" /><testcase classname="backend.tests.test_compliance_dashboard_140.TestMonthlyCoverageTracking" name="test_upload_philhealth_contribution_shows_in_coverage" time="1.415" /><testcase classname="backend.tests.test_compliance_dashboard_140.TestExpiryAlerts" name="test_expired_document_shows_in_expired_list" time="0.835" /><testcase classname="backend.tests.test_compliance_dashboard_140.TestExpiryAlerts" name="test_expiring_soon_document_shows_in_expiring_list" time="0.776" /><testcase classname="backend.tests.test_compliance_dashboard_140.TestSearchFunctionality" name="test_search_by_document_name" time="0.730" /><testcase classname="backend.tests.test_compliance_dashboard_140.TestSearchFunctionality" name="test_search_by_tags" time="0.809" /><testcase classname="backend.tests.test_compliance_dashboard_140.TestCategoryFolderCounts" name="test_list_documents_returns_correct_count" time="0.048" /><testcase classname="backend.tests.test_compliance_dashboard_140.TestCleanup" name="test_cleanup_test_documents" time="2.007" /></testsuite></testsuites>