<?xml version="1.0" encoding="utf-8"?><testsuites name="pytest tests"><testsuite name="pytest" errors="0" failures="1" skipped="0" tests="34" time="4.353" timestamp="2026-02-21T09:26:23.003187+00:00" hostname="agent-env-cb82ccbf-fca7-4e78-a6b3-227eaced9c5a"><testcase classname="backend.tests.test_reports.TestArAgingReport" name="test_ar_aging_returns_200" time="0.553" /><testcase classname="backend.tests.test_reports.TestArAgingReport" name="test_ar_aging_response_structure" time="0.107" /><testcase classname="backend.tests.test_reports.TestArAgingReport" name="test_ar_aging_totals_fields" time="0.104" /><testcase classname="backend.tests.test_reports.TestArAgingReport" name="test_ar_aging_has_data" time="0.104" /><testcase classname="backend.tests.test_reports.TestArAgingReport" name="test_ar_aging_row_fields" time="0.104" /><testcase classname="backend.tests.test_reports.TestArAgingReport" name="test_ar_aging_invoice_fields" time="0.103" /><testcase classname="backend.tests.test_reports.TestArAgingReport" name="test_ar_aging_as_of_date_format" time="0.096" /><testcase classname="backend.tests.test_reports.TestArAgingReport" name="test_ar_aging_no_paid_invoices" time="0.111" /><testcase classname="backend.tests.test_reports.TestArAgingReport" name="test_ar_aging_requires_auth" time="0.101" /><testcase classname="backend.tests.test_reports.TestArAgingReport" name="test_ar_aging_branch_filter" time="0.096"><failure message="assert 403 == 200&#10; +  where 403 = &lt;Response [403]&gt;.status_code">backend/tests/test_reports.py:118: in test_ar_aging_branch_filter
    assert resp.status_code == 200
E   assert 403 == 200
E    +  where 403 = &lt;Response [403]&gt;.status_code</failure></testcase><testcase classname="backend.tests.test_reports.TestArAgingReport" name="test_ar_aging_rows_sorted_by_total_desc" time="0.099" /><testcase classname="backend.tests.test_reports.TestSalesReport" name="test_sales_report_returns_200" time="0.103" /><testcase classname="backend.tests.test_reports.TestSalesReport" name="test_sales_report_response_structure" time="0.101" /><testcase classname="backend.tests.test_reports.TestSalesReport" name="test_sales_report_has_data" time="0.134" /><testcase classname="backend.tests.test_reports.TestSalesReport" name="test_sales_report_category_fields" time="0.111" /><testcase classname="backend.tests.test_reports.TestSalesReport" name="test_sales_report_transaction_fields" time="0.101" /><testcase classname="backend.tests.test_reports.TestSalesReport" name="test_sales_report_date_filter" time="0.102" /><testcase classname="backend.tests.test_reports.TestSalesReport" name="test_sales_report_narrow_date_range" time="0.107" /><testcase classname="backend.tests.test_reports.TestSalesReport" name="test_sales_report_grand_total_matches_categories" time="0.100" /><testcase classname="backend.tests.test_reports.TestSalesReport" name="test_sales_report_requires_auth" time="0.108" /><testcase classname="backend.tests.test_reports.TestSalesReport" name="test_sales_report_daily_breakdown" time="0.104" /><testcase classname="backend.tests.test_reports.TestSalesReport" name="test_sales_report_payment_totals" time="0.101" /><testcase classname="backend.tests.test_reports.TestExpenseReport" name="test_expense_report_returns_200" time="0.111" /><testcase classname="backend.tests.test_reports.TestExpenseReport" name="test_expense_report_response_structure" time="0.111" /><testcase classname="backend.tests.test_reports.TestExpenseReport" name="test_expense_report_has_data" time="0.194" /><testcase classname="backend.tests.test_reports.TestExpenseReport" name="test_expense_report_category_fields" time="0.105" /><testcase classname="backend.tests.test_reports.TestExpenseReport" name="test_expense_report_expense_fields" time="0.100" /><testcase classname="backend.tests.test_reports.TestExpenseReport" name="test_expense_report_date_filter" time="0.099" /><testcase classname="backend.tests.test_reports.TestExpenseReport" name="test_expense_report_category_filter" time="0.213" /><testcase classname="backend.tests.test_reports.TestExpenseReport" name="test_expense_report_grand_total_matches_categories" time="0.105" /><testcase classname="backend.tests.test_reports.TestExpenseReport" name="test_expense_report_categories_sorted_desc" time="0.102" /><testcase classname="backend.tests.test_reports.TestExpenseReport" name="test_expense_report_requires_auth" time="0.111" /><testcase classname="backend.tests.test_reports.TestExpenseReport" name="test_expense_report_narrow_date_returns_empty" time="0.095" /><testcase classname="backend.tests.test_reports.TestExpenseReport" name="test_expense_report_daily_breakdown" time="0.106" /></testsuite></testsuites>