<?xml version="1.0" encoding="utf-8"?><testsuites name="pytest tests"><testsuite name="pytest" errors="0" failures="0" skipped="0" tests="9" time="1.726" timestamp="2026-02-19T12:26:42.656126+00:00" hostname="agent-env-8ae58c8a-4c1a-4a3c-a0c0-594c49a20a26"><testcase classname="tests.test_supplier_crud.TestSupplierCRUD" name="test_list_suppliers" time="0.611" /><testcase classname="tests.test_supplier_crud.TestSupplierCRUD" name="test_create_supplier_success" time="0.118" /><testcase classname="tests.test_supplier_crud.TestSupplierCRUD" name="test_create_supplier_name_required" time="0.048" /><testcase classname="tests.test_supplier_crud.TestSupplierCRUD" name="test_create_supplier_duplicate_name" time="0.096" /><testcase classname="tests.test_supplier_crud.TestSupplierCRUD" name="test_update_supplier" time="0.163" /><testcase classname="tests.test_supplier_crud.TestSupplierCRUD" name="test_delete_supplier" time="0.165" /><testcase classname="tests.test_supplier_crud.TestSupplierCRUD" name="test_search_suppliers" time="0.259" /><testcase classname="tests.test_supplier_crud.TestSupplierPurchaseOrderIntegration" name="test_supplier_appears_in_po_vendor_list" time="0.106" /><testcase classname="tests.test_supplier_crud.TestSupplierPurchaseOrderIntegration" name="test_quick_create_supplier_minimal_fields" time="0.050" /></testsuite></testsuites>