<?xml version="1.0" encoding="utf-8"?><testsuites name="pytest tests"><testsuite name="pytest" errors="0" failures="0" skipped="0" tests="12" time="4.034" timestamp="2026-03-19T04:34:48.050449+00:00" hostname="agent-env-eb29c349-30ff-4dd3-95d4-37c84e05a5a0"><testcase classname="backend.tests.test_incident_tickets_phase4_137.TestTicketListing" name="test_list_tickets_returns_tickets" time="0.616" /><testcase classname="backend.tests.test_incident_tickets_phase4_137.TestTicketListing" name="test_branch_filter_reduces_count" time="0.262" /><testcase classname="backend.tests.test_incident_tickets_phase4_137.TestResolutionTypes" name="test_stock_resolution_types_filter" time="0.117" /><testcase classname="backend.tests.test_incident_tickets_phase4_137.TestResolutionTypes" name="test_all_resolution_types_no_filter" time="0.108" /><testcase classname="backend.tests.test_incident_tickets_phase4_137.TestResolutionTypes" name="test_transfer_resolution_types_filter" time="0.106" /><testcase classname="backend.tests.test_incident_tickets_phase4_137.TestAddNote" name="test_add_note_to_ticket_timeline" time="0.330" /><testcase classname="backend.tests.test_incident_tickets_phase4_137.TestPINAuthorization" name="test_resolve_without_pin_fails_400" time="0.211" /><testcase classname="backend.tests.test_incident_tickets_phase4_137.TestPINAuthorization" name="test_resolve_with_wrong_pin_fails_403" time="0.478" /><testcase classname="backend.tests.test_incident_tickets_phase4_137.TestLinkedPOFeature" name="test_resolve_with_linked_po_stores_data" time="0.650" /><testcase classname="backend.tests.test_incident_tickets_phase4_137.TestStockResolutionTypes" name="test_resolve_as_count_error" time="0.454" /><testcase classname="backend.tests.test_incident_tickets_phase4_137.TestStockResolutionTypes" name="test_resolve_as_wrong_item" time="0.472" /><testcase classname="backend.tests.test_incident_tickets_phase4_137.TestTicketDetailFields" name="test_negative_stock_ticket_has_required_fields" time="0.112" /></testsuite></testsuites>