<?xml version="1.0" encoding="utf-8"?><testsuites name="pytest tests"><testsuite name="pytest" errors="0" failures="0" skipped="0" tests="13" time="2.104" timestamp="2026-02-19T12:49:08.751893+00:00" hostname="agent-env-8ae58c8a-4c1a-4a3c-a0c0-594c49a20a26"><testcase classname="tests.test_expense_enhancements.TestExpenseEnhancements" name="test_get_expense_categories" time="0.526" /><testcase classname="tests.test_expense_enhancements.TestExpenseEnhancements" name="test_create_expense_with_all_fields" time="0.126" /><testcase classname="tests.test_expense_enhancements.TestExpenseEnhancements" name="test_create_expense_with_gcash_payment" time="0.113" /><testcase classname="tests.test_expense_enhancements.TestExpenseEnhancements" name="test_update_expense" time="0.191" /><testcase classname="tests.test_expense_enhancements.TestExpenseEnhancements" name="test_filter_by_category" time="0.121" /><testcase classname="tests.test_expense_enhancements.TestExpenseEnhancements" name="test_filter_by_payment_method" time="0.117" /><testcase classname="tests.test_expense_enhancements.TestExpenseEnhancements" name="test_filter_by_date_range" time="0.104" /><testcase classname="tests.test_expense_enhancements.TestExpenseEnhancements" name="test_search_by_description_or_reference" time="0.120" /><testcase classname="tests.test_expense_enhancements.TestExpenseEnhancements" name="test_get_customers_for_farm_expense" time="0.112" /><testcase classname="tests.test_expense_enhancements.TestExpenseEnhancements" name="test_create_farm_expense_with_invoice" time="0.119" /><testcase classname="tests.test_expense_enhancements.TestExpenseEnhancements" name="test_farm_expense_requires_customer" time="0.103" /><testcase classname="tests.test_expense_enhancements.TestExpenseEnhancements" name="test_farm_expense_shows_in_expense_list_with_invoice_link" time="0.113" /><testcase classname="tests.test_expense_enhancements.TestExpenseEnhancements" name="test_delete_expense" time="0.168" /></testsuite></testsuites>