<?xml version="1.0" encoding="utf-8"?><testsuites name="pytest tests"><testsuite name="pytest" errors="0" failures="0" skipped="0" tests="22" time="2.639" timestamp="2026-03-19T01:36:51.720443+00:00" hostname="agent-env-eb29c349-30ff-4dd3-95d4-37c84e05a5a0"><testcase classname="tests.test_permission_phase2_136.TestProductProfitReport" name="test_product_profit_report_returns_200" time="0.543" /><testcase classname="tests.test_permission_phase2_136.TestProductProfitReport" name="test_product_profit_report_structure" time="0.077" /><testcase classname="tests.test_permission_phase2_136.TestProductProfitReport" name="test_product_profit_report_summary_fields" time="0.078" /><testcase classname="tests.test_permission_phase2_136.TestProductProfitReport" name="test_product_profit_report_row_fields" time="0.068" /><testcase classname="tests.test_permission_phase2_136.TestProductProfitReport" name="test_product_profit_report_date_filter" time="0.084" /><testcase classname="tests.test_permission_phase2_136.TestArAgingReport" name="test_ar_aging_returns_200" time="0.073" /><testcase classname="tests.test_permission_phase2_136.TestArAgingReport" name="test_ar_aging_structure" time="0.072" /><testcase classname="tests.test_permission_phase2_136.TestSalesReport" name="test_sales_report_returns_200" time="0.087" /><testcase classname="tests.test_permission_phase2_136.TestSalesReport" name="test_sales_report_structure" time="0.074" /><testcase classname="tests.test_permission_phase2_136.TestExpenseReport" name="test_expense_report_returns_200" time="0.069" /><testcase classname="tests.test_permission_phase2_136.TestAccountingPermissions" name="test_generate_interest_endpoint_exists" time="0.074" /><testcase classname="tests.test_permission_phase2_136.TestAccountingPermissions" name="test_generate_penalty_endpoint_exists" time="0.084" /><testcase classname="tests.test_permission_phase2_136.TestAccountingPermissions" name="test_generate_interest_with_valid_customer" time="0.182" /><testcase classname="tests.test_permission_phase2_136.TestAccountingPermissions" name="test_generate_penalty_with_valid_customer" time="0.280" /><testcase classname="tests.test_permission_phase2_136.TestProductsEndpoint" name="test_products_returns_cost_price" time="0.088" /><testcase classname="tests.test_permission_phase2_136.TestCustomersEndpoint" name="test_customers_returns_balance" time="0.065" /><testcase classname="tests.test_permission_phase2_136.TestCustomersEndpoint" name="test_customers_returns_credit_limit" time="0.099" /><testcase classname="tests.test_permission_phase2_136.TestDiscountAuditReport" name="test_discount_audit_returns_200" time="0.081" /><testcase classname="tests.test_permission_phase2_136.TestDiscountAuditReport" name="test_discount_audit_group_by_customer" time="0.101" /><testcase classname="tests.test_permission_phase2_136.TestDiscountAuditReport" name="test_discount_audit_group_by_cashier" time="0.082" /><testcase classname="tests.test_permission_phase2_136.TestDiscountAuditReport" name="test_discount_audit_detail_view" time="0.067" /><testcase classname="tests.test_permission_phase2_136.TestPermissionModuleDefinitions" name="test_admin_user_info" time="0.071" /></testsuite></testsuites>