<?xml version="1.0" encoding="utf-8"?><testsuites name="pytest tests"><testsuite name="pytest" errors="0" failures="0" skipped="1" tests="21" time="16.284" timestamp="2026-02-24T04:52:28.993885+00:00" hostname="agent-env-6ac3e5e2-9613-422d-b6e9-8f192747e9ab"><testcase classname="backend.tests.test_sales_history_void.TestSalesHistoryByDate" name="test_history_by_date_default_today" time="0.921" /><testcase classname="backend.tests.test_sales_history_void.TestSalesHistoryByDate" name="test_history_totals_structure" time="0.692" /><testcase classname="backend.tests.test_sales_history_void.TestSalesHistoryByDate" name="test_history_by_specific_date" time="0.752" /><testcase classname="backend.tests.test_sales_history_void.TestSalesHistoryByDate" name="test_history_excludes_voided_by_default" time="0.755" /><testcase classname="backend.tests.test_sales_history_void.TestSalesHistoryByDate" name="test_history_includes_voided_with_param" time="0.698" /><testcase classname="backend.tests.test_sales_history_void.TestSalesHistoryByDate" name="test_history_search_filter" time="0.691" /><testcase classname="backend.tests.test_sales_history_void.TestSalesHistoryByDate" name="test_history_invoice_fields" time="0.696" /><testcase classname="backend.tests.test_sales_history_void.TestSalesHistoryByDate" name="test_history_requires_auth" time="0.760" /><testcase classname="backend.tests.test_sales_history_void.TestVoidInvoice" name="test_void_with_valid_manager_pin" time="0.801" /><testcase classname="backend.tests.test_sales_history_void.TestVoidInvoice" name="test_void_snapshot_contains_items" time="0.837" /><testcase classname="backend.tests.test_sales_history_void.TestVoidInvoice" name="test_void_with_invalid_manager_pin" time="0.800" /><testcase classname="backend.tests.test_sales_history_void.TestVoidInvoice" name="test_void_requires_reason" time="0.842" /><testcase classname="backend.tests.test_sales_history_void.TestVoidInvoice" name="test_void_requires_manager_pin" time="0.769" /><testcase classname="backend.tests.test_sales_history_void.TestVoidInvoice" name="test_void_marks_invoice_as_voided" time="0.942" /><testcase classname="backend.tests.test_sales_history_void.TestVoidInvoice" name="test_void_already_voided_returns_400" time="0.860" /><testcase classname="backend.tests.test_sales_history_void.TestVoidInvoice" name="test_void_nonexistent_invoice_returns_404" time="0.711" /><testcase classname="backend.tests.test_sales_history_void.TestVoidInvoice" name="test_void_reverses_inventory" time="1.119" /><testcase classname="backend.tests.test_sales_history_void.TestVoidInvoice" name="test_void_auth_required" time="0.656" /><testcase classname="backend.tests.test_sales_history_void.TestVoidInvoice" name="test_void_response_snapshot_for_reopen" time="0.859" /><testcase classname="backend.tests.test_sales_history_void.TestVoidInvoice" name="test_history_shows_voided_invoice" time="0.920" /><testcase classname="backend.tests.test_sales_history_void.TestSalesHistoryCashierLogin" name="test_cashier_can_view_history" time="0.112"><skipped type="pytest.skip" message="Cashier login failed - skipping cashier tests">/app/backend/tests/test_sales_history_void.py:473: Cashier login failed - skipping cashier tests</skipped></testcase></testsuite></testsuites>