<?xml version="1.0" encoding="utf-8"?><testsuites name="pytest tests"><testsuite name="pytest" errors="0" failures="0" skipped="0" tests="9" time="4.635" timestamp="2026-02-19T08:35:14.868488+00:00" hostname="agent-env-34ca5a6b-7aa1-4276-8870-a899c8e54ff7"><testcase classname="backend.tests.test_cash_flow.TestCashFlowUnification" name="test_01_pos_cash_sale_updates_wallet" time="1.276" /><testcase classname="backend.tests.test_cash_flow.TestCashFlowUnification" name="test_02_credit_sale_does_not_update_wallet" time="0.324" /><testcase classname="backend.tests.test_cash_flow.TestCashFlowUnification" name="test_03_invoice_with_immediate_payment_updates_wallet" time="0.346" /><testcase classname="backend.tests.test_cash_flow.TestCashFlowUnification" name="test_04_expense_deducts_from_wallet" time="0.318" /><testcase classname="backend.tests.test_cash_flow.TestCashFlowUnification" name="test_05_daily_report_shows_wallet_balance" time="0.210" /><testcase classname="backend.tests.test_cash_flow.TestCashFlowUnification" name="test_06_pos_sales_appear_in_sales_log" time="0.211" /><testcase classname="backend.tests.test_cash_flow.TestFundManagementDisplay" name="test_07_fund_wallets_show_correct_balances" time="0.543" /><testcase classname="backend.tests.test_cash_flow.TestDailyCloseExpectedCash" name="test_08_daily_close_uses_wallet_balance_as_expected_cash" time="0.747" /><testcase classname="backend.tests.test_cash_flow.TestDashboardLabels" name="test_09_dashboard_stats_endpoint" time="0.543" /></testsuite></testsuites>