<?xml version="1.0" encoding="utf-8"?><testsuites name="pytest tests"><testsuite name="pytest" errors="0" failures="0" skipped="18" tests="18" time="2.303" timestamp="2026-03-02T04:40:42.241216+00:00" hostname="agent-env-5d212489-3efd-4a08-b50e-794af06e5cbe"><testcase classname="backend.tests.test_bug_fixes_iteration_89.TestBugFixesIteration89" name="test_bug1_daily_log_grand_total_equals_total_all" time="0.237"><skipped type="pytest.skip" message="Auth required for daily-log: 403">/app/backend/tests/test_bug_fixes_iteration_89.py:66: Auth required for daily-log: 403</skipped></testcase><testcase classname="backend.tests.test_bug_fixes_iteration_89.TestBugFixesIteration89" name="test_bug2_zreport_includes_partial_in_credit" time="0.124"><skipped type="pytest.skip" message="Auth required: 403">/app/backend/tests/test_bug_fixes_iteration_89.py:96: Auth required: 403</skipped></testcase><testcase classname="backend.tests.test_bug_fixes_iteration_89.TestBugFixesIteration89" name="test_bug5_audit_cash_uses_cashier_expenses_only" time="0.123"><skipped type="pytest.skip" message="Auth required: 403">/app/backend/tests/test_bug_fixes_iteration_89.py:128: Auth required: 403</skipped></testcase><testcase classname="backend.tests.test_bug_fixes_iteration_89.TestBugFixesIteration89" name="test_bug8_expense_report_excludes_voided" time="0.101"><skipped type="pytest.skip" message="Auth required: 403">/app/backend/tests/test_bug_fixes_iteration_89.py:151: Auth required: 403</skipped></testcase><testcase classname="backend.tests.test_bug_fixes_iteration_89.TestBugFixesIteration89" name="test_bug9_expense_list_excludes_voided" time="0.103"><skipped type="pytest.skip" message="Auth required: 403">/app/backend/tests/test_bug_fixes_iteration_89.py:168: Auth required: 403</skipped></testcase><testcase classname="backend.tests.test_bug_fixes_iteration_89.TestBugFixesIteration89" name="test_bug13_daily_report_net_profit_formula" time="0.133"><skipped type="pytest.skip" message="Auth required: 403">/app/backend/tests/test_bug_fixes_iteration_89.py:196: Auth required: 403</skipped></testcase><testcase classname="backend.tests.test_bug_fixes_iteration_89.TestBugFixesIteration89" name="test_bug14_receivable_payment_rejects_overpayment" time="0.134"><skipped type="pytest.skip" message="Auth required: 403">/app/backend/tests/test_bug_fixes_iteration_89.py:233: Auth required: 403</skipped></testcase><testcase classname="backend.tests.test_bug_fixes_iteration_89.TestBugFixesIteration89" name="test_bug19_close_starting_float_from_last_closed" time="0.126"><skipped type="pytest.skip" message="Auth required: 403">/app/backend/tests/test_bug_fixes_iteration_89.py:254: Auth required: 403</skipped></testcase><testcase classname="backend.tests.test_bug_fixes_iteration_89.TestCodeReviewVerification" name="test_daily_log_structure" time="0.114"><skipped type="pytest.skip" message="Auth required: 403">/app/backend/tests/test_bug_fixes_iteration_89.py:278: Auth required: 403</skipped></testcase><testcase classname="backend.tests.test_bug_fixes_iteration_89.TestCodeReviewVerification" name="test_daily_close_preview_structure" time="0.099"><skipped type="pytest.skip" message="Auth required: 403">/app/backend/tests/test_bug_fixes_iteration_89.py:300: Auth required: 403</skipped></testcase><testcase classname="backend.tests.test_bug_fixes_iteration_89.TestCodeReviewVerification" name="test_daily_report_structure" time="0.118"><skipped type="pytest.skip" message="Auth required: 403">/app/backend/tests/test_bug_fixes_iteration_89.py:323: Auth required: 403</skipped></testcase><testcase classname="backend.tests.test_bug_fixes_iteration_89.TestCodeReviewVerification" name="test_expenses_list_structure" time="0.141"><skipped type="pytest.skip" message="Auth required: 403">/app/backend/tests/test_bug_fixes_iteration_89.py:342: Auth required: 403</skipped></testcase><testcase classname="backend.tests.test_bug_fixes_iteration_89.TestCodeReviewVerification" name="test_expense_report_structure" time="0.108"><skipped type="pytest.skip" message="Auth required: 403">/app/backend/tests/test_bug_fixes_iteration_89.py:368: Auth required: 403</skipped></testcase><testcase classname="backend.tests.test_bug_fixes_iteration_89.TestReceivablesPayment" name="test_receivables_list" time="0.106"><skipped type="pytest.skip" message="Auth required: 403">/app/backend/tests/test_bug_fixes_iteration_89.py:392: Auth required: 403</skipped></testcase><testcase classname="backend.tests.test_bug_fixes_iteration_89.TestAuditCompute" name="test_audit_compute_cash_section" time="0.110"><skipped type="pytest.skip" message="Auth required: 403">/app/backend/tests/test_bug_fixes_iteration_89.py:421: Auth required: 403</skipped></testcase><testcase classname="backend.tests.test_bug_fixes_iteration_89.TestCustomerTransactions" name="test_customers_list" time="0.106"><skipped type="pytest.skip" message="Auth required: 403">/app/backend/tests/test_bug_fixes_iteration_89.py:460: Auth required: 403</skipped></testcase><testcase classname="backend.tests.test_bug_fixes_iteration_89.TestPurchaseOrders" name="test_purchase_orders_list" time="0.095"><skipped type="pytest.skip" message="Auth required: 403">/app/backend/tests/test_bug_fixes_iteration_89.py:494: Auth required: 403</skipped></testcase><testcase classname="backend.tests.test_bug_fixes_iteration_89.TestCountSheets" name="test_capital_sources" time="0.117"><skipped type="pytest.skip" message="Auth required: 403">/app/backend/tests/test_bug_fixes_iteration_89.py:513: Auth required: 403</skipped></testcase></testsuite></testsuites>