<?xml version="1.0" encoding="utf-8"?><testsuites name="pytest tests"><testsuite name="pytest" errors="0" failures="0" skipped="0" tests="16" time="1.691" timestamp="2026-03-02T03:41:31.680120+00:00" hostname="agent-env-d27f583e-b4e7-45a4-bde2-c7cf0943a466"><testcase classname="backend.tests.test_ca_coordination_88.TestCaReportEndpoint" name="test_ca_report_returns_200" time="0.492" /><testcase classname="backend.tests.test_ca_coordination_88.TestCaReportEndpoint" name="test_ca_report_structure" time="0.056" /><testcase classname="backend.tests.test_ca_coordination_88.TestCaReportEndpoint" name="test_ca_report_employee_fields" time="0.052" /><testcase classname="backend.tests.test_ca_coordination_88.TestCaReportEndpoint" name="test_ca_report_with_branch_filter" time="0.102" /><testcase classname="backend.tests.test_ca_coordination_88.TestCaReportEndpoint" name="test_ca_report_with_month_filter" time="0.056" /><testcase classname="backend.tests.test_ca_coordination_88.TestDailyReportCaEnrichment" name="test_daily_report_returns_200" time="0.068" /><testcase classname="backend.tests.test_ca_coordination_88.TestDailyReportCaEnrichment" name="test_daily_report_has_advance_expenses" time="0.079" /><testcase classname="backend.tests.test_ca_coordination_88.TestDailyReportCaEnrichment" name="test_daily_report_advance_expense_ca_fields" time="0.118" /><testcase classname="backend.tests.test_ca_coordination_88.TestDailyClosePreviewCaFields" name="test_daily_close_preview_returns_200" time="0.064" /><testcase classname="backend.tests.test_ca_coordination_88.TestDailyClosePreviewCaFields" name="test_daily_close_preview_has_expenses" time="0.058" /><testcase classname="backend.tests.test_ca_coordination_88.TestDailyClosePreviewCaFields" name="test_daily_close_preview_expense_ca_fields" time="0.127" /><testcase classname="backend.tests.test_ca_coordination_88.TestDailyLogEndpoint" name="test_daily_log_returns_200" time="0.053" /><testcase classname="backend.tests.test_ca_coordination_88.TestDailyLogEndpoint" name="test_daily_log_structure" time="0.057" /><testcase classname="backend.tests.test_ca_coordination_88.TestDailyCloseEndpoint" name="test_daily_close_returns_200" time="0.061" /><testcase classname="backend.tests.test_ca_coordination_88.TestDailyCloseEndpoint" name="test_daily_close_structure" time="0.054" /><testcase classname="backend.tests.test_ca_coordination_88.TestEmployeeCaSummary" name="test_employee_ca_summary_endpoint" time="0.115" /></testsuite></testsuites>