<?xml version="1.0" encoding="utf-8"?><testsuites name="pytest tests"><testsuite name="pytest" errors="0" failures="5" skipped="0" tests="22" time="1.895" timestamp="2026-02-21T07:16:31.110955+00:00" hostname="agent-env-89f6fba3-2930-4ed4-afa0-00bc508b78be"><testcase classname="backend.tests.test_branch_transfers.TestMarkupTemplate" name="test_get_markup_template_default" time="0.626" /><testcase classname="backend.tests.test_branch_transfers.TestMarkupTemplate" name="test_save_markup_template" time="0.063" /><testcase classname="backend.tests.test_branch_transfers.TestMarkupTemplate" name="test_get_markup_template_after_save" time="0.050" /><testcase classname="backend.tests.test_branch_transfers.TestProductLookup" name="test_product_lookup_enertone" time="0.050" /><testcase classname="backend.tests.test_branch_transfers.TestProductLookup" name="test_product_lookup_empty_query" time="0.054" /><testcase classname="backend.tests.test_branch_transfers.TestProductLookup" name="test_product_lookup_vitmin" time="0.059"><failure message="AssertionError: No products returned for 'vitmin'&#10;assert 0 &gt; 0&#10; +  where 0 = len([])">backend/tests/test_branch_transfers.py:130: in test_product_lookup_vitmin
    assert len(data) &gt; 0, "No products returned for 'vitmin'"
E   AssertionError: No products returned for 'vitmin'
E   assert 0 &gt; 0
E    +  where 0 = len([])</failure></testcase><testcase classname="backend.tests.test_branch_transfers.TestTransferCRUD" name="test_list_transfers" time="0.049" /><testcase classname="backend.tests.test_branch_transfers.TestTransferCRUD" name="test_create_transfer_order" time="0.059" /><testcase classname="backend.tests.test_branch_transfers.TestTransferCRUD" name="test_get_transfer_by_id" time="0.052" /><testcase classname="backend.tests.test_branch_transfers.TestTransferCRUD" name="test_create_transfer_no_items_returns_400" time="0.048" /><testcase classname="backend.tests.test_branch_transfers.TestSendReceiveWorkflow" name="test_send_transfer" time="0.049" /><testcase classname="backend.tests.test_branch_transfers.TestSendReceiveWorkflow" name="test_send_already_sent_returns_400" time="0.051" /><testcase classname="backend.tests.test_branch_transfers.TestSendReceiveWorkflow" name="test_get_inventory_before_receive" time="0.056" /><testcase classname="backend.tests.test_branch_transfers.TestSendReceiveWorkflow" name="test_receive_transfer" time="0.059"><failure message="AssertionError: Expected 200, got 400: {&quot;detail&quot;:&quot;Insufficient stock for 'ENERTONE' in source branch: have 0, need 2&quot;}&#10;assert 400 == 200&#10; +  where 400 = &lt;Response [400]&gt;.status_code">backend/tests/test_branch_transfers.py:267: in test_receive_transfer
    assert res.status_code == 200, f"Expected 200, got {res.status_code}: {res.text}"
E   AssertionError: Expected 200, got 400: {"detail":"Insufficient stock for 'ENERTONE' in source branch: have 0, need 2"}
E   assert 400 == 200
E    +  where 400 = &lt;Response [400]&gt;.status_code</failure></testcase><testcase classname="backend.tests.test_branch_transfers.TestSendReceiveWorkflow" name="test_receive_already_received_returns_400" time="0.067" /><testcase classname="backend.tests.test_branch_transfers.TestSendReceiveWorkflow" name="test_branch_prices_updated_after_receive" time="0.053" /><testcase classname="backend.tests.test_branch_transfers.TestSendReceiveWorkflow" name="test_price_memory_updated_after_receive" time="0.053"><failure message="AssertionError: Price memory: expected last_retail=1020, got None&#10;assert None == 1020.0&#10; +  where None = &lt;built-in method get of dict object at 0xfc0392d54140&gt;('last_branch_retail')&#10; +    where &lt;built-in method get of dict object at 0xfc0392d54140&gt; = {'branch_capital': 920.0, 'category': 'Feeds', 'id': 'c313bfe0-3e81-4f50-a55c-f4418e7ad300', 'last_branch_retail': None, ...}.get">backend/tests/test_branch_transfers.py:319: in test_price_memory_updated_after_receive
    assert p.get("last_branch_retail") == 1020.0, f"Price memory: expected last_retail=1020, got {p.get('last_branch_retail')}"
E   AssertionError: Price memory: expected last_retail=1020, got None
E   assert None == 1020.0
E    +  where None = &lt;built-in method get of dict object at 0xfc0392d54140&gt;('last_branch_retail')
E    +    where &lt;built-in method get of dict object at 0xfc0392d54140&gt; = {'branch_capital': 920.0, 'category': 'Feeds', 'id': 'c313bfe0-3e81-4f50-a55c-f4418e7ad300', 'last_branch_retail': None, ...}.get</failure></testcase><testcase classname="backend.tests.test_branch_transfers.TestSendReceiveWorkflow" name="test_order_status_is_received" time="0.052"><failure message="AssertionError: Expected received, got sent&#10;assert 'sent' == 'received'&#10;  &#10;  - received&#10;  + sent">backend/tests/test_branch_transfers.py:332: in test_order_status_is_received
    assert data["status"] == "received", f"Expected received, got {data['status']}"
E   AssertionError: Expected received, got sent
E   assert 'sent' == 'received'
E     
E     - received
E     + sent</failure></testcase><testcase classname="backend.tests.test_branch_transfers.TestCancelWorkflow" name="test_create_draft_for_cancel" time="0.052" /><testcase classname="backend.tests.test_branch_transfers.TestCancelWorkflow" name="test_cancel_draft_order" time="0.053" /><testcase classname="backend.tests.test_branch_transfers.TestCancelWorkflow" name="test_cancel_received_returns_400" time="0.050"><failure message="AssertionError: Expected 400, got 200: {&quot;message&quot;:&quot;Transfer cancelled&quot;}&#10;assert 200 == 400&#10; +  where 200 = &lt;Response [200]&gt;.status_code">backend/tests/test_branch_transfers.py:386: in test_cancel_received_returns_400
    assert res.status_code == 400, f"Expected 400, got {res.status_code}: {res.text}"
E   AssertionError: Expected 400, got 200: {"message":"Transfer cancelled"}
E   assert 200 == 400
E    +  where 200 = &lt;Response [200]&gt;.status_code</failure></testcase><testcase classname="backend.tests.test_branch_transfers.TestCancelWorkflow" name="test_get_nonexistent_returns_404" time="0.056" /></testsuite></testsuites>