<?xml version="1.0" encoding="utf-8"?><testsuites name="pytest tests"><testsuite name="pytest" errors="0" failures="0" skipped="0" tests="12" time="3.878" timestamp="2026-02-26T08:26:01.448767+00:00" hostname="agent-env-6d9fcdf4-7818-427e-b2d1-1faabd8d5ea0"><testcase classname="tests.test_team_settings_54.TestPinBugFix" name="test_change_my_pin_wrong_current_pin_returns_400" time="0.457" /><testcase classname="tests.test_team_settings_54.TestPinBugFix" name="test_change_my_pin_missing_current_pin_returns_400" time="0.124" /><testcase classname="tests.test_team_settings_54.TestPinBugFix" name="test_change_my_pin_short_new_pin_returns_400" time="0.130" /><testcase classname="tests.test_team_settings_54.TestUserManagementAPIs" name="test_get_users_default" time="0.437" /><testcase classname="tests.test_team_settings_54.TestUserManagementAPIs" name="test_get_users_include_inactive" time="0.117" /><testcase classname="tests.test_team_settings_54.TestUserManagementAPIs" name="test_create_and_disable_user_flow" time="0.879" /><testcase classname="tests.test_team_settings_54.TestUserManagementAPIs" name="test_cannot_delete_own_account" time="0.306" /><testcase classname="tests.test_team_settings_54.TestUserManagementAPIs" name="test_reactivate_nonexistent_user" time="0.096" /><testcase classname="tests.test_team_settings_54.TestUserManagementAPIs" name="test_permanent_delete_nonexistent_user" time="0.111" /><testcase classname="tests.test_team_settings_54.TestPermissionsAPIs" name="test_get_permission_modules" time="0.430" /><testcase classname="tests.test_team_settings_54.TestPermissionsAPIs" name="test_get_permission_presets" time="0.102" /><testcase classname="tests.test_team_settings_54.TestAdminSetUserPin" name="test_admin_set_user_pin" time="0.635" /></testsuite></testsuites>