<?xml version="1.0" encoding="utf-8"?><testsuites name="pytest tests"><testsuite name="pytest" errors="0" failures="0" skipped="0" tests="14" time="2.794" timestamp="2026-03-23T06:02:48.420818+00:00" hostname="agent-env-8b7fd367-4af4-49f5-862e-57d454ec09c6"><testcase classname="backend.tests.test_notifications_phase2_143.TestNotificationsAPI" name="test_get_notifications_returns_200" time="0.703" /><testcase classname="backend.tests.test_notifications_phase2_143.TestNotificationsAPI" name="test_get_notifications_has_required_keys" time="0.170" /><testcase classname="backend.tests.test_notifications_phase2_143.TestNotificationsAPI" name="test_category_counts_has_all_5_categories" time="0.183" /><testcase classname="backend.tests.test_notifications_phase2_143.TestNotificationsAPI" name="test_category_counts_structure" time="0.113" /><testcase classname="backend.tests.test_notifications_phase2_143.TestNotificationsAPI" name="test_notifications_have_is_read_field" time="0.114" /><testcase classname="backend.tests.test_notifications_phase2_143.TestNotificationsAPI" name="test_notifications_have_category_field" time="0.170" /><testcase classname="backend.tests.test_notifications_phase2_143.TestNotificationsAPI" name="test_notifications_have_severity_field" time="0.119" /><testcase classname="backend.tests.test_notifications_phase2_143.TestNotificationsAPI" name="test_category_filter_security" time="0.138" /><testcase classname="backend.tests.test_notifications_phase2_143.TestNotificationsAPI" name="test_category_filter_approvals" time="0.113" /><testcase classname="backend.tests.test_notifications_phase2_143.TestNotificationsAPI" name="test_category_filter_operations" time="0.131" /><testcase classname="backend.tests.test_notifications_phase2_143.TestNotificationsAPI" name="test_total_count_is_positive" time="0.148" /><testcase classname="backend.tests.test_notifications_phase2_143.TestNotificationsAPI" name="test_mark_all_read_endpoint" time="0.120" /><testcase classname="backend.tests.test_notifications_phase2_143.TestNotificationsAPI" name="test_after_mark_all_read_unread_count_zero" time="0.250" /><testcase classname="backend.tests.test_notifications_phase2_143.TestNotificationsAPI" name="test_pagination_skip_limit" time="0.219" /></testsuite></testsuites>