<?xml version="1.0" encoding="utf-8"?><testsuites name="pytest tests"><testsuite name="pytest" errors="0" failures="0" skipped="0" tests="20" time="5.401" timestamp="2026-02-27T00:26:45.037413+00:00" hostname="agent-env-f381c4bc-63d7-44b0-ae7d-fdd1b7d4d43f"><testcase classname="backend.tests.test_iteration_70_suppliers_ma.TestSupplierBranchFiltering" name="test_01_create_supplier_with_branch_id" time="0.871" /><testcase classname="backend.tests.test_iteration_70_suppliers_ma.TestSupplierBranchFiltering" name="test_02_create_supplier_different_branch" time="0.185" /><testcase classname="backend.tests.test_iteration_70_suppliers_ma.TestSupplierBranchFiltering" name="test_03_create_global_supplier" time="0.156" /><testcase classname="backend.tests.test_iteration_70_suppliers_ma.TestSupplierBranchFiltering" name="test_04_list_suppliers_with_branch_filter" time="0.128" /><testcase classname="backend.tests.test_iteration_70_suppliers_ma.TestSupplierBranchFiltering" name="test_05_list_suppliers_no_filter" time="0.171" /><testcase classname="backend.tests.test_iteration_70_suppliers_ma.TestSupplierBranchFiltering" name="test_06_search_suppliers_with_branch_filter" time="0.144" /><testcase classname="backend.tests.test_iteration_70_suppliers_ma.TestSupplierBranchFiltering" name="test_07_search_suppliers_no_match" time="0.163" /><testcase classname="backend.tests.test_iteration_70_suppliers_ma.TestSupplierBranchFiltering" name="test_08_get_supplier_by_id" time="0.527" /><testcase classname="backend.tests.test_iteration_70_suppliers_ma.TestProductVendorSupplierLinking" name="test_09_add_vendor_with_supplier_id" time="0.850" /><testcase classname="backend.tests.test_iteration_70_suppliers_ma.TestProductVendorSupplierLinking" name="test_10_product_detail_enriches_vendor_with_supplier" time="0.388" /><testcase classname="backend.tests.test_iteration_70_suppliers_ma.TestBranchSpecificMovingAverage" name="test_11_capital_preview_endpoint_exists" time="0.962" /><testcase classname="backend.tests.test_iteration_70_suppliers_ma.TestBranchSpecificMovingAverage" name="test_12_capital_preview_shows_branch_specific_ma" time="0.117" /><testcase classname="backend.tests.test_iteration_70_suppliers_ma.TestBranchSpecificMovingAverage" name="test_13_smart_capital_rule_price_drop" time="0.107" /><testcase classname="backend.tests.test_iteration_70_suppliers_ma.TestBranchSpecificMovingAverage" name="test_14_verify_apply_po_inventory_uses_branch_ma" time="0.001" /><testcase classname="backend.tests.test_iteration_70_suppliers_ma.TestBranchSpecificMovingAverage" name="test_15_cleanup_draft_po" time="0.538" /><testcase classname="backend.tests.test_iteration_70_suppliers_ma.TestCodeReviewIteration70" name="test_16_suppliers_route_has_branch_id_support" time="0.000" /><testcase classname="backend.tests.test_iteration_70_suppliers_ma.TestCodeReviewIteration70" name="test_17_products_vendor_has_supplier_id_support" time="0.000" /><testcase classname="backend.tests.test_iteration_70_suppliers_ma.TestCodeReviewIteration70" name="test_18_product_detail_enriches_vendors" time="0.000" /><testcase classname="backend.tests.test_iteration_70_suppliers_ma.TestCodeReviewIteration70" name="test_19_capital_preview_uses_branch_filter" time="0.000" /><testcase classname="backend.tests.test_iteration_70_suppliers_ma.TestCodeReviewIteration70" name="test_20_smart_capital_rule_implemented" time="0.000" /></testsuite></testsuites>