<?xml version="1.0" encoding="utf-8"?><testsuites name="pytest tests"><testsuite name="pytest" errors="0" failures="0" skipped="0" tests="37" time="3.643" timestamp="2026-02-25T03:02:05.824647+00:00" hostname="agent-env-c37cf9c0-a79f-4021-86ea-d29cc137cb1c"><testcase classname="backend.tests.test_phase2_admin_grace.TestAdminAuthPortal" name="test_admin_auth_status_endpoint" time="0.135" /><testcase classname="backend.tests.test_phase2_admin_grace.TestAdminAuthPortal" name="test_admin_login_step1_returns_pending_token" time="0.283" /><testcase classname="backend.tests.test_phase2_admin_grace.TestAdminAuthPortal" name="test_admin_login_wrong_credentials" time="0.276" /><testcase classname="backend.tests.test_phase2_admin_grace.TestAdminAuthPortal" name="test_admin_login_nonexistent_email" time="0.064" /><testcase classname="backend.tests.test_phase2_admin_grace.TestAdminAuthPortal" name="test_admin_setup_totp_requires_pending_token" time="0.055" /><testcase classname="backend.tests.test_phase2_admin_grace.TestAdminAuthPortal" name="test_admin_totp_verify_requires_pending_token" time="0.056" /><testcase classname="backend.tests.test_phase2_admin_grace.TestAdminAuthPortal" name="test_admin_recover_requires_pending_token" time="0.054" /><testcase classname="backend.tests.test_phase2_admin_grace.TestAdminAuthPortal" name="test_admin_totp_setup_flow_with_valid_pending_token" time="0.383" /><testcase classname="backend.tests.test_phase2_admin_grace.TestAdminAuthPortal" name="test_admin_verify_setup_requires_valid_code" time="0.446" /><testcase classname="backend.tests.test_phase2_admin_grace.TestRegularEmailOnlyLogin" name="test_regular_login_email_only" time="0.283" /><testcase classname="backend.tests.test_phase2_admin_grace.TestRegularEmailOnlyLogin" name="test_regular_login_returns_subscription_info" time="0.288" /><testcase classname="backend.tests.test_phase2_admin_grace.TestRegularEmailOnlyLogin" name="test_regular_login_with_wrong_password" time="0.296" /><testcase classname="backend.tests.test_phase2_admin_grace.TestAuthMeSubscription" name="test_auth_me_returns_subscription" time="0.350" /><testcase classname="backend.tests.test_phase2_admin_grace.TestAuthMeSubscription" name="test_auth_me_subscription_grace_info_missing" time="0.057" /><testcase classname="backend.tests.test_phase2_admin_grace.TestOrganizationPlans" name="test_plans_endpoint_returns_grace_info" time="0.076" /><testcase classname="backend.tests.test_phase2_admin_grace.TestOrganizationPlans" name="test_plans_endpoint_features_structure" time="0.079" /><testcase classname="backend.tests.test_phase2_admin_grace.TestEmailService" name="test_send_welcome_function_exists" time="0.010" /><testcase classname="backend.tests.test_phase2_admin_grace.TestEmailService" name="test_send_trial_warning_function_exists" time="0.000" /><testcase classname="backend.tests.test_phase2_admin_grace.TestEmailService" name="test_send_grace_period_warning_function_exists" time="0.000" /><testcase classname="backend.tests.test_phase2_admin_grace.TestEmailService" name="test_send_account_locked_function_exists" time="0.000" /><testcase classname="backend.tests.test_phase2_admin_grace.TestEmailService" name="test_send_superadmin_backup_codes_function_exists" time="0.000" /><testcase classname="backend.tests.test_phase2_admin_grace.TestEmailService" name="test_resend_api_key_configured" time="0.000" /><testcase classname="backend.tests.test_phase2_admin_grace.TestEmailService" name="test_email_service_uses_resend" time="0.000" /><testcase classname="backend.tests.test_phase2_admin_grace.TestGracePeriodLogic" name="test_get_effective_plan_trial_active" time="0.346" /><testcase classname="backend.tests.test_phase2_admin_grace.TestGracePeriodLogic" name="test_get_effective_plan_trial_expired_in_grace" time="0.000" /><testcase classname="backend.tests.test_phase2_admin_grace.TestGracePeriodLogic" name="test_get_effective_plan_trial_expired_past_grace" time="0.000" /><testcase classname="backend.tests.test_phase2_admin_grace.TestGracePeriodLogic" name="test_get_grace_info_in_grace" time="0.000" /><testcase classname="backend.tests.test_phase2_admin_grace.TestGracePeriodLogic" name="test_get_grace_info_not_in_grace" time="0.000" /><testcase classname="backend.tests.test_phase2_admin_grace.TestGracePeriodLogic" name="test_grace_period_days_is_3" time="0.000" /><testcase classname="backend.tests.test_phase2_admin_grace.TestGracePeriodLogic" name="test_grace_period_features_same_as_pro" time="0.000" /><testcase classname="backend.tests.test_phase2_admin_grace.TestDailyScheduler" name="test_scheduler_jobs_in_main_code" time="0.000" /><testcase classname="backend.tests.test_phase2_admin_grace.TestDailyScheduler" name="test_subscription_check_job_runs_at_9am" time="0.000" /><testcase classname="backend.tests.test_phase2_admin_grace.TestDailyScheduler" name="test_scheduler_logs_show_job_registered" time="0.003" /><testcase classname="backend.tests.test_phase2_admin_grace.TestAdminPortalSecurity" name="test_landing_page_has_no_admin_link" time="0.000" /><testcase classname="backend.tests.test_phase2_admin_grace.TestAdminPortalSecurity" name="test_login_page_has_no_admin_link" time="0.000" /><testcase classname="backend.tests.test_phase2_admin_grace.TestAdminPortalSecurity" name="test_login_page_is_email_only" time="0.000" /><testcase classname="backend.tests.test_phase2_admin_grace.TestAdminPortalSecurity" name="test_owner_email_is_updated" time="0.001" /></testsuite></testsuites>