<?xml version="1.0" encoding="utf-8"?><testsuites name="pytest tests"><testsuite name="pytest" errors="0" failures="0" skipped="0" tests="43" time="5.567" timestamp="2026-02-19T23:24:23.275257+00:00" hostname="agent-env-367f2f6e-7e75-4120-9e02-3129eafb10f3"><testcase classname="tests.test_modular_api_regression.TestHealthCheck" name="test_api_accessible" time="0.486" /><testcase classname="tests.test_modular_api_regression.TestAuth" name="test_admin_login_success" time="0.388" /><testcase classname="tests.test_modular_api_regression.TestAuth" name="test_cashier_login_success" time="0.307" /><testcase classname="tests.test_modular_api_regression.TestAuth" name="test_login_invalid_credentials" time="0.073" /><testcase classname="tests.test_modular_api_regression.TestAuth" name="test_auth_me_admin" time="0.350" /><testcase classname="tests.test_modular_api_regression.TestAuth" name="test_auth_me_cashier" time="0.388" /><testcase classname="tests.test_modular_api_regression.TestDashboard" name="test_dashboard_stats_admin" time="0.074" /><testcase classname="tests.test_modular_api_regression.TestDashboard" name="test_dashboard_stats_with_branch_filter" time="0.145" /><testcase classname="tests.test_modular_api_regression.TestDashboard" name="test_dashboard_stats_cashier" time="0.134" /><testcase classname="tests.test_modular_api_regression.TestDashboard" name="test_dashboard_branch_summary" time="0.080" /><testcase classname="tests.test_modular_api_regression.TestInvoices" name="test_list_invoices" time="0.108" /><testcase classname="tests.test_modular_api_regression.TestInvoices" name="test_create_invoice" time="0.130" /><testcase classname="tests.test_modular_api_regression.TestInvoices" name="test_get_invoice_by_id" time="0.223" /><testcase classname="tests.test_modular_api_regression.TestProducts" name="test_list_products" time="0.062" /><testcase classname="tests.test_modular_api_regression.TestProducts" name="test_create_product" time="0.068" /><testcase classname="tests.test_modular_api_regression.TestProducts" name="test_search_products" time="0.070" /><testcase classname="tests.test_modular_api_regression.TestCustomers" name="test_list_customers" time="0.084" /><testcase classname="tests.test_modular_api_regression.TestCustomers" name="test_list_customers_cashier" time="0.107" /><testcase classname="tests.test_modular_api_regression.TestCustomers" name="test_create_customer" time="0.059" /><testcase classname="tests.test_modular_api_regression.TestPurchaseOrders" name="test_list_purchase_orders" time="0.076" /><testcase classname="tests.test_modular_api_regression.TestPurchaseOrders" name="test_list_po_cashier" time="0.054" /><testcase classname="tests.test_modular_api_regression.TestAccounting" name="test_list_fund_wallets" time="0.076" /><testcase classname="tests.test_modular_api_regression.TestAccounting" name="test_list_expenses" time="0.102" /><testcase classname="tests.test_modular_api_regression.TestAccounting" name="test_expense_categories" time="0.074" /><testcase classname="tests.test_modular_api_regression.TestSettings" name="test_get_invoice_prefixes" time="0.073" /><testcase classname="tests.test_modular_api_regression.TestSettings" name="test_get_terms_options" time="0.058" /><testcase classname="tests.test_modular_api_regression.TestSuppliers" name="test_list_suppliers" time="0.078" /><testcase classname="tests.test_modular_api_regression.TestDailyOperations" name="test_get_daily_log" time="0.099" /><testcase classname="tests.test_modular_api_regression.TestDailyOperations" name="test_get_daily_report" time="0.063" /><testcase classname="tests.test_modular_api_regression.TestPermissions" name="test_get_permission_modules" time="0.080" /><testcase classname="tests.test_modular_api_regression.TestPermissions" name="test_get_permission_presets" time="0.124" /><testcase classname="tests.test_modular_api_regression.TestSync" name="test_get_pos_sync_data" time="0.125" /><testcase classname="tests.test_modular_api_regression.TestMultiBranchIsolation" name="test_admin_sees_all_branches" time="0.090" /><testcase classname="tests.test_modular_api_regression.TestMultiBranchIsolation" name="test_cashier_has_branch_id" time="0.065" /><testcase classname="tests.test_modular_api_regression.TestMultiBranchIsolation" name="test_admin_invoice_filter_by_branch" time="0.204" /><testcase classname="tests.test_modular_api_regression.TestMultiBranchIsolation" name="test_cashier_data_filtered" time="0.153" /><testcase classname="tests.test_modular_api_regression.TestAdditionalEndpoints" name="test_list_users" time="0.103" /><testcase classname="tests.test_modular_api_regression.TestAdditionalEndpoints" name="test_list_inventory" time="0.068" /><testcase classname="tests.test_modular_api_regression.TestAdditionalEndpoints" name="test_list_price_schemes" time="0.105" /><testcase classname="tests.test_modular_api_regression.TestAdditionalEndpoints" name="test_list_employees" time="0.068" /><testcase classname="tests.test_modular_api_regression.TestAdditionalEndpoints" name="test_list_receivables" time="0.056" /><testcase classname="tests.test_modular_api_regression.TestAdditionalEndpoints" name="test_list_payables" time="0.071" /><testcase classname="tests.test_modular_api_regression.TestAdditionalEndpoints" name="test_list_branches" time="0.056" /></testsuite></testsuites>