<?xml version="1.0" encoding="utf-8"?><testsuites name="pytest tests"><testsuite name="pytest" errors="0" failures="0" skipped="0" tests="8" time="2.026" timestamp="2026-03-17T07:14:48.488089+00:00" hostname="agent-env-424d9007-c58e-4c2f-a4a7-c62b7774aa88"><testcase classname="backend.tests.test_negative_stock_override_132.TestInsufficientStockValidation" name="test_sale_with_zero_stock_returns_422" time="0.467" /><testcase classname="backend.tests.test_negative_stock_override_132.TestInsufficientStockValidation" name="test_sale_with_wrong_pin_returns_403" time="0.332" /><testcase classname="backend.tests.test_negative_stock_override_132.TestManagerOverrideWithCorrectPIN" name="test_sale_with_correct_pin_succeeds" time="0.330" /><testcase classname="backend.tests.test_negative_stock_override_132.TestManagerOverrideWithCorrectPIN" name="test_incident_ticket_created_after_override" time="0.105" /><testcase classname="backend.tests.test_negative_stock_override_132.TestNegativeStockViews" name="test_inventory_shows_negative_stock" time="0.107" /><testcase classname="backend.tests.test_negative_stock_override_132.TestNegativeStockViews" name="test_close_preview_negative_stock_warning" time="0.110" /><testcase classname="backend.tests.test_negative_stock_override_132.TestNegativeStockViews" name="test_count_sheet_snapshot_has_negative_flag" time="0.405" /><testcase classname="backend.tests.test_negative_stock_override_132.TestNormalSaleUnaffected" name="test_normal_sale_completes_without_override" time="0.104" /></testsuite></testsuites>