<?xml version="1.0" encoding="utf-8"?><testsuites name="pytest tests"><testsuite name="pytest" errors="0" failures="0" skipped="0" tests="27" time="5.226" timestamp="2026-02-21T03:04:23.576454+00:00" hostname="agent-env-89f6fba3-2930-4ed4-afa0-00bc508b78be"><testcase classname="backend.tests.test_totp_inventory_correction.TestTotpStatus" name="test_totp_status_admin" time="0.516" /><testcase classname="backend.tests.test_totp_inventory_correction.TestTotpStatus" name="test_totp_status_unauthenticated" time="0.125" /><testcase classname="backend.tests.test_totp_inventory_correction.TestTotpStatus" name="test_totp_status_returns_false_initially" time="0.146" /><testcase classname="backend.tests.test_totp_inventory_correction.TestTotpSetup" name="test_setup_returns_qr_uri_and_secret" time="0.118" /><testcase classname="backend.tests.test_totp_inventory_correction.TestTotpSetup" name="test_setup_uses_admin_username_in_uri" time="0.115" /><testcase classname="backend.tests.test_totp_inventory_correction.TestTotpSetup" name="test_setup_after_setup_status_not_enabled" time="0.240" /><testcase classname="backend.tests.test_totp_inventory_correction.TestTotpSetup" name="test_setup_unauthenticated_fails" time="0.115" /><testcase classname="backend.tests.test_totp_inventory_correction.TestVerifyAdminAction" name="test_verify_with_correct_password" time="0.343" /><testcase classname="backend.tests.test_totp_inventory_correction.TestVerifyAdminAction" name="test_verify_with_wrong_password" time="0.331" /><testcase classname="backend.tests.test_totp_inventory_correction.TestVerifyAdminAction" name="test_verify_totp_invalid_code" time="0.122" /><testcase classname="backend.tests.test_totp_inventory_correction.TestVerifyAdminAction" name="test_verify_empty_code_returns_400" time="0.144" /><testcase classname="backend.tests.test_totp_inventory_correction.TestVerifyAdminAction" name="test_verify_unauthenticated_fails" time="0.123" /><testcase classname="backend.tests.test_totp_inventory_correction.TestTotpControls" name="test_get_totp_controls_admin" time="0.112" /><testcase classname="backend.tests.test_totp_inventory_correction.TestTotpControls" name="test_get_totp_controls_has_9_actions" time="0.116" /><testcase classname="backend.tests.test_totp_inventory_correction.TestTotpControls" name="test_get_totp_controls_action_structure" time="0.113" /><testcase classname="backend.tests.test_totp_inventory_correction.TestTotpControls" name="test_get_totp_controls_contains_expected_keys" time="0.115" /><testcase classname="backend.tests.test_totp_inventory_correction.TestTotpControls" name="test_put_totp_controls_saves_enabled_actions" time="0.111" /><testcase classname="backend.tests.test_totp_inventory_correction.TestTotpControls" name="test_put_totp_controls_persists" time="0.247" /><testcase classname="backend.tests.test_totp_inventory_correction.TestTotpControls" name="test_totp_controls_non_admin_forbidden" time="0.113" /><testcase classname="backend.tests.test_totp_inventory_correction.TestInventoryAdminAdjust" name="test_admin_adjust_sets_stock" time="0.348" /><testcase classname="backend.tests.test_totp_inventory_correction.TestInventoryAdminAdjust" name="test_admin_adjust_creates_correction_record" time="0.137" /><testcase classname="backend.tests.test_totp_inventory_correction.TestInventoryAdminAdjust" name="test_admin_adjust_repack_blocked" time="0.268" /><testcase classname="backend.tests.test_totp_inventory_correction.TestInventoryAdminAdjust" name="test_admin_adjust_unauthenticated_fails" time="0.210" /><testcase classname="backend.tests.test_totp_inventory_correction.TestInventoryCorrections" name="test_get_corrections_empty_initially_or_list" time="0.120" /><testcase classname="backend.tests.test_totp_inventory_correction.TestInventoryCorrections" name="test_get_corrections_after_adjust_has_record" time="0.268" /><testcase classname="backend.tests.test_totp_inventory_correction.TestInventoryCorrections" name="test_get_corrections_has_test_record" time="0.302" /><testcase classname="backend.tests.test_totp_inventory_correction.TestInventoryCorrections" name="test_get_corrections_unauthenticated_fails" time="0.145" /></testsuite></testsuites>