<?xml version="1.0" encoding="utf-8"?><testsuites name="pytest tests"><testsuite name="pytest" errors="0" failures="0" skipped="0" tests="11" time="2.665" timestamp="2026-02-19T13:17:37.322477+00:00" hostname="agent-env-8ae58c8a-4c1a-4a3c-a0c0-594c49a20a26"><testcase classname="backend.tests.test_repack_inventory.TestInventoryEndpointWithRepacks" name="test_inventory_shows_repacks_with_derived_label" time="0.884" /><testcase classname="backend.tests.test_repack_inventory.TestInventoryEndpointWithRepacks" name="test_inventory_shows_repack_parent_info" time="0.123" /><testcase classname="backend.tests.test_repack_inventory.TestInventoryEndpointWithRepacks" name="test_repack_calculated_available" time="0.142" /><testcase classname="backend.tests.test_repack_inventory.TestProductSearchWithRepacks" name="test_search_returns_calculated_available_for_repacks" time="0.151" /><testcase classname="backend.tests.test_repack_inventory.TestProductSearchWithRepacks" name="test_search_shows_derived_from_parent_true_for_repacks" time="0.134" /><testcase classname="backend.tests.test_repack_inventory.TestRepackInventoryAdjustmentBlocked" name="test_adjust_repack_inventory_returns_error" time="0.102" /><testcase classname="backend.tests.test_repack_inventory.TestRepackInventoryAdjustmentBlocked" name="test_adjust_parent_inventory_allowed" time="0.115" /><testcase classname="backend.tests.test_repack_inventory.TestRepackSalesDeductFromParent" name="test_repack_sale_deducts_from_parent" time="0.384" /><testcase classname="backend.tests.test_repack_inventory.TestExistingRepacks" name="test_existing_repack_shows_derived_quantities" time="0.122" /><testcase classname="backend.tests.test_repack_inventory.TestExistingRepacks" name="test_existing_repack_inventory_adjustment_blocked" time="0.227" /><testcase classname="backend.tests.test_repack_inventory.TestRepackBadgeMultiplier" name="test_repack_has_units_per_parent" time="0.217" /></testsuite></testsuites>