<?xml version="1.0" encoding="utf-8"?><testsuites name="pytest tests"><testsuite name="pytest" errors="6" failures="0" skipped="1" tests="27" time="4.843" timestamp="2026-02-24T02:07:27.123164+00:00" hostname="agent-env-6ac3e5e2-9613-422d-b6e9-8f192747e9ab"><testcase classname="backend.tests.test_verify_audit.TestAdminPIN" name="test_admin_pin_set_requires_admin" time="0.282"><error message="failed on setup with &quot;AssertionError: Cashier login failed: {&quot;detail&quot;:&quot;Invalid credentials&quot;}&#10;assert 401 == 200&#10; +  where 401 = &lt;Response [401]&gt;.status_code&quot;">backend/tests/test_verify_audit.py:54: in cashier_token
    assert res.status_code == 200, f"Cashier login failed: {res.text}"
E   AssertionError: Cashier login failed: {"detail":"Invalid credentials"}
E   assert 401 == 200
E    +  where 401 = &lt;Response [401]&gt;.status_code</error></testcase><testcase classname="backend.tests.test_verify_audit.TestAdminPIN" name="test_admin_pin_set_short_pin_rejected" time="0.466" /><testcase classname="backend.tests.test_verify_audit.TestAdminPIN" name="test_admin_pin_set_success" time="0.349" /><testcase classname="backend.tests.test_verify_audit.TestAdminPIN" name="test_admin_pin_status_is_configured" time="0.113" /><testcase classname="backend.tests.test_verify_audit.TestAdminPIN" name="test_admin_pin_status_requires_admin" time="0.000"><error message="failed on setup with &quot;AssertionError: Cashier login failed: {&quot;detail&quot;:&quot;Invalid credentials&quot;}&#10;assert 401 == 200&#10; +  where 401 = &lt;Response [401]&gt;.status_code&quot;">backend/tests/test_verify_audit.py:54: in cashier_token
    assert res.status_code == 200, f"Cashier login failed: {res.text}"
E   AssertionError: Cashier login failed: {"detail":"Invalid credentials"}
E   assert 401 == 200
E    +  where 401 = &lt;Response [401]&gt;.status_code</error></testcase><testcase classname="backend.tests.test_verify_audit.TestVerifyTransaction" name="test_verify_invalid_doc_type" time="0.118" /><testcase classname="backend.tests.test_verify_audit.TestVerifyTransaction" name="test_verify_nonexistent_doc" time="0.115" /><testcase classname="backend.tests.test_verify_audit.TestVerifyTransaction" name="test_verify_wrong_pin" time="0.498" /><testcase classname="backend.tests.test_verify_audit.TestVerifyTransaction" name="test_verify_purchase_order_success" time="0.400" /><testcase classname="backend.tests.test_verify_audit.TestVerifyTransaction" name="test_verify_po_shows_verified_badge" time="0.117" /><testcase classname="backend.tests.test_verify_audit.TestVerifyTransaction" name="test_verify_with_discrepancy" time="0.171"><skipped type="pytest.skip" message="No expenses available to test">/app/backend/tests/test_verify_audit.py:216: No expenses available to test</skipped></testcase><testcase classname="backend.tests.test_verify_audit.TestVerifyTransaction" name="test_unverify_requires_admin" time="0.000"><error message="failed on setup with &quot;AssertionError: Cashier login failed: {&quot;detail&quot;:&quot;Invalid credentials&quot;}&#10;assert 401 == 200&#10; +  where 401 = &lt;Response [401]&gt;.status_code&quot;">backend/tests/test_verify_audit.py:54: in cashier_token
    assert res.status_code == 200, f"Cashier login failed: {res.text}"
E   AssertionError: Cashier login failed: {"detail":"Invalid credentials"}
E   assert 401 == 200
E    +  where 401 = &lt;Response [401]&gt;.status_code</error></testcase><testcase classname="backend.tests.test_verify_audit.TestVerifyTransaction" name="test_unverify_purchase_order" time="0.155" /><testcase classname="backend.tests.test_verify_audit.TestDiscrepancies" name="test_list_discrepancies_requires_auth" time="0.151" /><testcase classname="backend.tests.test_verify_audit.TestDiscrepancies" name="test_list_discrepancies_admin" time="0.157" /><testcase classname="backend.tests.test_verify_audit.TestDiscrepancies" name="test_list_discrepancies_filter_resolved" time="0.112" /><testcase classname="backend.tests.test_verify_audit.TestDiscrepancies" name="test_list_discrepancies_cashier" time="0.000"><error message="failed on setup with &quot;AssertionError: Cashier login failed: {&quot;detail&quot;:&quot;Invalid credentials&quot;}&#10;assert 401 == 200&#10; +  where 401 = &lt;Response [401]&gt;.status_code&quot;">backend/tests/test_verify_audit.py:54: in cashier_token
    assert res.status_code == 200, f"Cashier login failed: {res.text}"
E   AssertionError: Cashier login failed: {"detail":"Invalid credentials"}
E   assert 401 == 200
E    +  where 401 = &lt;Response [401]&gt;.status_code</error></testcase><testcase classname="backend.tests.test_verify_audit.TestDiscrepancies" name="test_resolve_nonexistent_discrepancy" time="0.136" /><testcase classname="backend.tests.test_verify_audit.TestDiscrepancies" name="test_resolve_existing_discrepancy_if_any" time="0.116" /><testcase classname="backend.tests.test_verify_audit.TestAuditOfflinePackage" name="test_offline_package_requires_auth" time="0.136" /><testcase classname="backend.tests.test_verify_audit.TestAuditOfflinePackage" name="test_offline_package_admin" time="0.143"><error message="failed on setup with &quot;AttributeError: 'list' object has no attribute 'get'&quot;">backend/tests/test_verify_audit.py:70: in first_branch_id
    branches = res.json().get("branches", res.json() if isinstance(res.json(), list) else [])
               ^^^^^^^^^^^^^^
E   AttributeError: 'list' object has no attribute 'get'</error></testcase><testcase classname="backend.tests.test_verify_audit.TestAuditOfflinePackage" name="test_offline_package_with_period" time="0.000"><error message="failed on setup with &quot;AttributeError: 'list' object has no attribute 'get'&quot;">backend/tests/test_verify_audit.py:70: in first_branch_id
    branches = res.json().get("branches", res.json() if isinstance(res.json(), list) else [])
               ^^^^^^^^^^^^^^
E   AttributeError: 'list' object has no attribute 'get'</error></testcase><testcase classname="backend.tests.test_verify_audit.TestUploadViewToken" name="test_generate_view_token_requires_record_type" time="0.120" /><testcase classname="backend.tests.test_verify_audit.TestUploadViewToken" name="test_generate_view_token_success" time="0.132" /><testcase classname="backend.tests.test_verify_audit.TestUploadViewToken" name="test_view_session_with_valid_token" time="0.253" /><testcase classname="backend.tests.test_verify_audit.TestUploadViewToken" name="test_view_session_with_invalid_token" time="0.118" /><testcase classname="backend.tests.test_verify_audit.TestUploadViewToken" name="test_view_session_shows_verification_status" time="0.215" /></testsuite></testsuites>