<?xml version="1.0" encoding="utf-8"?><testsuites name="pytest tests"><testsuite name="pytest" errors="0" failures="2" skipped="0" tests="53" time="5.981" timestamp="2026-02-22T09:25:21.847404+00:00" hostname="agent-env-cb82ccbf-fca7-4e78-a6b3-227eaced9c5a"><testcase classname="backend.tests.test_po_redesign.TestListPurchaseOrders" name="test_list_returns_200" time="0.586" /><testcase classname="backend.tests.test_po_redesign.TestListPurchaseOrders" name="test_list_returns_purchase_orders_and_total" time="0.118" /><testcase classname="backend.tests.test_po_redesign.TestListPurchaseOrders" name="test_list_each_po_has_required_fields" time="0.144" /><testcase classname="backend.tests.test_po_redesign.TestListPurchaseOrders" name="test_list_with_limit_param" time="0.106" /><testcase classname="backend.tests.test_po_redesign.TestListPurchaseOrders" name="test_list_with_status_filter_draft" time="0.110" /><testcase classname="backend.tests.test_po_redesign.TestListPurchaseOrders" name="test_list_with_status_filter_received" time="0.099" /><testcase classname="backend.tests.test_po_redesign.TestListPurchaseOrders" name="test_list_without_auth_returns_401" time="0.090"><failure message="assert 403 == 401&#10; +  where 403 = &lt;Response [403]&gt;.status_code">backend/tests/test_po_redesign.py:105: in test_list_without_auth_returns_401
    assert resp.status_code == 401
E   assert 403 == 401
E    +  where 403 = &lt;Response [403]&gt;.status_code</failure></testcase><testcase classname="backend.tests.test_po_redesign.TestFundBalances" name="test_fund_balances_returns_200" time="0.109" /><testcase classname="backend.tests.test_po_redesign.TestFundBalances" name="test_fund_balances_has_cashier_and_safe" time="0.106" /><testcase classname="backend.tests.test_po_redesign.TestFundBalances" name="test_fund_balances_are_numeric" time="0.104" /><testcase classname="backend.tests.test_po_redesign.TestFundBalances" name="test_fund_balances_without_branch_returns_200" time="0.104" /><testcase classname="backend.tests.test_po_redesign.TestFundBalances" name="test_fund_balances_without_auth_returns_401" time="0.103"><failure message="assert 403 == 401&#10; +  where 403 = &lt;Response [403]&gt;.status_code">backend/tests/test_po_redesign.py:148: in test_fund_balances_without_auth_returns_401
    assert resp.status_code == 401
E   assert 403 == 401
E    +  where 403 = &lt;Response [403]&gt;.status_code</failure></testcase><testcase classname="backend.tests.test_po_redesign.TestCreateDraftPO" name="test_draft_po_has_status_draft" time="0.096" /><testcase classname="backend.tests.test_po_redesign.TestCreateDraftPO" name="test_draft_po_has_po_type_draft" time="0.000" /><testcase classname="backend.tests.test_po_redesign.TestCreateDraftPO" name="test_draft_po_payment_status_unpaid" time="0.000" /><testcase classname="backend.tests.test_po_redesign.TestCreateDraftPO" name="test_draft_po_amount_paid_zero" time="0.000" /><testcase classname="backend.tests.test_po_redesign.TestCreateDraftPO" name="test_draft_po_dr_number_stored" time="0.000" /><testcase classname="backend.tests.test_po_redesign.TestCreateDraftPO" name="test_draft_po_grand_total_correct" time="0.000" /><testcase classname="backend.tests.test_po_redesign.TestCreateDraftPO" name="test_draft_po_appears_in_list" time="0.106" /><testcase classname="backend.tests.test_po_redesign.TestCreateDraftPO" name="test_draft_po_in_draft_filter" time="0.196" /><testcase classname="backend.tests.test_po_redesign.TestCreateTermsPO" name="test_terms_po_status_is_received" time="0.119" /><testcase classname="backend.tests.test_po_redesign.TestCreateTermsPO" name="test_terms_po_type_is_terms" time="0.000" /><testcase classname="backend.tests.test_po_redesign.TestCreateTermsPO" name="test_terms_po_payment_status_unpaid" time="0.000" /><testcase classname="backend.tests.test_po_redesign.TestCreateTermsPO" name="test_terms_po_balance_equals_grand_total" time="0.000" /><testcase classname="backend.tests.test_po_redesign.TestCreateTermsPO" name="test_terms_po_terms_days_stored" time="0.000" /><testcase classname="backend.tests.test_po_redesign.TestCreateTermsPO" name="test_terms_po_terms_label_stored" time="0.000" /><testcase classname="backend.tests.test_po_redesign.TestCreateTermsPO" name="test_terms_po_dr_number_stored" time="0.000" /><testcase classname="backend.tests.test_po_redesign.TestCreateTermsPO" name="test_terms_po_ap_created" time="0.105" /><testcase classname="backend.tests.test_po_redesign.TestCreateTermsPO" name="test_terms_po_appears_in_received_filter" time="0.243" /><testcase classname="backend.tests.test_po_redesign.TestCreateCashPO" name="test_cash_po_status_is_received" time="0.107" /><testcase classname="backend.tests.test_po_redesign.TestCreateCashPO" name="test_cash_po_type_is_cash" time="0.000" /><testcase classname="backend.tests.test_po_redesign.TestCreateCashPO" name="test_cash_po_payment_status_paid" time="0.000" /><testcase classname="backend.tests.test_po_redesign.TestCreateCashPO" name="test_cash_po_balance_is_zero" time="0.000" /><testcase classname="backend.tests.test_po_redesign.TestCreateCashPO" name="test_cash_po_amount_paid_equals_grand_total" time="0.000" /><testcase classname="backend.tests.test_po_redesign.TestCreateCashPO" name="test_cash_po_dr_number_stored" time="0.000" /><testcase classname="backend.tests.test_po_redesign.TestCreateCashPO" name="test_cash_po_has_po_number" time="0.000" /><testcase classname="backend.tests.test_po_redesign.TestCreateCashPO" name="test_cash_po_appears_in_received_filter" time="0.212" /><testcase classname="backend.tests.test_po_redesign.TestPODiscounts" name="test_line_discount_amount_type" time="0.211" /><testcase classname="backend.tests.test_po_redesign.TestPODiscounts" name="test_line_discount_percent_type" time="0.199" /><testcase classname="backend.tests.test_po_redesign.TestPODiscounts" name="test_overall_discount_amount" time="0.207" /><testcase classname="backend.tests.test_po_redesign.TestPODiscounts" name="test_overall_discount_percent" time="0.208" /><testcase classname="backend.tests.test_po_redesign.TestPOFreightAndVAT" name="test_po_with_freight" time="0.204" /><testcase classname="backend.tests.test_po_redesign.TestPOFreightAndVAT" name="test_po_with_vat" time="0.206" /><testcase classname="backend.tests.test_po_redesign.TestPOFreightAndVAT" name="test_po_with_freight_and_vat" time="0.199" /><testcase classname="backend.tests.test_po_redesign.TestInsufficientFunds" name="test_cash_po_insufficient_cashier_returns_400" time="0.107" /><testcase classname="backend.tests.test_po_redesign.TestInsufficientFunds" name="test_cash_po_insufficient_safe_returns_400" time="0.099" /><testcase classname="backend.tests.test_po_redesign.TestBackwardCompatibility" name="test_legacy_credit_payment_method" time="0.197" /><testcase classname="backend.tests.test_po_redesign.TestDRNumberField" name="test_dr_number_stored_on_draft" time="0.253" /><testcase classname="backend.tests.test_po_redesign.TestDRNumberField" name="test_dr_number_in_list_response" time="0.340" /><testcase classname="backend.tests.test_po_redesign.TestByVendor" name="test_by_vendor_returns_200" time="0.102" /><testcase classname="backend.tests.test_po_redesign.TestByVendor" name="test_by_vendor_returns_list" time="0.095" /><testcase classname="backend.tests.test_po_redesign.TestByVendor" name="test_by_vendor_all_pos_match_vendor" time="0.096" /><testcase classname="backend.tests.test_po_redesign.TestByVendor" name="test_by_vendor_nonexistent_returns_empty_list" time="0.105" /></testsuite></testsuites>