<?xml version="1.0" encoding="utf-8"?><testsuites name="pytest tests"><testsuite name="pytest" errors="5" failures="0" skipped="0" tests="28" time="3.837" timestamp="2026-02-21T06:00:21.298517+00:00" hostname="agent-env-89f6fba3-2930-4ed4-afa0-00bc508b78be"><testcase classname="backend.tests.test_dashboard_redesign.TestDashboardStats" name="test_stats_returns_200" time="0.692" /><testcase classname="backend.tests.test_dashboard_redesign.TestDashboardStats" name="test_stats_has_today_date" time="0.157" /><testcase classname="backend.tests.test_dashboard_redesign.TestDashboardStats" name="test_stats_has_day_of_week" time="0.161" /><testcase classname="backend.tests.test_dashboard_redesign.TestDashboardStats" name="test_stats_has_today_cash_sales" time="0.189" /><testcase classname="backend.tests.test_dashboard_redesign.TestDashboardStats" name="test_stats_has_ar_aging" time="0.121" /><testcase classname="backend.tests.test_dashboard_redesign.TestDashboardStats" name="test_stats_has_credit_customers_today" time="0.115" /><testcase classname="backend.tests.test_dashboard_redesign.TestDashboardStats" name="test_stats_has_cashier_balance" time="0.131" /><testcase classname="backend.tests.test_dashboard_redesign.TestDashboardStats" name="test_stats_has_safe_balance" time="0.111" /><testcase classname="backend.tests.test_dashboard_redesign.TestDashboardStats" name="test_stats_has_last_close_date" time="0.149" /><testcase classname="backend.tests.test_dashboard_redesign.TestDashboardStats" name="test_stats_has_top_debtors" time="0.132" /><testcase classname="backend.tests.test_dashboard_redesign.TestDashboardStats" name="test_stats_has_today_ar_collected" time="0.144" /><testcase classname="backend.tests.test_dashboard_redesign.TestDashboardStats" name="test_stats_has_recent_ar_payments" time="0.112" /><testcase classname="backend.tests.test_dashboard_redesign.TestDashboardStats" name="test_stats_has_low_stock_count" time="0.123" /><testcase classname="backend.tests.test_dashboard_redesign.TestDashboardStats" name="test_stats_branch_filter" time="0.105"><error message="failed on setup with &quot;AttributeError: 'Response' object has no attribute 'data'&quot;">backend/tests/test_dashboard_redesign.py:36: in branch_id
    branches = res.data if isinstance(res.data, list) else res.json()
                                      ^^^^^^^^
E   AttributeError: 'Response' object has no attribute 'data'</error></testcase><testcase classname="backend.tests.test_dashboard_redesign.TestDashboardBranchSummary" name="test_branch_summary_returns_200" time="0.143" /><testcase classname="backend.tests.test_dashboard_redesign.TestDashboardBranchSummary" name="test_branch_summary_has_branches_list" time="0.116" /><testcase classname="backend.tests.test_dashboard_redesign.TestDashboardBranchSummary" name="test_branch_summary_has_totals" time="0.121" /><testcase classname="backend.tests.test_dashboard_redesign.TestDashboardBranchSummary" name="test_branch_summary_each_branch_has_new_credit" time="0.134" /><testcase classname="backend.tests.test_dashboard_redesign.TestDashboardBranchSummary" name="test_branch_summary_each_branch_has_ar_collected_today" time="0.168" /><testcase classname="backend.tests.test_dashboard_redesign.TestDashboardBranchSummary" name="test_branch_summary_each_branch_has_last_close_date" time="0.123" /><testcase classname="backend.tests.test_dashboard_redesign.TestDashboardBranchSummary" name="test_branch_summary_each_branch_has_cash_sales" time="0.125" /><testcase classname="backend.tests.test_dashboard_redesign.TestDailyClosePOST" name="test_daily_close_preview_has_credit_sales_today" time="0.000"><error message="failed on setup with &quot;AttributeError: 'Response' object has no attribute 'data'&quot;">backend/tests/test_dashboard_redesign.py:36: in branch_id
    branches = res.data if isinstance(res.data, list) else res.json()
                                      ^^^^^^^^
E   AttributeError: 'Response' object has no attribute 'data'</error></testcase><testcase classname="backend.tests.test_dashboard_redesign.TestDailyClosePOST" name="test_daily_close_preview_has_total_credit_today" time="0.000"><error message="failed on setup with &quot;AttributeError: 'Response' object has no attribute 'data'&quot;">backend/tests/test_dashboard_redesign.py:36: in branch_id
    branches = res.data if isinstance(res.data, list) else res.json()
                                      ^^^^^^^^
E   AttributeError: 'Response' object has no attribute 'data'</error></testcase><testcase classname="backend.tests.test_dashboard_redesign.TestZReportArchive" name="test_get_daily_close_archive_has_new_credit_fields" time="0.000"><error message="failed on setup with &quot;AttributeError: 'Response' object has no attribute 'data'&quot;">backend/tests/test_dashboard_redesign.py:36: in branch_id
    branches = res.data if isinstance(res.data, list) else res.json()
                                      ^^^^^^^^
E   AttributeError: 'Response' object has no attribute 'data'</error></testcase><testcase classname="backend.tests.test_dashboard_redesign.TestCustomerSearchForARPayment" name="test_customers_search_returns_results" time="0.105" /><testcase classname="backend.tests.test_dashboard_redesign.TestCustomerSearchForARPayment" name="test_invoices_search_by_customer_id" time="0.000"><error message="failed on setup with &quot;AttributeError: 'Response' object has no attribute 'data'&quot;">backend/tests/test_dashboard_redesign.py:36: in branch_id
    branches = res.data if isinstance(res.data, list) else res.json()
                                      ^^^^^^^^
E   AttributeError: 'Response' object has no attribute 'data'</error></testcase><testcase classname="backend.tests.test_dashboard_redesign.TestPurchaseOrderUnpaidSummary" name="test_unpaid_summary_returns_200" time="0.105" /><testcase classname="backend.tests.test_dashboard_redesign.TestPurchaseOrderUnpaidSummary" name="test_unpaid_summary_has_categories" time="0.131" /></testsuite></testsuites>