<?xml version="1.0" encoding="utf-8"?><testsuites name="pytest tests"><testsuite name="pytest" errors="0" failures="0" skipped="0" tests="61" time="4.692" timestamp="2026-02-21T05:18:22.316657+00:00" hostname="agent-env-89f6fba3-2930-4ed4-afa0-00bc508b78be"><testcase classname="backend.tests.test_stress_multibranch.TestPhase0ResolvIDs" name="test_resolve_products" time="0.455" /><testcase classname="backend.tests.test_stress_multibranch.TestPhase0ResolvIDs" name="test_resolve_customers" time="0.053" /><testcase classname="backend.tests.test_stress_multibranch.TestPhase0ResolvIDs" name="test_resolve_suppliers" time="0.059" /><testcase classname="backend.tests.test_stress_multibranch.TestPhase1Setup" name="test_01_ipil_cashier_fund_setup" time="0.101" /><testcase classname="backend.tests.test_stress_multibranch.TestPhase1Setup" name="test_02_ipil_safe_fund_setup" time="0.110" /><testcase classname="backend.tests.test_stress_multibranch.TestPhase1Setup" name="test_03_sampoli_cashier_fund_setup" time="0.120" /><testcase classname="backend.tests.test_stress_multibranch.TestPhase1Setup" name="test_04_sampoli_safe_fund_setup" time="0.105" /><testcase classname="backend.tests.test_stress_multibranch.TestPhase1Setup" name="test_05_main_inventory_setup" time="0.283" /><testcase classname="backend.tests.test_stress_multibranch.TestPhase1Setup" name="test_06_ipil_inventory_setup" time="0.145" /><testcase classname="backend.tests.test_stress_multibranch.TestPhase1Setup" name="test_07_sampoli_inventory_setup" time="0.158" /><testcase classname="backend.tests.test_stress_multibranch.TestPhase1Setup" name="test_08_create_customer_rosario_main" time="0.050" /><testcase classname="backend.tests.test_stress_multibranch.TestPhase1Setup" name="test_09_create_customer_pedro_ipil" time="0.053" /><testcase classname="backend.tests.test_stress_multibranch.TestPhase1Setup" name="test_10_create_customer_maria_sampoli" time="0.047" /><testcase classname="backend.tests.test_stress_multibranch.TestPhase1Setup" name="test_11_create_supplier_agri" time="0.128" /><testcase classname="backend.tests.test_stress_multibranch.TestPhase2MainBranch" name="test_01_main_cash_sale_enertone" time="0.118" /><testcase classname="backend.tests.test_stress_multibranch.TestPhase2MainBranch" name="test_02_main_cash_sale_r_lannate" time="0.053" /><testcase classname="backend.tests.test_stress_multibranch.TestPhase2MainBranch" name="test_03_main_credit_sale_rosario_volplex" time="0.059" /><testcase classname="backend.tests.test_stress_multibranch.TestPhase2MainBranch" name="test_04_main_po_creation_supplier1_vitmin" time="0.051" /><testcase classname="backend.tests.test_stress_multibranch.TestPhase2MainBranch" name="test_05_main_po_receive" time="0.109" /><testcase classname="backend.tests.test_stress_multibranch.TestPhase2MainBranch" name="test_06_main_expense_utilities" time="0.054" /><testcase classname="backend.tests.test_stress_multibranch.TestPhase2MainBranch" name="test_07_main_farm_expense_rosario" time="0.056" /><testcase classname="backend.tests.test_stress_multibranch.TestPhase2MainBranch" name="test_08_main_customer_cashout" time="0.067" /><testcase classname="backend.tests.test_stress_multibranch.TestPhase2MainBranch" name="test_09_main_ar_payment_test_customer" time="0.108" /><testcase classname="backend.tests.test_stress_multibranch.TestPhase3IpilBranch" name="test_01_ipil_cash_sale_enertone" time="0.052" /><testcase classname="backend.tests.test_stress_multibranch.TestPhase3IpilBranch" name="test_02_ipil_credit_sale_janmark_platinum" time="0.058" /><testcase classname="backend.tests.test_stress_multibranch.TestPhase3IpilBranch" name="test_03_ipil_employee_advance" time="0.109" /><testcase classname="backend.tests.test_stress_multibranch.TestPhase3IpilBranch" name="test_04_ipil_po_pilmico_lannate" time="0.064" /><testcase classname="backend.tests.test_stress_multibranch.TestPhase3IpilBranch" name="test_05_ipil_pay_pilmico_partial_cash" time="0.059" /><testcase classname="backend.tests.test_stress_multibranch.TestPhase4SampoliBranch" name="test_01_sampoli_cash_sale_vitmin" time="0.060" /><testcase classname="backend.tests.test_stress_multibranch.TestPhase4SampoliBranch" name="test_02_sampoli_credit_sale_maria_lannate" time="0.053" /><testcase classname="backend.tests.test_stress_multibranch.TestPhase4SampoliBranch" name="test_03_sampoli_create_platinum_repack" time="0.053" /><testcase classname="backend.tests.test_stress_multibranch.TestPhase4SampoliBranch" name="test_04_sampoli_cleaning_expense" time="0.061" /><testcase classname="backend.tests.test_stress_multibranch.TestPhase5InventoryVerification" name="test_01_main_enertone_inventory" time="0.065" /><testcase classname="backend.tests.test_stress_multibranch.TestPhase5InventoryVerification" name="test_02_ipil_enertone_inventory" time="0.052" /><testcase classname="backend.tests.test_stress_multibranch.TestPhase5InventoryVerification" name="test_03_sampoli_vitmin_inventory" time="0.056" /><testcase classname="backend.tests.test_stress_multibranch.TestPhase5InventoryVerification" name="test_04_main_vitmin_inventory_after_po" time="0.059" /><testcase classname="backend.tests.test_stress_multibranch.TestPhase5InventoryVerification" name="test_05_sampoli_lannate_inventory_after_credit_sale" time="0.059" /><testcase classname="backend.tests.test_stress_multibranch.TestPhase5InventoryVerification" name="test_06_main_volplex_inventory_after_credit_sale" time="0.057" /><testcase classname="backend.tests.test_stress_multibranch.TestPhase6CashVerification" name="test_01_main_cashier_balance" time="0.050" /><testcase classname="backend.tests.test_stress_multibranch.TestPhase6CashVerification" name="test_02_ipil_cashier_balance" time="0.046" /><testcase classname="backend.tests.test_stress_multibranch.TestPhase6CashVerification" name="test_03_sampoli_cashier_balance" time="0.046" /><testcase classname="backend.tests.test_stress_multibranch.TestPhase7ARVerification" name="test_01_rosario_ar_balance" time="0.050" /><testcase classname="backend.tests.test_stress_multibranch.TestPhase7ARVerification" name="test_02_janmark_ar_balance" time="0.048" /><testcase classname="backend.tests.test_stress_multibranch.TestPhase7ARVerification" name="test_03_maria_ar_balance" time="0.053" /><testcase classname="backend.tests.test_stress_multibranch.TestPhase8Reports" name="test_01_low_stock_alert_main" time="0.054" /><testcase classname="backend.tests.test_stress_multibranch.TestPhase8Reports" name="test_02_low_stock_alert_ipil" time="0.056" /><testcase classname="backend.tests.test_stress_multibranch.TestPhase8Reports" name="test_03_supplier_payables_ipil" time="0.059" /><testcase classname="backend.tests.test_stress_multibranch.TestPhase8Reports" name="test_04_supplier_payables_main" time="0.050" /><testcase classname="backend.tests.test_stress_multibranch.TestPhase8Reports" name="test_05_daily_close_preview_main" time="0.050" /><testcase classname="backend.tests.test_stress_multibranch.TestPhase8Reports" name="test_06_daily_close_preview_ipil" time="0.113" /><testcase classname="backend.tests.test_stress_multibranch.TestPhase8Reports" name="test_07_daily_close_preview_sampoli" time="0.056" /><testcase classname="backend.tests.test_stress_multibranch.TestPhase8Reports" name="test_08_daily_log_main" time="0.054" /><testcase classname="backend.tests.test_stress_multibranch.TestPhase8Reports" name="test_09_daily_report_main" time="0.057" /><testcase classname="backend.tests.test_stress_multibranch.TestPhase8Reports" name="test_10_manager_pin_verification" time="0.061" /><testcase classname="backend.tests.test_stress_multibranch.TestPhase9DataIntegrity" name="test_01_transaction_summary" time="0.000" /><testcase classname="backend.tests.test_stress_multibranch.TestPhase9DataIntegrity" name="test_02_verify_rosario_invoices" time="0.053" /><testcase classname="backend.tests.test_stress_multibranch.TestPhase9DataIntegrity" name="test_03_verify_ipil_po_payment_status" time="0.050" /><testcase classname="backend.tests.test_stress_multibranch.TestPhase9DataIntegrity" name="test_04_verify_platinum_repack_exists" time="0.047" /><testcase classname="backend.tests.test_stress_multibranch.TestPhase9DataIntegrity" name="test_05_check_daily_close_status_main" time="0.051" /><testcase classname="backend.tests.test_stress_multibranch.TestPhase9DataIntegrity" name="test_06_verify_fund_wallet_movements" time="0.049" /><testcase classname="backend.tests.test_stress_multibranch.TestPhase9DataIntegrity" name="test_07_summary_state" time="0.000" /></testsuite></testsuites>